[06/25/2023 14:41:06]:           __             _       
[06/25/2023 14:41:06]:   _ __   / /  ___   __ _(_)_ __  
[06/25/2023 14:41:06]:  | '_ \ / /  / _ \ / _` | | '_ \ 
[06/25/2023 14:41:06]:  | | | / /__| (_) | (_| | | | | |
[06/25/2023 14:41:06]:  |_| |_\____/\___/ \__, |_|_| |_|
[06/25/2023 14:41:06]:                   |___/            
[06/25/2023 14:41:06]:  By: www.nickuc.com - V 10.1.14
[06/25/2023 14:41:06]: 
[06/25/2023 14:41:06]: §3[nLogin] [DEBUG] Detecting hardware and software configurations...
[06/25/2023 14:41:06]: §3[nLogin] [DEBUG] All settings were loaded in 148 ms.
[06/25/2023 14:41:06]: §3[nLogin] [DEBUG] Loading the messages_en.yml message file...
[06/25/2023 14:41:06]: §3[nLogin] [DEBUG] All plugin messages were loaded in 65 ms (languageByClient=false).
[06/25/2023 14:41:06]: §3[nLogin] [DEBUG] All proxy settings were loaded in 2 ms.
[06/25/2023 14:41:06]: §3[nLogin] [DEBUG] Starting logger filter...
[06/25/2023 14:41:06]: §3[nLogin] [DEBUG] Loading database...
[06/25/2023 14:41:07]: [nLogin] nLogin was loaded in 1629ms.
[06/25/2023 14:42:36]: §4[nLogin] [ERROR] §cCould not download new version (code = 200, content length = 10287852)
[06/25/2023 14:43:06]: [nLogin] Could not install: download in progress...
[06/25/2023 14:43:06]: [nLogin] Successful plugin core shutdown (took 0.00s)
[06/25/2023 14:43:06]: [nLogin] 
[06/25/2023 14:43:06]: [nLogin] Shutting down nLogin V 10.1.14...
[06/25/2023 14:43:06]: [nLogin] 
[06/25/2023 14:43:06]: [nLogin] nLogin was unloaded in 10ms.
