[06/25/2023 14:45:32]:           __             _       
[06/25/2023 14:45:32]:   _ __   / /  ___   __ _(_)_ __  
[06/25/2023 14:45:32]:  | '_ \ / /  / _ \ / _` | | '_ \ 
[06/25/2023 14:45:32]:  | | | / /__| (_) | (_| | | | | |
[06/25/2023 14:45:32]:  |_| |_\____/\___/ \__, |_|_| |_|
[06/25/2023 14:45:32]:                   |___/            
[06/25/2023 14:45:32]:  By: www.nickuc.com - V 10.1.14
[06/25/2023 14:45:32]: 
[06/25/2023 14:45:32]: §3[nLogin] [DEBUG] Detecting hardware and software configurations...
[06/25/2023 14:45:32]: §3[nLogin] [DEBUG] All settings were loaded in 163 ms.
[06/25/2023 14:45:33]: §3[nLogin] [DEBUG] Loading the messages_en.yml message file...
[06/25/2023 14:45:33]: §3[nLogin] [DEBUG] All plugin messages were loaded in 64 ms (languageByClient=false).
[06/25/2023 14:45:33]: §3[nLogin] [DEBUG] All proxy settings were loaded in 2 ms.
[06/25/2023 14:45:33]: §3[nLogin] [DEBUG] Starting logger filter...
[06/25/2023 14:45:33]: §3[nLogin] [DEBUG] Loading database...
[06/25/2023 14:45:33]: [nLogin] nLogin was loaded in 1427ms.
[06/25/2023 14:46:44]: [nLogin] Download finished (took 33793ms, hash = 4efd495aa3fbeb1b6a8f2d758d6ecd5aaf97de1506d00ac3462e5f7bb875dee8)
[06/25/2023 14:46:55]: [nLogin] nLogin update was successfully completed. (v10.1.14 8b4c6a => v10.1.16 3e6488)
[06/25/2023 14:46:55]: [nLogin] Successful plugin core shutdown (took 0.87s)
[06/25/2023 14:46:55]: [nLogin] 
[06/25/2023 14:46:55]: [nLogin] Shutting down nLogin V 10.1.14...
[06/25/2023 14:46:55]: [nLogin] 
[06/25/2023 14:46:55]: [nLogin] nLogin was unloaded in 9ms.
