[05/17/2023 13:36:35]:           __             _       
[05/17/2023 13:36:35]:   _ __   / /  ___   __ _(_)_ __  
[05/17/2023 13:36:35]:  | '_ \ / /  / _ \ / _` | | '_ \ 
[05/17/2023 13:36:35]:  | | | / /__| (_) | (_| | | | | |
[05/17/2023 13:36:35]:  |_| |_\____/\___/ \__, |_|_| |_|
[05/17/2023 13:36:35]:                   |___/            
[05/17/2023 13:36:35]:  By: www.nickuc.com - V 10.1.14
[05/17/2023 13:36:35]: 
[05/17/2023 13:36:35]: §3[nLogin] [DEBUG] Detecting hardware and software configurations...
[05/17/2023 13:36:36]: §3[nLogin] [DEBUG] All settings were loaded in 191 ms.
[05/17/2023 13:36:36]: §3[nLogin] [DEBUG] Loading the messages_en.yml message file...
[05/17/2023 13:36:36]: §3[nLogin] [DEBUG] All plugin messages were loaded in 91 ms (languageByClient=false).
[05/17/2023 13:36:36]: §3[nLogin] [DEBUG] All proxy settings were loaded in 4 ms.
[05/17/2023 13:36:36]: §3[nLogin] [DEBUG] Starting logger filter...
[05/17/2023 13:36:36]: §3[nLogin] [DEBUG] Loading database...
[05/17/2023 13:36:37]: [nLogin] nLogin was loaded in 2236ms.
[05/17/2023 13:44:50]: [nLogin] Successful plugin core shutdown (took 0.00s)
[05/17/2023 13:44:50]: [nLogin] 
[05/17/2023 13:44:50]: [nLogin] Shutting down nLogin V 10.1.14...
[05/17/2023 13:44:50]: [nLogin] 
[05/17/2023 13:44:50]: [nLogin] nLogin was unloaded in 14ms.
