10:57 Lancelot1_: da op
10:57 iTakinn   : ta bom? >:(
10:57 Lancelot1_: tá men
10:57 Lancelot1_: só mudar o lugar do spawn
10:57 iTakinn   : acha um eny
10:58 Lancelot1_: ali n ta bacana é uma parte meio feia do mapa
10:58 iTakinn   : vou botar um shaders
10:58 iTakinn   : aqui?
10:58 Lancelot1_: ótimo
10:58 iTakinn   : ta
10:58 Lancelot1_: coloco os npc nas casinhas dps
10:59 iTakinn   : logo logo seto
11:04 iTakinn   : simpleclans?
11:06 iTakinn   : /pm load 
11:06 iTakinn   : /pm list 
11:06 Lancelot1_: acho q sim
11:06 iTakinn   : /pm load nchat 
11:07 iTakinn   : nchat
11:07 iTakinn   : a
11:07 iTakinn   : foda
11:07 Lancelot1_: chat deixa o msm
11:07 Lancelot1_: que a gente usava ante
11:07 Lancelot1_: antes*
11:07 iTakinn   : /pm load economyshopgui 
11:07 iTakinn   : a
11:07 iTakinn   : foda
11:08 iTakinn   : vou usar nchat
11:08 Lancelot1_: pq?
11:08 iTakinn   : aqueles era muioto cagado
11:08 Lancelot1_: mais tinha as hex bonitinha
11:08 Lancelot1_: com os gradient
11:08 iTakinn   : cara
11:08 iTakinn   : nem lembro qual era kkkk
11:08 Lancelot1_: deve tar salvo no drive
11:09 Lancelot1_: em algum lugar
11:09 iTakinn   : nem
11:10 Lancelot1_: da uma olhada no q te mandei
11:12 iTakinn   : mo antigo esse
11:12 Lancelot1_: mais atualizado q isso n tenho
11:13 Lancelot1_: pingzinho gostoso
11:13 iTakinn   : reclama nao
11:13 Lancelot1_: o cara com a host
11:13 Lancelot1_: mais lag q eu
11:14 iTakinn   : repete
11:14 Lancelot1_: q prr
11:15 iTakinn   : grai
11:15 iTakinn   : a
11:15 Lancelot1_: n vou usar tag de ceo
11:16 iTakinn   : fds
11:16 Lancelot1_: ngm vai saber quem sou no game
11:16 Lancelot1_: quero me camuflar
11:16 iTakinn   : /pm reload nchat 
11:16 iTakinn   : /pm unload nchat 
11:16 iTakinn   : /pm load nchat 
11:16 iTakinn   : vou dar reload
11:18 iTakinn   : a
11:18 iTakinn   : kkkkkkkkkkkkkkkkkkkkkkkkkkkkkkkkkkkkkkkkkkkkkkkkkkkkkkkkkkkkkkkkkkkkkkkkkkkkkkkkkkkkkkkkkkkkkkkkkkkkkkkkk
11:18 Lancelot1_: qq tu fez?
11:18 Lancelot1_: ah
11:18 Lancelot1_: qq tu fez?
11:18 Lancelot1_: ah
11:19 iTakinn   : calma
11:19 iTakinn   : é do cmi
11:19 Lancelot1_: só tirar os parentes lá no lp q arruma
11:20 iTakinn   : ta vendo repetir nao?
11:20 iTakinn   : vou usar uchat
11:20 iTakinn   : é o uchat que usava
11:20 Lancelot1_: n ta repetindo
11:20 Lancelot1_: ah
11:20 Lancelot1_: ta sim
11:20 Lancelot1_: só desativa um
11:21 Lancelot1_: a
11:22 iTakinn   : facil
11:22 Lancelot1_: sim
11:22 Lancelot1_: na real n
11:23 iTakinn   : vou reiniciar rapidinho
11:26 iTakinn   : a
11:26 iTakinn   : a
11:26 iTakinn   : a
11:26 iTakinn   : a
11:26 iTakinn   : a
11:26 iTakinn   : a
11:26 iTakinn   : a
11:26 iTakinn   : a
11:26 iTakinn   : at
11:26 iTakinn   : ta
11:26 iTakinn   : a
11:26 iTakinn   : /g a 
11:26 iTakinn   : a
11:26 iTakinn   : a
11:26 iTakinn   : a
11:26 iTakinn   : a
11:26 iTakinn   : f
11:29 iTakinn   : a
11:29 iTakinn   : a
11:29 iTakinn   : a
11:29 iTakinn   : /pm reload cmi 
11:29 iTakinn   : a
11:30 iTakinn   : a
11:30 iTakinn   : a
11:30 iTakinn   : a
11:30 iTakinn   : a
11:34 iTakinn   : a
11:39 iTakinn   : a
11:39 iTakinn   : a
11:40 iTakinn   : a
11:40 iTakinn   : a
11:40 iTakinn   : a
11:40 iTakinn   : a
11:40 iTakinn   : a
11:40 iTakinn   : a
11:40 iTakinn   : a
11:40 iTakinn   : a
11:40 iTakinn   : a
11:40 iTakinn   : a
11:40 iTakinn   : a
11:40 iTakinn   : a
11:41 iTakinn   : a
11:41 iTakinn   : a
11:41 iTakinn   : a
11:41 iTakinn   : a
11:41 iTakinn   : a
11:41 iTakinn   : a
11:41 iTakinn   : a
11:41 iTakinn   : a
11:41 iTakinn   : a
11:41 iTakinn   : a
11:41 iTakinn   : a
11:41 iTakinn   : a
11:41 iTakinn   : a
11:51 iTakinn   : a
11:51 iTakinn   : a
11:51 iTakinn   : a
11:51 iTakinn   : a
11:51 iTakinn   : a
11:51 iTakinn   : a
11:51 iTakinn   : a
11:51 iTakinn   : ta
11:51 iTakinn   : a
11:51 iTakinn   : a
11:51 iTakinn   : a
11:51 iTakinn   : a
11:51 iTakinn   : t
11:51 iTakinn   : t
11:51 iTakinn   : t
11:51 iTakinn   : t
11:51 iTakinn   : t
11:51 iTakinn   : tt
11:51 iTakinn   : t
11:51 iTakinn   : t
11:51 iTakinn   : t
11:51 iTakinn   : t
11:51 iTakinn   : t
11:52 iTakinn   : a
11:52 iTakinn   : a
11:52 iTakinn   : a
11:52 iTakinn   : a
11:52 iTakinn   : a
11:52 iTakinn   : a
11:52 iTakinn   : a
11:52 iTakinn   : a
11:52 iTakinn   : a
11:52 iTakinn   : a
11:53 iTakinn   : a
11:53 iTakinn   : a
11:53 iTakinn   : a
11:53 iTakinn   : a
11:53 iTakinn   : a
11:53 iTakinn   : a
11:53 iTakinn   : a
11:53 iTakinn   : a
11:53 iTakinn   : a
11:54 iTakinn   : a
11:54 iTakinn   : a
11:54 iTakinn   : a
11:54 iTakinn   : a
11:55 iTakinn   : q
11:55 iTakinn   : /g a 
11:55 iTakinn   : a
11:58 iTakinn   : /pm load simpleclans 
11:59 iTakinn   : /pm load simpleclans 
12:41 iTakinn   : /g caguei o tab 
12:41 iTakinn   : caguei o tab
12:41 Lancelot1_: to vendo
12:44 iTakinn   : ar
12:44 iTakinn   : ae
12:44 iTakinn   : coloquei empty, mas era yes
12:45 iTakinn   : oia
12:45 Lancelot1_: nice
12:45 iTakinn   : ta bom assim?
12:45 Lancelot1_: ta ótimo
12:47 iTakinn   : a
12:47 iTakinn   : arrumar o sc
12:48 iTakinn   : a
12:48 iTakinn   : ae
12:52 iTakinn   : ui
12:55 Lancelot1_: sendo sincero
12:55 Lancelot1_: n acho que a gente precise aprender a programar xd
12:55 Lancelot1_: tem plugin de tudo
12:56 Lancelot1_: vc está certo n precisamos inovar só lucrar e ter players
12:57 iTakinn   : ó
12:58 iTakinn   : /pm reload dynmap 
13:01 iTakinn   : ?
13:01 Lancelot1_: ?
13:04 iTakinn   : pare
13:04 Lancelot1_: ?
13:06 iTakinn   : renderizando o spawn
13:06 iTakinn   : no dynmap
13:07 Lancelot1_: pdc
13:07 iTakinn   : dps vou tirar o end do dynmap
13:07 iTakinn   : quer fazer o gradiente pra cada cargo?
13:08 Lancelot1_: yeah
13:08 iTakinn   : faz ae ent
13:16 iTakinn   : /pm load randomteleport 
18:26 iTakinn   : /pm load crazycrates 
19:33 iTakinn   : 19999999
19:33 iTakinn   : 1999999
19:33 iTakinn   : 1000000
19:34 iTakinn   : 1
19:44 iTakinn   : /pm load actionhouse 
19:44 iTakinn   : /pm load auctionhouse 
19:44 iTakinn   : /pm load blockparticles 
19:45 iTakinn   : /pm load holographicdisplays 
20:48 iTakinn   : /pm load chunky 
21:04 iTakinn   : a
21:04 iTakinn   : a
21:04 iTakinn   : a
21:04 iTakinn   : a
21:04 iTakinn   : ;g
21:04 iTakinn   : ww
21:04 iTakinn   : a
21:04 iTakinn   : a
