15:26 iTakinn   : a
15:26 iTakinn   : a
15:26 iTakinn   : a
15:26 iTakinn   : a
15:26 iTakinn   : a
15:26 iTakinn   : a
15:29 iTakinn   : a
15:29 iTakinn   : a
15:31 iTakinn   : a
15:31 iTakinn   : a
15:31 iTakinn   : a
15:31 iTakinn   : a
15:31 iTakinn   : a
15:31 iTakinn   : a
15:36 iTakinn   : a
15:36 iTakinn   : a
15:36 iTakinn   : a
15:37 iTakinn   : a
15:37 iTakinn   : a
15:37 iTakinn   : a
15:39 iTakinn   : a
15:39 iTakinn   : a
15:39 iTakinn   : a
15:39 iTakinn   : a
15:39 iTakinn   : a
15:40 iTakinn   : @hand
15:42 iTakinn   : /pm info UltimateChat 
15:53 iTakinn   : a
15:53 iTakinn   : a
15:53 iTakinn   : /g a 
15:53 iTakinn   : a
15:53 iTakinn   : a
15:53 iTakinn   : a
15:53 iTakinn   : a
15:53 iTakinn   : a
15:53 iTakinn   : a
15:53 iTakinn   : a
15:53 iTakinn   : a
15:54 iTakinn   : a
15:54 iTakinn   : a
15:54 iTakinn   : a
15:54 iTakinn   : a
15:54 iTakinn   : a
15:54 iTakinn   : a
15:54 iTakinn   : a
15:54 iTakinn   : a
15:54 iTakinn   : a
15:59 iTakinn   : a
16:13 iTakinn   : a
16:15 iTakinn   : a
16:15 iTakinn   : at
16:20 iTakinn   : a
16:21 iTakinn   : kkkk
16:21 iTakinn   : a
16:27 iTakinn   : a
16:27 iTakinn   : a
16:30 iTakinn   : e
16:33 iTakinn   : ue
16:33 iTakinn   : que doido
16:33 iTakinn   : nao entendo mais nada kk
16:34 iTakinn   : vc tava com a permissão de tag admin em você, pode ter sido isso. eu sou uma mula mesmo
16:34 iTakinn   : desculpa ai :(
16:34 iTakinn   : vou mudar de chat agr kkk
16:57 iTakinn   : a
16:57 iTakinn   : a
16:57 iTakinn   : a
16:57 iTakinn   : a
16:57 iTakinn   : a
16:57 iTakinn   : a
17:00 iTakinn   : a
17:00 iTakinn   : a
17:00 iTakinn   : a
17:00 iTakinn   : a
17:00 iTakinn   : a
17:01 iTakinn   : a
17:01 iTakinn   : a
17:01 iTakinn   : ;g a
17:01 iTakinn   : a
17:01 iTakinn   : a
17:01 iTakinn   : a
17:02 iTakinn   : a
17:02 iTakinn   : a
17:02 iTakinn   : a
17:02 iTakinn   : a
17:02 iTakinn   : a
17:02 iTakinn   : a
17:02 iTakinn   : a
17:03 iTakinn   : a
17:03 iTakinn   : a
17:03 iTakinn   : a
17:03 iTakinn   : a
17:04 iTakinn   : a
17:04 iTakinn   : a
17:04 iTakinn   : a
17:04 iTakinn   : a
17:05 iTakinn   : a
17:05 iTakinn   : a
17:05 iTakinn   : a
17:06 iTakinn   : a
17:06 iTakinn   : a
17:08 iTakinn   : /tell itakinn a 
