[09:28:26] [ITEM_SOLD]: ThiagoFearless VENDIDO 64x Coal Ore para Henrique02 por $1,000.00 em world
[09:28:28] [ITEM_SOLD]: ThiagoFearless VENDIDO 64x Coal Ore para Henrique02 por $1,000.00 em world
[09:30:29] [ITEM_LISTED]: Ikk4_Hl está VENDENDO 1x Damascus Steel Helmet [Protection V, Unbreaking V] por $150,000.00 em world
[09:32:32] [ITEM_CANCELLED]: Ikk4_Hl CANCELOU uma venda de 1x Damascus Steel Helmet [Protection V, Unbreaking V] por $150,000.00 em world
[09:32:32] [ITEM_RETURNED]: RETORNADO 1x Damascus Steel Helmet  [Protection V, Unbreaking V] para Ikk4_Hl em world
[09:36:18] [ITEM_LISTED]: Ikk4_Hl está VENDENDO 1x Damascus Steel Helmet [Protection V, Unbreaking V] por $13,000.00 em world
[09:36:24] [ITEM_SOLD]: Ikk4_Hl VENDIDO 1x Damascus Steel Helmet para  [Protection V, Unbreaking V]Henrique02 por $13,000.00 em world
[09:45:15] [ITEM_RETURNED]: RETORNADO 64x Iron Ingot  para NFT_Mix em world
[09:45:15] [ITEM_CANCELLED]: NFT_Mix CANCELOU uma venda de 64x Iron Ingot por $4,000.00 em world
[10:57:31] [ITEM_LISTED]: NFT_Mix está VENDENDO 1x Diamond por $1,000.00 em world
[11:19:27] [ITEM_LISTED]: EpicCraft117 está VENDENDO 64x Raw Copper Block por $5.00 em world
[11:19:29] [ITEM_LISTED]: EpicCraft117 está VENDENDO 21x Raw Copper Block por $5.00 em world
[11:19:31] [ITEM_LISTED]: EpicCraft117 está VENDENDO 64x Raw Copper Block por $5.00 em world
[11:19:57] [ITEM_SOLD]: EpicCraft117 VENDIDO 64x Raw Copper Block para andreyc3 por $5.00 em world
[11:20:08] [ITEM_SOLD]: EpicCraft117 VENDIDO 64x Raw Copper Block para andreyc3 por $5.00 em world
[14:45:57] [ITEM_LISTED]: Styxx0 está VENDENDO 1x Enderman Head por $1,000.00 em spawn
[18:04:33] [ITEM_LISTED]: LehDoka está VENDENDO 1x Enchanted Book por $2,000.00 em world
[18:05:36] [ITEM_SOLD]: LehDoka VENDIDO 1x Enchanted Book para Flocodenevee por $2,000.00 em world
[18:05:58] [ITEM_LISTED]: LehDoka está VENDENDO 1x Enchanted Book por $2,000.00 em world
[18:06:10] [ITEM_LISTED]: LehDoka está VENDENDO 1x Enchanted Book por $2,000.00 em world
[18:06:19] [ITEM_SOLD]: Karma4046 VENDIDO 1x Lucky Leggings para  [Blast Protection V, unknown, Mending, Projectile Protection X, Protection X, Thorns X, Unbreaking III]Flocodenevee por $90,000.00 em world
[18:06:32] [ITEM_RETURNED]: RETORNADO 18x Wither Skeleton Skull  para LehDoka em world
[18:06:32] [ITEM_CANCELLED]: LehDoka CANCELOU uma venda de 18x Wither Skeleton Skull por $17,000.00 em world
[18:06:33] [ITEM_CANCELLED]: LehDoka CANCELOU uma venda de 1x Netherite Leggings [Mending, Protection VI, Unbreaking V] por $20,000.00 em spawn
[18:06:33] [ITEM_RETURNED]: RETORNADO 1x Netherite Leggings  [Mending, Protection VI, Unbreaking V] para LehDoka em spawn
[18:06:34] [ITEM_CANCELLED]: LehDoka CANCELOU uma venda de 1x Netherite Chestplate [Mending, Protection VI, Unbreaking V] por $20,000.00 em world
[18:06:34] [ITEM_RETURNED]: RETORNADO 1x Netherite Chestplate  [Mending, Protection VI, Unbreaking V] para LehDoka em world
[18:06:43] [ITEM_LISTED]: LehDoka está VENDENDO 1x Enchanted Book por $2,000.00 em world
[18:06:54] [ITEM_SOLD]: LehDoka VENDIDO 1x Enchanted Book para Flocodenevee por $2,000.00 em world
[18:06:56] [ITEM_SOLD]: LehDoka VENDIDO 1x Enchanted Book para Flocodenevee por $2,000.00 em world
[18:06:57] [ITEM_SOLD]: LehDoka VENDIDO 1x Enchanted Book para Flocodenevee por $2,000.00 em world
[18:12:54] [ITEM_LISTED]: LehDoka está VENDENDO 1x Enchanted Book por $2,000.00 em world
[18:12:59] [ITEM_SOLD]: LehDoka VENDIDO 1x Enchanted Book para Flocodenevee por $2,000.00 em world
[18:13:06] [ITEM_LISTED]: LehDoka está VENDENDO 1x Enchanted Book por $2,000.00 em world
[18:13:11] [ITEM_SOLD]: LehDoka VENDIDO 1x Enchanted Book para NFT_Mix por $2,000.00 em world
[18:13:19] [ITEM_LISTED]: LehDoka está VENDENDO 1x Enchanted Book por $2,000.00 em world
[18:13:22] [ITEM_SOLD]: LehDoka VENDIDO 1x Enchanted Book para Flocodenevee por $2,000.00 em world
[18:13:32] [ITEM_LISTED]: LehDoka está VENDENDO 1x Enchanted Book por $2,000.00 em world
[18:13:35] [ITEM_SOLD]: LehDoka VENDIDO 1x Enchanted Book para Flocodenevee por $2,000.00 em world
[19:04:26] [ITEM_SOLD]: NFT_Mix VENDIDO 64x Coal para Henrique02 por $600.00 em world
[19:04:28] [ITEM_SOLD]: DeadSkyZ_ VENDIDO 64x Coal para Henrique02 por $550.00 em world
[19:04:31] [ITEM_SOLD]: ThiagoFearless VENDIDO 64x Coal Ore para Henrique02 por $1,000.00 em world
[19:04:32] [ITEM_SOLD]: ThiagoFearless VENDIDO 64x Coal Ore para Henrique02 por $1,000.00 em world
