[00:12:36] [ITEM_LISTED]: Karma4046 está VENDENDO 1x Elytra [Unbreaking III] por $5,000.00 em spawn
[00:12:59] [ITEM_RETURNED]: RETORNADO 1x Mob Spawner (Blaze)  para Karma4046 em world
[00:12:59] [ITEM_CANCELLED]: Karma4046 CANCELOU uma venda de 1x Skeleton Spawner por $20,000.00 em world
[00:12:59] [ITEM_CANCELLED]: Karma4046 CANCELOU uma venda de 1x Mob Spawner (Blaze) por $20,000.00 em world
[00:12:59] [ITEM_CANCELLED]: Karma4046 CANCELOU uma venda de 1x Elytra [Unbreaking III] por $5,000.00 em spawn
[00:12:59] [ITEM_RETURNED]: RETORNADO 1x Elytra  [Unbreaking III] para Karma4046 em spawn
[00:12:59] [ITEM_RETURNED]: RETORNADO 1x Skeleton Spawner  para Karma4046 em world
[00:13:09] [ITEM_LISTED]: Karma4046 está VENDENDO 1x Elytra [Mending II, Unbreaking V] por $10,000.00 em world
[00:13:23] [ITEM_LISTED]: Karma4046 está VENDENDO 1x Mob Spawner (Blaze) por $30,000.00 em world
[00:13:28] [ITEM_LISTED]: Karma4046 está VENDENDO 1x Skeleton Spawner por $30,000.00 em world
[00:24:20] [ITEM_LISTED]: Karma4046 está VENDENDO 1x Enchanted Book por $15,000.00 em world
[00:41:39] [ITEM_RETURNED]: RETORNADO 1x Skeleton Spawner  para Karma4046 em world
[00:41:39] [ITEM_CANCELLED]: Karma4046 CANCELOU uma venda de 1x Mob Spawner (Blaze) por $30,000.00 em world
[00:41:39] [ITEM_RETURNED]: RETORNADO 1x Mob Spawner (Blaze)  para Karma4046 em world
[00:41:39] [ITEM_CANCELLED]: Karma4046 CANCELOU uma venda de 1x Skeleton Spawner por $30,000.00 em world
[00:41:39] [ITEM_RETURNED]: RETORNADO 1x Elytra  [Mending II, Unbreaking V] para Karma4046 em world
[00:41:39] [ITEM_RETURNED]: RETORNADO 1x Enchanted Book  para Karma4046 em world
[00:41:39] [ITEM_CANCELLED]: Karma4046 CANCELOU uma venda de 1x Elytra [Mending II, Unbreaking V] por $10,000.00 em world
[00:41:39] [ITEM_CANCELLED]: Karma4046 CANCELOU uma venda de 1x Enchanted Book por $15,000.00 em world
[00:42:01] [ITEM_LISTED]: Karma4046 está VENDENDO 1x Elytra [Mending II, Unbreaking V] por $20,000.00 em world
[00:42:16] [ITEM_LISTED]: Karma4046 está VENDENDO 1x Skeleton Spawner por $30,000.00 em world
[00:53:54] [ITEM_SOLD]: Styxx0 VENDIDO 1x Wither Skeleton Skull para Karma4046 por $500.00 em world
[12:50:50] [ITEM_LISTED]: Karma4046 está VENDENDO 5x Nether Star por $50,000.00 em world
[12:51:39] [ITEM_LISTED]: EpicCraft117 está VENDENDO 1x Netherite Sword [Bane of Arthropods IV, unknown, Fire Aspect V, unknown, Knockback II, Looting X, Mending, Sharpness X, Sweeping Edge III, Unbreaking X] por $1,000,000.00 em world
[12:52:04] [ITEM_RETURNED]: RETORNADO 1x Netherite Sword  [Bane of Arthropods IV, unknown, Fire Aspect V, unknown, Knockback II, Looting X, Mending, Sharpness X, Sweeping Edge III, Unbreaking X] para EpicCraft117 em world
[12:52:04] [ITEM_CANCELLED]: EpicCraft117 CANCELOU uma venda de 1x Netherite Sword [Bane of Arthropods IV, unknown, Fire Aspect V, unknown, Knockback II, Looting X, Mending, Sharpness X, Sweeping Edge III, Unbreaking X] por $1,000,000.00 em world
[12:53:28] [ITEM_RETURNED]: RETORNADO 5x Nether Star  para Karma4046 em world
[12:53:28] [ITEM_RETURNED]: RETORNADO 1x Elytra  [Mending II, Unbreaking V] para Karma4046 em world
[12:53:28] [ITEM_CANCELLED]: Karma4046 CANCELOU uma venda de 5x Nether Star por $50,000.00 em world
[12:53:28] [ITEM_RETURNED]: RETORNADO 1x Skeleton Spawner  para Karma4046 em world
[12:53:28] [ITEM_CANCELLED]: Karma4046 CANCELOU uma venda de 1x Skeleton Spawner por $30,000.00 em world
[12:53:28] [ITEM_CANCELLED]: Karma4046 CANCELOU uma venda de 1x Elytra [Mending II, Unbreaking V] por $20,000.00 em world
[13:20:08] [ITEM_LISTED]: Karma4046 está VENDENDO 1x Enchanted Book por $4,000.00 em world
[13:20:44] [ITEM_SOLD]: Karma4046 VENDIDO 1x Enchanted Book para fofaluafofa por $4,000.00 em world
[13:21:36] [ITEM_LISTED]: Karma4046 está VENDENDO 1x Lucky Helmet [Blast Protection V, Projectile Protection X, Protection X, Thorns X, Unbreaking X] por $50,000.00 em world
[13:22:06] [ITEM_RETURNED]: RETORNADO 1x Lucky Helmet  [Blast Protection V, Projectile Protection X, Protection X, Thorns X, Unbreaking X] para Karma4046 em world
[13:22:06] [ITEM_CANCELLED]: Karma4046 CANCELOU uma venda de 1x Lucky Helmet [Blast Protection V, Projectile Protection X, Protection X, Thorns X, Unbreaking X] por $50,000.00 em world
[13:34:17] [ITEM_LISTED]: lasaha está VENDENDO 1x Nether Star por $2,000.00 em world
[13:34:22] [ITEM_RETURNED]: RETORNADO 1x Nether Star  para lasaha em world
[13:34:23] [ITEM_CANCELLED]: lasaha CANCELOU uma venda de 1x Nether Star por $2,000.00 em world
[13:34:41] [ITEM_LISTED]: fofaluafofa está VENDENDO 64x Carbon por $20,000.00 em world
[13:34:50] [ITEM_LISTED]: lasaha está VENDENDO 1x Nether Star por $5,000.00 em world
[13:35:07] [ITEM_LISTED]: Karma4046 está VENDENDO 4x Nether Star por $20,000.00 em world_nether
[13:35:37] [ITEM_LISTED]: fofaluafofa está VENDENDO 1x Wooden Shovel por $2.00 em world
[13:35:51] [ITEM_SOLD]: fofaluafofa VENDIDO 1x Wooden Shovel para lasaha por $2.00 em world
[13:36:14] [ITEM_LISTED]: fofaluafofa está VENDENDO 1x Porkchop por $200.00 em world
[13:36:59] [ITEM_LISTED]: Karma4046 está VENDENDO 1x Golden Boots [Frost Walker II] por $5,000.00 em world_nether
[13:37:24] [ITEM_CANCELLED]: fofaluafofa CANCELOU uma venda de 64x Carbon por $20,000.00 em world
[13:37:24] [ITEM_RETURNED]: RETORNADO 1x Porkchop  para fofaluafofa em world
[13:37:24] [ITEM_RETURNED]: RETORNADO 64x Carbon  para fofaluafofa em world
[13:37:24] [ITEM_CANCELLED]: fofaluafofa CANCELOU uma venda de 1x Porkchop por $200.00 em world
[13:38:10] [ITEM_LISTED]: fofaluafofa está VENDENDO 64x Carbon por $20,000.00 em world
[13:38:30] [ITEM_LISTED]: fofaluafofa está VENDENDO 48x Electric Motor por $15,000.00 em world
[13:38:59] [ITEM_LISTED]: fofaluafofa está VENDENDO 9x Apple por $20.00 em world
[13:39:35] [ITEM_SOLD]: fofaluafofa VENDIDO 9x Apple para LehDoka por $20.00 em world
[14:00:45] [ITEM_LISTED]: lasaha está VENDENDO 1x Chave Avancada [unknown] por $5,000.00 em world
[14:01:08] [ITEM_CANCELLED]: lasaha CANCELOU uma venda de 1x Chave Avancada [unknown] por $5,000.00 em world
[14:01:08] [ITEM_RETURNED]: RETORNADO 1x Chave Avancada  [unknown] para lasaha em world
[17:20:44] [ITEM_LISTED]: Karma4046 está VENDENDO 1x Netherite Boots [Mending, Protection VI, Unbreaking V] por $40,000.00 em world
[20:05:18] [ITEM_RETURNED]: RETORNADO 4x Nether Star  para Karma4046 em world_nether
[20:05:18] [ITEM_CANCELLED]: Karma4046 CANCELOU uma venda de 4x Nether Star por $20,000.00 em world_nether
[20:05:18] [ITEM_CANCELLED]: Karma4046 CANCELOU uma venda de 1x Netherite Boots [Mending, Protection VI, Unbreaking V] por $40,000.00 em world
[20:05:18] [ITEM_RETURNED]: RETORNADO 1x Golden Boots  [Frost Walker II] para Karma4046 em world_nether
[20:05:18] [ITEM_CANCELLED]: Karma4046 CANCELOU uma venda de 1x Golden Boots [Frost Walker II] por $5,000.00 em world_nether
[20:05:18] [ITEM_RETURNED]: RETORNADO 1x Netherite Boots  [Mending, Protection VI, Unbreaking V] para Karma4046 em world
[20:05:31] [ITEM_LISTED]: Karma4046 está VENDENDO 1x Nether Star por $4,000.00 em world
[20:55:40] [ITEM_LISTED]: BababoiCAVALO está VENDENDO 2x Netherite Block por $10,000.00 em world
[23:41:30] [ITEM_LISTED]: fofaluafofa está VENDENDO 1x Diamond Chestplate por $1,000.00 em world
