[12:20:28] [ITEM_LISTED]: Karma4046 está VENDENDO 1x Lucky Leggings [Blast Protection V, Projectile Protection X, Protection X, Thorns X, Unbreaking X] por $70,000.00 em world
[12:34:44] [ITEM_SOLD]: Karma4046 VENDIDO 1x Lucky Leggings para  [Blast Protection V, Projectile Protection X, Protection X, Thorns X, Unbreaking X]micar2018 por $70,000.00 em world
[12:53:40] [ITEM_LISTED]: LehDoka está VENDENDO 32x Cargo Node (Connector) por $5,000.00 em world
[12:53:48] [ITEM_SOLD]: LehDoka VENDIDO 32x Cargo Node (Connector) para Karma4046 por $5,000.00 em world
[12:55:04] [ITEM_LISTED]: NFT_Mix está VENDENDO 64x Iron Ingot por $4,000.00 em world
[13:04:42] [ITEM_LISTED]: LehDoka está VENDENDO 1x Netherite Ingot por $20,000.00 em world
[13:05:33] [ITEM_LISTED]: LehDoka está VENDENDO 1x Elytra [Mending II, Unbreaking V] por $30,000.00 em world
[13:20:51] [ITEM_LISTED]: LehDoka está VENDENDO 64x Bastnaesite Chunk por $7,000.00 em world
[13:21:05] [ITEM_LISTED]: LehDoka está VENDENDO 64x Chromite Chunk por $7,000.00 em world
[13:25:08] [ITEM_LISTED]: LehDoka está VENDENDO 20x Chromite Chunk por $3,000.00 em world
[13:26:04] [ITEM_LISTED]: BanProPlay está VENDENDO 2x Blaze Head por $5,000.00 em world
[13:27:24] [ITEM_LISTED]: NFT_Mix está VENDENDO 8x Wither Skeleton Skull por $50,000.00 em world
[13:27:56] [ITEM_RETURNED]: RETORNADO 8x Wither Skeleton Skull  para NFT_Mix em world
[13:27:56] [ITEM_CANCELLED]: NFT_Mix CANCELOU uma venda de 8x Wither Skeleton Skull por $50,000.00 em world
[13:28:02] [ITEM_LISTED]: NFT_Mix está VENDENDO 8x Wither Skeleton Skull por $1,000.00 em world
[13:28:12] [ITEM_RETURNED]: RETORNADO 8x Wither Skeleton Skull  para NFT_Mix em world
[13:28:12] [ITEM_CANCELLED]: NFT_Mix CANCELOU uma venda de 8x Wither Skeleton Skull por $1,000.00 em world
[13:28:22] [ITEM_LISTED]: NFT_Mix está VENDENDO 8x Wither Skeleton Skull por $10,000.00 em world
[13:28:24] [ITEM_SOLD]: NFT_Mix VENDIDO 8x Wither Skeleton Skull para Karma4046 por $10,000.00 em world
[13:30:57] [ITEM_SOLD]: BruceForc VENDIDO 64x Smooth Quartz para LehDoka por $1,000.00 em world
[13:34:09] [ITEM_LISTED]: NFT_Mix está VENDENDO 7x Wither Skeleton Skull por $8,000.00 em world
[13:34:34] [ITEM_SOLD]: NFT_Mix VENDIDO 7x Wither Skeleton Skull para Karma4046 por $8,000.00 em world
[13:34:47] [ITEM_LISTED]: NFT_Mix está VENDENDO 1x Wither Skeleton Skull por $0.00 em world
[13:34:50] [ITEM_SOLD]: NFT_Mix VENDIDO 1x Wither Skeleton Skull para Karma4046 por $0.00 em world
[13:38:55] [ITEM_LISTED]: NFT_Mix está VENDENDO 4x Wither Skeleton Skull por $4,000.00 em world
[13:39:01] [ITEM_SOLD]: NFT_Mix VENDIDO 4x Wither Skeleton Skull para Karma4046 por $4,000.00 em world
[13:46:14] [ITEM_LISTED]: NFT_Mix está VENDENDO 1x Netherite Sword [unknown, Fire Aspect II, Looting III, Sweeping Edge III] por $10,000.00 em world
[13:46:24] [ITEM_CANCELLED]: NFT_Mix CANCELOU uma venda de 1x Netherite Sword [unknown, Fire Aspect II, Looting III, Sweeping Edge III] por $10,000.00 em world
[13:46:24] [ITEM_RETURNED]: RETORNADO 1x Netherite Sword  [unknown, Fire Aspect II, Looting III, Sweeping Edge III] para NFT_Mix em world
[13:46:39] [ITEM_LISTED]: NFT_Mix está VENDENDO 10x Wither Skeleton Skull por $10,000.00 em world
[13:46:43] [ITEM_SOLD]: NFT_Mix VENDIDO 10x Wither Skeleton Skull para Karma4046 por $10,000.00 em world
[13:46:53] [ITEM_RETURNED]: RETORNADO 20x Chromite Chunk  para LehDoka em world
[13:46:53] [ITEM_CANCELLED]: LehDoka CANCELOU uma venda de 20x Chromite Chunk por $3,000.00 em world
[13:46:53] [ITEM_CANCELLED]: LehDoka CANCELOU uma venda de 64x Chromite Chunk por $7,000.00 em world
[13:46:53] [ITEM_RETURNED]: RETORNADO 64x Chromite Chunk  para LehDoka em world
[13:46:54] [ITEM_RETURNED]: RETORNADO 64x Bastnaesite Chunk  para LehDoka em world
[13:46:54] [ITEM_CANCELLED]: LehDoka CANCELOU uma venda de 64x Bastnaesite Chunk por $7,000.00 em world
[13:47:18] [ITEM_LISTED]: LehDoka está VENDENDO 1x Wither Skeleton Skull por $1,000.00 em world
[13:47:26] [ITEM_SOLD]: LehDoka VENDIDO 1x Wither Skeleton Skull para Karma4046 por $1,000.00 em world
[13:49:36] [ITEM_LISTED]: NFT_Mix está VENDENDO 7x Wither Skeleton Skull por $7,000.00 em world
[13:49:38] [ITEM_SOLD]: NFT_Mix VENDIDO 7x Wither Skeleton Skull para Karma4046 por $7,000.00 em world
[13:50:57] [ITEM_LISTED]: NFT_Mix está VENDENDO 64x Coal por $600.00 em world
[13:52:25] [ITEM_LISTED]: NFT_Mix está VENDENDO 6x Wither Skeleton Skull por $6,000.00 em world
[13:52:29] [ITEM_SOLD]: NFT_Mix VENDIDO 6x Wither Skeleton Skull para Karma4046 por $6,000.00 em world
[13:54:59] [ITEM_LISTED]: NFT_Mix está VENDENDO 5x Wither Skeleton Skull por $5,000.00 em world
[13:55:12] [ITEM_SOLD]: NFT_Mix VENDIDO 5x Wither Skeleton Skull para Karma4046 por $5,000.00 em world
[14:00:58] [ITEM_LISTED]: NFT_Mix está VENDENDO 1x Netherite Chestplate [Mending, Protection IV, Unbreaking III] por $50,000.00 em world_the_end
[14:02:31] [ITEM_LISTED]: LehDoka está VENDENDO 5x Wither Skeleton Skull por $5,000.00 em world
[14:07:09] [ITEM_LISTED]: LehDoka está VENDENDO 5x Wither Skeleton Skull por $5,000.00 em world
[14:07:10] [ITEM_RETURNED]: RETORNADO 2x Blaze Head  para BanProPlay em world
[14:07:10] [ITEM_CANCELLED]: BanProPlay CANCELOU uma venda de 2x Blaze Head por $5,000.00 em world
[14:07:15] [ITEM_SOLD]: LehDoka VENDIDO 5x Wither Skeleton Skull para Karma4046 por $5,000.00 em world
[14:07:19] [ITEM_SOLD]: LehDoka VENDIDO 5x Wither Skeleton Skull para Karma4046 por $5,000.00 em world
[14:07:23] [ITEM_LISTED]: BanProPlay está VENDENDO 5x Blaze Head por $5.00 em world
[14:08:11] [ITEM_LISTED]: NFT_Mix está VENDENDO 4x Wither Skeleton Skull por $4,000.00 em world
[14:08:17] [ITEM_SOLD]: NFT_Mix VENDIDO 4x Wither Skeleton Skull para Karma4046 por $4,000.00 em world
[14:10:25] [ITEM_LISTED]: NFT_Mix está VENDENDO 6x Wither Skeleton Skull por $6,000.00 em world
[14:15:31] [ITEM_LISTED]: NFT_Mix está VENDENDO 7x Wither Skeleton Skull por $7,000.00 em world
[14:19:27] [ITEM_CANCELLED]: BanProPlay CANCELOU uma venda de 5x Blaze Head por $5.00 em world
[14:19:27] [ITEM_RETURNED]: RETORNADO 5x Blaze Head  para BanProPlay em world
[14:33:18] [ITEM_SOLD]: NFT_Mix VENDIDO 6x Wither Skeleton Skull para Karma4046 por $6,000.00 em world
[14:33:19] [ITEM_SOLD]: NFT_Mix VENDIDO 7x Wither Skeleton Skull para Karma4046 por $7,000.00 em world
[14:56:02] [ITEM_LISTED]: DeadSkyZ_ está VENDENDO 64x Coal por $550.00 em world
[17:10:55] [ITEM_LISTED]: Karma4046 está VENDENDO 1x Lucky Boots [Blast Protection V, Projectile Protection X, Protection X, Thorns X, Unbreaking X] por $50,000.00 em world
[17:11:04] [ITEM_RETURNED]: RETORNADO 1x Lucky Boots  [Blast Protection V, Projectile Protection X, Protection X, Thorns X, Unbreaking X] para Karma4046 em world
[17:11:04] [ITEM_CANCELLED]: Karma4046 CANCELOU uma venda de 1x Lucky Boots [Blast Protection V, Projectile Protection X, Protection X, Thorns X, Unbreaking X] por $50,000.00 em world
[17:11:23] [ITEM_LISTED]: Karma4046 está VENDENDO 1x Lucky Boots [Blast Protection V, Projectile Protection X, Protection X, Thorns X, Unbreaking X] por $50,000.00 em world
[17:11:36] [ITEM_SOLD]: Karma4046 VENDIDO 1x Lucky Boots para  [Blast Protection V, Projectile Protection X, Protection X, Thorns X, Unbreaking X]NFT_Mix por $50,000.00 em world
[17:12:09] [ITEM_LISTED]: Karma4046 está VENDENDO 1x Lucky Chestplate [Blast Protection V, Projectile Protection X, Protection X, Thorns X, Unbreaking X] por $50,000.00 em world
[17:12:25] [ITEM_CANCELLED]: Karma4046 CANCELOU uma venda de 1x Lucky Chestplate [Blast Protection V, Projectile Protection X, Protection X, Thorns X, Unbreaking X] por $50,000.00 em world
[17:12:25] [ITEM_RETURNED]: RETORNADO 1x Lucky Chestplate  [Blast Protection V, Projectile Protection X, Protection X, Thorns X, Unbreaking X] para Karma4046 em world
[17:12:39] [ITEM_LISTED]: Karma4046 está VENDENDO 1x Lucky Helmet [Blast Protection V, Projectile Protection X, Protection X, Thorns X, Unbreaking X] por $50,000.00 em world
[17:13:06] [ITEM_SOLD]: Karma4046 VENDIDO 1x Lucky Helmet para  [Blast Protection V, Projectile Protection X, Protection X, Thorns X, Unbreaking X]NFT_Mix por $50,000.00 em world
[17:25:53] [ITEM_LISTED]: Karma4046 está VENDENDO 1x Wither Head por $10,000.00 em world_the_end
[17:25:57] [ITEM_SOLD]: Karma4046 VENDIDO 1x Wither Head para NFT_Mix por $10,000.00 em world_the_end
[19:06:59] [ITEM_LISTED]: Karma4046 está VENDENDO 1x Lucky Chestplate [Blast Protection V, Projectile Protection X, Protection X, Thorns X, Unbreaking X] por $46,000.00 em world
[19:07:05] [ITEM_SOLD]: Karma4046 VENDIDO 1x Lucky Chestplate para  [Blast Protection V, Projectile Protection X, Protection X, Thorns X, Unbreaking X]LehDoka por $46,000.00 em world
[19:08:45] [ITEM_LISTED]: LehDoka está VENDENDO 1x Netherite Chestplate [Mending, Protection VI, Unbreaking V] por $20,000.00 em world
[19:19:08] [ITEM_LISTED]: LehDoka está VENDENDO 1x Netherite Leggings [Mending, Protection VI, Unbreaking V] por $20,000.00 em spawn
[19:22:14] [ITEM_LISTED]: DeadSkyZ_ está VENDENDO 51x Wither Skeleton Skull por $15,000.00 em world
[19:22:26] [ITEM_SOLD]: DeadSkyZ_ VENDIDO 51x Wither Skeleton Skull para Karma4046 por $15,000.00 em world
[19:23:30] [ITEM_LISTED]: Styxx0 está VENDENDO 1x Netherite Block por $20,000.00 em world
[19:24:18] [ITEM_LISTED]: EpicCraft117 está VENDENDO 64x Emerald por $10,000.00 em world
[19:24:22] [ITEM_LISTED]: EpicCraft117 está VENDENDO 64x Emerald por $5,000.00 em world
[19:24:24] [ITEM_LISTED]: EpicCraft117 está VENDENDO 64x Emerald por $5,000.00 em world
[19:24:25] [ITEM_LISTED]: EpicCraft117 está VENDENDO 64x Emerald por $5,000.00 em world
[19:24:27] [ITEM_LISTED]: EpicCraft117 está VENDENDO 64x Emerald por $5,000.00 em world
[19:24:31] [ITEM_LISTED]: EpicCraft117 está VENDENDO 64x Emerald por $5,000.00 em world
[19:40:00] [ITEM_SOLD]: EpicCraft117 VENDIDO 64x Emerald para NFT_Mix por $5,000.00 em world
[19:40:02] [ITEM_SOLD]: EpicCraft117 VENDIDO 64x Emerald para NFT_Mix por $5,000.00 em world
[19:40:04] [ITEM_SOLD]: EpicCraft117 VENDIDO 64x Emerald para NFT_Mix por $5,000.00 em world
[19:40:05] [ITEM_SOLD]: EpicCraft117 VENDIDO 64x Emerald para NFT_Mix por $5,000.00 em world
[19:40:31] [ITEM_LISTED]: Karma4046 está VENDENDO 1x Lucky Leggings [Blast Protection V, Projectile Protection X, Protection X, Thorns X, Unbreaking X] por $50,000.00 em world
[19:40:37] [ITEM_SOLD]: Karma4046 VENDIDO 1x Lucky Leggings para  [Blast Protection V, Projectile Protection X, Protection X, Thorns X, Unbreaking X]NFT_Mix por $50,000.00 em world
[19:40:38] [ITEM_SOLD]: Styxx0 VENDIDO 1x Netherite Block para NFT_Mix por $20,000.00 em world
[19:46:26] [ITEM_LISTED]: LehDoka está VENDENDO 32x Wither Skeleton Skull por $32,000.00 em world
[20:47:06] [ITEM_CANCELLED]: LehDoka CANCELOU uma venda de 1x Netherite Ingot por $20,000.00 em world
[20:47:06] [ITEM_RETURNED]: RETORNADO 1x Netherite Ingot  para LehDoka em world
[20:47:31] [ITEM_LISTED]: LehDoka está VENDENDO 1x Netherite Ingot por $20,000.00 em world
[20:48:08] [ITEM_RETURNED]: RETORNADO 1x Netherite Ingot  para LehDoka em world
[20:48:08] [ITEM_CANCELLED]: LehDoka CANCELOU uma venda de 1x Netherite Ingot por $20,000.00 em world
[20:48:21] [ITEM_LISTED]: LehDoka está VENDENDO 1x Netherite Ingot por $9,000.00 em world
[20:48:34] [ITEM_SOLD]: LehDoka VENDIDO 1x Netherite Ingot para DeadSkyZ_ por $9,000.00 em world
[20:50:33] [ITEM_LISTED]: LehDoka está VENDENDO 1x Blue Bed por $25,000.00 em world
[20:50:43] [ITEM_CANCELLED]: LehDoka CANCELOU uma venda de 1x Blue Bed por $25,000.00 em world
[20:50:43] [ITEM_RETURNED]: RETORNADO 1x Blue Bed  para LehDoka em world
[20:50:55] [ITEM_LISTED]: LehDoka está VENDENDO 27x Wither Skeleton Skull por $25,000.00 em world
[20:51:11] [ITEM_SOLD]: LehDoka VENDIDO 27x Wither Skeleton Skull para Karma4046 por $25,000.00 em world
[20:51:12] [ITEM_SOLD]: LehDoka VENDIDO 32x Wither Skeleton Skull para Karma4046 por $32,000.00 em world
[21:04:30] [ITEM_LISTED]: LehDoka está VENDENDO 25x Wither Skeleton Skull por $24,000.00 em world
[21:04:38] [ITEM_SOLD]: LehDoka VENDIDO 25x Wither Skeleton Skull para Karma4046 por $24,000.00 em world
[23:06:56] [ITEM_LISTED]: DeadSkyZ_ está VENDENDO 13x Wither Skeleton Skull por $13,000.00 em world
[23:11:26] [ITEM_LISTED]: Karma4046 está VENDENDO 64x Nether Star por $500,000.00 em world
[23:11:49] [ITEM_RETURNED]: RETORNADO 64x Nether Star  para Karma4046 em world
[23:11:49] [ITEM_CANCELLED]: Karma4046 CANCELOU uma venda de 64x Nether Star por $500,000.00 em world
[23:11:56] [ITEM_LISTED]: Karma4046 está VENDENDO 64x Nether Star por $126,000.00 em world
[23:12:02] [ITEM_CANCELLED]: Karma4046 CANCELOU uma venda de 64x Nether Star por $126,000.00 em world
[23:12:02] [ITEM_RETURNED]: RETORNADO 64x Nether Star  para Karma4046 em world
[23:21:08] [ITEM_LISTED]: Karma4046 está VENDENDO 1x Lucky Boots [Blast Protection V, Feather Falling III, unknown, Mending, Projectile Protection X, Protection X, Thorns X, Unbreaking X] por $80,000.00 em world
[23:21:14] [ITEM_LISTED]: Karma4046 está VENDENDO 1x Lucky Leggings [Blast Protection V, unknown, Mending, Projectile Protection X, Protection X, Thorns X, Unbreaking III] por $90,000.00 em world
[23:21:20] [ITEM_LISTED]: Karma4046 está VENDENDO 1x Lucky Chestplate [Blast Protection V, unknown, Mending, Projectile Protection X, Protection X, Thorns X, Unbreaking III] por $100,000.00 em world
[23:21:28] [ITEM_LISTED]: Karma4046 está VENDENDO 1x Lucky Helmet [Blast Protection V, unknown, Mending, Projectile Protection X, Protection X, Thorns X, Unbreaking X] por $80,000.00 em world
[23:51:39] [ITEM_CANCELLED]: DeadSkyZ_ CANCELOU uma venda de 13x Wither Skeleton Skull por $13,000.00 em world
[23:51:39] [ITEM_CANCELLED]: DeadSkyZ_ CANCELOU uma venda de 64x Coal por $550.00 em world
[23:51:39] [ITEM_RETURNED]: RETORNADO 64x Coal  para DeadSkyZ_ em world
[23:51:39] [ITEM_RETURNED]: RETORNADO 13x Wither Skeleton Skull  para DeadSkyZ_ em world
[23:51:51] [ITEM_LISTED]: DeadSkyZ_ está VENDENDO 64x Coal por $550.00 em world
[23:52:04] [ITEM_LISTED]: DeadSkyZ_ está VENDENDO 22x Wither Skeleton Skull por $21,500.00 em world
[23:52:31] [ITEM_LISTED]: ThiagoFearless está VENDENDO 64x Coal Ore por $1,000.00 em world
[23:52:33] [ITEM_LISTED]: ThiagoFearless está VENDENDO 64x Coal Ore por $1,000.00 em world
[23:52:35] [ITEM_LISTED]: ThiagoFearless está VENDENDO 64x Coal Ore por $1,000.00 em world
[23:52:37] [ITEM_LISTED]: ThiagoFearless está VENDENDO 64x Coal Ore por $1,000.00 em world
[23:52:40] [ITEM_LISTED]: ThiagoFearless está VENDENDO 64x Coal Ore por $1,000.00 em world
[23:52:42] [ITEM_LISTED]: ThiagoFearless está VENDENDO 64x Coal Ore por $1,000.00 em world
