[00:16:51] [ITEM_LISTED]: Karma4046 está VENDENDO 1x Lucky Chestplate [Blast Protection V, Projectile Protection X, Protection X, Thorns X, Unbreaking X] por $60,000.00 em world
[10:07:47] [ITEM_LISTED]: micar2018 está VENDENDO 1x Enchanted Book por $20,000.00 em world
[10:13:03] [ITEM_SOLD]: micar2018 VENDIDO 1x Enchanted Book para Flocodenevee por $20,000.00 em world
[13:22:45] [ITEM_SOLD]: BababoiCAVALO VENDIDO 2x Netherite Block para BruceForc por $10,000.00 em world
[14:15:05] [ITEM_LISTED]: BruceForc está VENDENDO 64x Smooth Quartz por $1,000.00 em world
[14:15:16] [ITEM_LISTED]: BruceForc está VENDENDO 64x Smooth Quartz por $1,000.00 em world
[14:15:32] [ITEM_LISTED]: BruceForc está VENDENDO 64x Smooth Quartz por $1,000.00 em world
[14:15:44] [ITEM_LISTED]: BruceForc está VENDENDO 56x Smooth Quartz por $6,000.00 em world
[14:16:10] [ITEM_LISTED]: BruceForc está VENDENDO 10x Quartz Block por $900.00 em world
[14:16:35] [ITEM_RETURNED]: RETORNADO 1x Netherite Boots  [Protection IV, Unbreaking III] para BruceForc em world
[14:16:35] [ITEM_CANCELLED]: BruceForc CANCELOU uma venda de 1x Netherite Boots [Protection IV, Unbreaking III] por $10,000.00 em world
[14:48:10] [ITEM_SOLD]: Karma4046 VENDIDO 1x Lucky Chestplate para  [Blast Protection V, Projectile Protection X, Protection X, Thorns X, Unbreaking X]NFT_Mix por $60,000.00 em world
[15:22:28] [ITEM_LISTED]: Karma4046 está VENDENDO 1x Lucky Helmet [Blast Protection V, Projectile Protection X, Protection X, Thorns X, Unbreaking X] por $60,000.00 em world
[15:23:01] [ITEM_LISTED]: EpicCraft117 está VENDENDO 1x Netherite Sword [Bane of Arthropods X, unknown, unknown, unknown, Fire Aspect V, unknown, Knockback II, Looting X, Mending, unknown, Sharpness X, Sweeping Edge III, Unbreaking X] por $1,000,000.00 em world
[15:23:29] [ITEM_RETURNED]: RETORNADO 1x Netherite Sword  [Bane of Arthropods X, unknown, unknown, unknown, Fire Aspect V, unknown, Knockback II, Looting X, Mending, unknown, Sharpness X, Sweeping Edge III, Unbreaking X] para EpicCraft117 em world
[15:23:29] [ITEM_CANCELLED]: EpicCraft117 CANCELOU uma venda de 1x Netherite Sword [Bane of Arthropods X, unknown, unknown, unknown, Fire Aspect V, unknown, Knockback II, Looting X, Mending, unknown, Sharpness X, Sweeping Edge III, Unbreaking X] por $1,000,000.00 em world
[15:26:32] [ITEM_LISTED]: Karma4046 está VENDENDO 1x Lucky Chestplate [Blast Protection V, Projectile Protection X, Protection X, Thorns X, Unbreaking X] por $60,000.00 em world_the_end
[15:28:26] [ITEM_LISTED]: danoneoficial5 está VENDENDO 6x Emerald por $10,000.00 em world
[15:29:12] [ITEM_LISTED]: EpicCraft117 está VENDENDO 64x Emerald por $50,000.00 em world
[15:29:39] [ITEM_LISTED]: EpicCraft117 está VENDENDO 64x Emerald por $5,000.00 em world
[15:29:47] [ITEM_RETURNED]: RETORNADO 64x Emerald  para EpicCraft117 em world
[15:29:47] [ITEM_CANCELLED]: EpicCraft117 CANCELOU uma venda de 64x Emerald por $50,000.00 em world
[15:29:59] [ITEM_LISTED]: EpicCraft117 está VENDENDO 64x Netherite Ingot por $50,000.00 em world
[15:30:04] [ITEM_LISTED]: micar2018 está VENDENDO 1x Bow [unknown, unknown] por $10,000.00 em world
[15:30:08] [ITEM_LISTED]: EpicCraft117 está VENDENDO 64x Netherite Ingot por $4,000.00 em world
[15:30:12] [ITEM_RETURNED]: RETORNADO 64x Netherite Ingot  para EpicCraft117 em world
[15:30:12] [ITEM_CANCELLED]: EpicCraft117 CANCELOU uma venda de 64x Netherite Ingot por $4,000.00 em world
[15:30:17] [ITEM_LISTED]: EpicCraft117 está VENDENDO 64x Netherite Ingot por $35,000.00 em world
[15:30:33] [ITEM_SOLD]: EpicCraft117 VENDIDO 64x Netherite Ingot para Karma4046 por $35,000.00 em world
[15:31:50] [ITEM_LISTED]: EpicCraft117 está VENDENDO 64x Raw Copper por $5.00 em world
[15:31:52] [ITEM_LISTED]: EpicCraft117 está VENDENDO 64x Raw Copper por $5.00 em world
[15:31:54] [ITEM_LISTED]: EpicCraft117 está VENDENDO 37x Raw Copper por $5.00 em world
[15:31:56] [ITEM_LISTED]: EpicCraft117 está VENDENDO 64x Raw Copper por $5.00 em world
[15:32:00] [ITEM_LISTED]: EpicCraft117 está VENDENDO 58x Raw Iron por $5.00 em world
[15:32:19] [ITEM_LISTED]: micar2018 está VENDENDO 1x Netherite Axe [Efficiency II] por $1,000,000.00 em world
[15:35:25] [ITEM_LISTED]: micar2018 está VENDENDO 16x Spruce Sapling por $15,000.00 em world
[16:17:12] [ITEM_LISTED]: Karma4046 está VENDENDO 1x Lucky Chestplate [Blast Protection V, Projectile Protection X, Protection X, Thorns X, Unbreaking X] por $50,000.00 em world
[16:23:35] [ITEM_LISTED]: Karma4046 está VENDENDO 1x Netherite Sword [Mending, Sharpness VII, Unbreaking V] por $30,000.00 em spawn
[16:24:09] [ITEM_SOLD]: EpicCraft117 VENDIDO 64x Netherite Ingot para Karma4046 por $50,000.00 em world
[16:24:12] [ITEM_SOLD]: Karma4046 VENDIDO 1x Netherite Sword para  [Mending, Sharpness VII, Unbreaking V]Styxx0 por $30,000.00 em spawn
[16:37:20] [ITEM_LISTED]: EpicCraft117 está VENDENDO 64x Chave SlimeFun [unknown] por $10,000,000.00 em spawn
[16:43:35] [ITEM_LISTED]: Karma4046 está VENDENDO 1x Lucky Leggings [Blast Protection V, Projectile Protection X, Protection X, Thorns X, Unbreaking X] por $60,000.00 em world
[16:43:57] [ITEM_RETURNED]: RETORNADO 1x Nether Star  para Karma4046 em world
[16:43:57] [ITEM_RETURNED]: RETORNADO 1x Lucky Chestplate  [Blast Protection V, Projectile Protection X, Protection X, Thorns X, Unbreaking X] para Karma4046 em world
[16:43:57] [ITEM_CANCELLED]: Karma4046 CANCELOU uma venda de 1x Lucky Chestplate [Blast Protection V, Projectile Protection X, Protection X, Thorns X, Unbreaking X] por $50,000.00 em world
[16:43:57] [ITEM_RETURNED]: RETORNADO 1x Lucky Chestplate  [Blast Protection V, Projectile Protection X, Protection X, Thorns X, Unbreaking X] para Karma4046 em world_the_end
[16:43:57] [ITEM_RETURNED]: RETORNADO 1x Lucky Helmet  [Blast Protection V, Projectile Protection X, Protection X, Thorns X, Unbreaking X] para Karma4046 em world
[16:43:57] [ITEM_RETURNED]: RETORNADO 1x Lucky Leggings  [Blast Protection V, Projectile Protection X, Protection X, Thorns X, Unbreaking X] para Karma4046 em world
[16:43:57] [ITEM_CANCELLED]: Karma4046 CANCELOU uma venda de 1x Lucky Chestplate [Blast Protection V, Projectile Protection X, Protection X, Thorns X, Unbreaking X] por $60,000.00 em world_the_end
[16:43:57] [ITEM_CANCELLED]: Karma4046 CANCELOU uma venda de 1x Lucky Helmet [Blast Protection V, Projectile Protection X, Protection X, Thorns X, Unbreaking X] por $60,000.00 em world
[16:43:57] [ITEM_CANCELLED]: Karma4046 CANCELOU uma venda de 1x Nether Star por $4,000.00 em world
[16:43:57] [ITEM_CANCELLED]: Karma4046 CANCELOU uma venda de 1x Lucky Leggings [Blast Protection V, Projectile Protection X, Protection X, Thorns X, Unbreaking X] por $60,000.00 em world
[16:44:08] [ITEM_LISTED]: Karma4046 está VENDENDO 1x Lucky Leggings [Blast Protection V, Projectile Protection X, Protection X, Thorns X, Unbreaking X] por $60,000.00 em world
[16:44:11] [ITEM_LISTED]: Karma4046 está VENDENDO 1x Lucky Helmet [Blast Protection V, Projectile Protection X, Protection X, Thorns X, Unbreaking X] por $60,000.00 em world
[16:44:15] [ITEM_LISTED]: Karma4046 está VENDENDO 1x Lucky Chestplate [Blast Protection V, Projectile Protection X, Protection X, Thorns X, Unbreaking X] por $60,000.00 em world
[16:44:19] [ITEM_LISTED]: Karma4046 está VENDENDO 1x Lucky Chestplate [Blast Protection V, Projectile Protection X, Protection X, Thorns X, Unbreaking X] por $60,000.00 em world
[16:59:31] [ITEM_LISTED]: Karma4046 está VENDENDO 1x Lucky Helmet [Blast Protection V, Projectile Protection X, Protection X, Thorns X, Unbreaking X] por $60,000.00 em world
[17:23:25] [ITEM_CANCELLED]: EpicCraft117 CANCELOU uma venda de 64x Chave SlimeFun [unknown] por $10,000,000.00 em spawn
[17:23:25] [ITEM_RETURNED]: RETORNADO 64x Chave SlimeFun  [unknown] para EpicCraft117 em spawn
[17:30:03] [ITEM_LISTED]: Koutakun231 está VENDENDO 1x Netherite Helmet [Mending, Protection VI, Unbreaking V] por $50,000.00 em world
[19:10:47] [ITEM_SOLD]: EpicCraft117 VENDIDO 64x Emerald para Flocodenevee por $5,000.00 em world
[19:11:35] [ITEM_SOLD]: danoneoficial5 VENDIDO 6x Emerald para Flocodenevee por $10,000.00 em world
[19:13:11] [ITEM_CANCELLED]: Karma4046 CANCELOU uma venda de 1x Lucky Helmet [Blast Protection V, Projectile Protection X, Protection X, Thorns X, Unbreaking X] por $60,000.00 em world
[19:13:11] [ITEM_RETURNED]: RETORNADO 1x Lucky Leggings  [Blast Protection V, Projectile Protection X, Protection X, Thorns X, Unbreaking X] para Karma4046 em world
[19:13:11] [ITEM_CANCELLED]: Karma4046 CANCELOU uma venda de 1x Lucky Leggings [Blast Protection V, Projectile Protection X, Protection X, Thorns X, Unbreaking X] por $60,000.00 em world
[19:13:11] [ITEM_CANCELLED]: Karma4046 CANCELOU uma venda de 1x Lucky Chestplate [Blast Protection V, Projectile Protection X, Protection X, Thorns X, Unbreaking X] por $60,000.00 em world
[19:13:11] [ITEM_RETURNED]: RETORNADO 1x Lucky Helmet  [Blast Protection V, Projectile Protection X, Protection X, Thorns X, Unbreaking X] para Karma4046 em world
[19:13:11] [ITEM_RETURNED]: RETORNADO 1x Lucky Chestplate  [Blast Protection V, Projectile Protection X, Protection X, Thorns X, Unbreaking X] para Karma4046 em world
[19:13:11] [ITEM_CANCELLED]: Karma4046 CANCELOU uma venda de 1x Lucky Helmet [Blast Protection V, Projectile Protection X, Protection X, Thorns X, Unbreaking X] por $60,000.00 em world
[19:13:11] [ITEM_RETURNED]: RETORNADO 1x Lucky Helmet  [Blast Protection V, Projectile Protection X, Protection X, Thorns X, Unbreaking X] para Karma4046 em world
[19:13:11] [ITEM_CANCELLED]: Karma4046 CANCELOU uma venda de 1x Lucky Chestplate [Blast Protection V, Projectile Protection X, Protection X, Thorns X, Unbreaking X] por $60,000.00 em world
[19:13:11] [ITEM_RETURNED]: RETORNADO 1x Lucky Chestplate  [Blast Protection V, Projectile Protection X, Protection X, Thorns X, Unbreaking X] para Karma4046 em world
[19:13:17] [ITEM_LISTED]: Karma4046 está VENDENDO 38x Emerald por $8,000.00 em world
[19:13:25] [ITEM_SOLD]: Karma4046 VENDIDO 38x Emerald para Flocodenevee por $8,000.00 em world
[19:19:18] [ITEM_LISTED]: EpicCraft117 está VENDENDO 27x Nether Star por $460,000.00 em world_nether
[19:32:40] [ITEM_LISTED]: EpicCraft117 está VENDENDO 4x Netherite Ingot por $1.00 em world
[19:32:52] [ITEM_SOLD]: EpicCraft117 VENDIDO 4x Netherite Ingot para Odisseu por $1.00 em world
[19:33:25] [ITEM_SOLD]: EpicCraft117 VENDIDO 58x Raw Iron para Odisseu por $5.00 em world
[19:34:22] [ITEM_SOLD]: EpicCraft117 VENDIDO 64x Raw Copper para Odisseu por $5.00 em world
[19:34:24] [ITEM_SOLD]: EpicCraft117 VENDIDO 64x Raw Copper para Odisseu por $5.00 em world
[19:34:25] [ITEM_SOLD]: EpicCraft117 VENDIDO 64x Raw Copper para Odisseu por $5.00 em world
[19:34:27] [ITEM_SOLD]: EpicCraft117 VENDIDO 37x Raw Copper para Odisseu por $5.00 em world
[19:35:01] [ITEM_LISTED]: EpicCraft117 está VENDENDO 1x Upgraded Explosive Pickaxe por $5.00 em world
[19:35:14] [ITEM_SOLD]: EpicCraft117 VENDIDO 1x Upgraded Explosive Pickaxe para micar2018 por $5.00 em world
[19:36:57] [ITEM_CANCELLED]: micar2018 CANCELOU uma venda de 1x Netherite Axe [Efficiency II] por $1,000,000.00 em world
[19:36:57] [ITEM_RETURNED]: RETORNADO 1x Netherite Axe  [Efficiency II] para micar2018 em world
[19:38:34] [ITEM_LISTED]: Karma4046 está VENDENDO 1x Netherite Boots [Mending, Protection VI, Unbreaking V] por $30,000.00 em world
[19:38:54] [ITEM_SOLD]: Karma4046 VENDIDO 1x Netherite Boots para  [Mending, Protection VI, Unbreaking V]micar2018 por $30,000.00 em world
[19:40:18] [ITEM_LISTED]: micar2018 está VENDENDO 64x Kelp por $15,000.00 em world
[20:05:50] [ITEM_LISTED]: Koutakun231 está VENDENDO 64x Bone por $100.00 em world
[20:05:51] [ITEM_LISTED]: Koutakun231 está VENDENDO 64x Bone por $100.00 em world
[20:06:04] [ITEM_SOLD]: Koutakun231 VENDIDO 64x Bone para Karma4046 por $100.00 em world
[20:06:09] [ITEM_LISTED]: Koutakun231 está VENDENDO 64x Bone por $100.00 em world
[20:06:16] [ITEM_SOLD]: Koutakun231 VENDIDO 64x Bone para Karma4046 por $100.00 em world
[20:06:18] [ITEM_SOLD]: Koutakun231 VENDIDO 64x Bone para Karma4046 por $100.00 em world
[20:06:22] [ITEM_SOLD]: lasaha VENDIDO 1x Nether Star para micar2018 por $5,000.00 em world
[20:16:30] [ITEM_LISTED]: EpicCraft117 está VENDENDO 1x Enchanted Book por $1,000.00 em world
[22:03:13] [ITEM_LISTED]: Karma4046 está VENDENDO 1x Lucky Helmet [Blast Protection V, Projectile Protection X, Protection X, Thorns X, Unbreaking X] por $60,000.00 em world
[22:03:17] [ITEM_LISTED]: Karma4046 está VENDENDO 1x Lucky Chestplate [Blast Protection V, Projectile Protection X, Protection X, Thorns X, Unbreaking X] por $60,000.00 em world
[22:03:22] [ITEM_LISTED]: Karma4046 está VENDENDO 1x Lucky Leggings [Blast Protection V, Projectile Protection X, Protection X, Thorns X, Unbreaking X] por $60,000.00 em world
[22:09:21] [ITEM_LISTED]: EpicCraft117 está VENDENDO 1x Chunk Loader por $750,000.00 em world
[22:10:19] [ITEM_CANCELLED]: EpicCraft117 CANCELOU uma venda de 1x Chunk Loader por $750,000.00 em world
[22:10:19] [ITEM_RETURNED]: RETORNADO 1x Chunk Loader  para EpicCraft117 em world
[23:03:06] [ITEM_RETURNED]: RETORNADO 1x Lucky Chestplate  [Blast Protection V, Projectile Protection X, Protection X, Thorns X, Unbreaking X] para Karma4046 em world
[23:03:06] [ITEM_CANCELLED]: Karma4046 CANCELOU uma venda de 1x Lucky Helmet [Blast Protection V, Projectile Protection X, Protection X, Thorns X, Unbreaking X] por $60,000.00 em world
[23:03:06] [ITEM_CANCELLED]: Karma4046 CANCELOU uma venda de 1x Lucky Chestplate [Blast Protection V, Projectile Protection X, Protection X, Thorns X, Unbreaking X] por $60,000.00 em world
[23:03:06] [ITEM_RETURNED]: RETORNADO 1x Lucky Leggings  [Blast Protection V, Projectile Protection X, Protection X, Thorns X, Unbreaking X] para Karma4046 em world
[23:03:06] [ITEM_RETURNED]: RETORNADO 1x Lucky Helmet  [Blast Protection V, Projectile Protection X, Protection X, Thorns X, Unbreaking X] para Karma4046 em world
[23:03:06] [ITEM_CANCELLED]: Karma4046 CANCELOU uma venda de 1x Lucky Leggings [Blast Protection V, Projectile Protection X, Protection X, Thorns X, Unbreaking X] por $60,000.00 em world
[23:11:00] [ITEM_LISTED]: Karma4046 está VENDENDO 1x Lucky Helmet [Blast Protection V, Projectile Protection X, Protection X, Thorns X, Unbreaking X] por $60,000.00 em world
[23:11:04] [ITEM_LISTED]: Karma4046 está VENDENDO 1x Lucky Helmet [Blast Protection V, Projectile Protection X, Protection X, Thorns X, Unbreaking X] por $60,000.00 em world
[23:11:08] [ITEM_LISTED]: Karma4046 está VENDENDO 1x Lucky Helmet [Blast Protection V, Projectile Protection X, Protection X, Thorns X, Unbreaking X] por $60,000.00 em world
[23:11:12] [ITEM_LISTED]: Karma4046 está VENDENDO 1x Lucky Helmet [Blast Protection V, Projectile Protection X, Protection X, Thorns X, Unbreaking X] por $60,000.00 em world
[23:13:16] [ITEM_RETURNED]: RETORNADO 1x Lucky Helmet  [Blast Protection V, Projectile Protection X, Protection X, Thorns X, Unbreaking X] para Karma4046 em world
[23:13:16] [ITEM_CANCELLED]: Karma4046 CANCELOU uma venda de 1x Lucky Helmet [Blast Protection V, Projectile Protection X, Protection X, Thorns X, Unbreaking X] por $60,000.00 em world
[23:13:16] [ITEM_CANCELLED]: Karma4046 CANCELOU uma venda de 1x Lucky Helmet [Blast Protection V, Projectile Protection X, Protection X, Thorns X, Unbreaking X] por $60,000.00 em world
[23:13:16] [ITEM_RETURNED]: RETORNADO 1x Lucky Helmet  [Blast Protection V, Projectile Protection X, Protection X, Thorns X, Unbreaking X] para Karma4046 em world
[23:13:16] [ITEM_RETURNED]: RETORNADO 1x Lucky Helmet  [Blast Protection V, Projectile Protection X, Protection X, Thorns X, Unbreaking X] para Karma4046 em world
[23:13:16] [ITEM_RETURNED]: RETORNADO 1x Lucky Helmet  [Blast Protection V, Projectile Protection X, Protection X, Thorns X, Unbreaking X] para Karma4046 em world
[23:13:16] [ITEM_CANCELLED]: Karma4046 CANCELOU uma venda de 1x Lucky Helmet [Blast Protection V, Projectile Protection X, Protection X, Thorns X, Unbreaking X] por $60,000.00 em world
[23:13:16] [ITEM_CANCELLED]: Karma4046 CANCELOU uma venda de 1x Lucky Helmet [Blast Protection V, Projectile Protection X, Protection X, Thorns X, Unbreaking X] por $60,000.00 em world
[23:39:57] [ITEM_LISTED]: Karma4046 está VENDENDO 1x Lucky Helmet [Blast Protection V, Projectile Protection X, Protection X, Thorns X, Unbreaking X] por $80,000.00 em Lobby
[23:45:47] [ITEM_LISTED]: Karma4046 está VENDENDO 1x Lucky Helmet [Blast Protection V, Projectile Protection X, Protection X, Thorns X, Unbreaking X] por $80,000.00 em world
[23:45:52] [ITEM_LISTED]: Karma4046 está VENDENDO 1x Lucky Helmet [Blast Protection V, Projectile Protection X, Protection X, Thorns X, Unbreaking X] por $80,000.00 em world
[23:46:00] [ITEM_LISTED]: Karma4046 está VENDENDO 1x Lucky Helmet [Blast Protection V, Projectile Protection X, Protection X, Thorns X, Unbreaking X] por $80,000.00 em world
[23:46:06] [ITEM_LISTED]: Karma4046 está VENDENDO 1x Lucky Helmet [Blast Protection V, Projectile Protection X, Protection X, Thorns X, Unbreaking X] por $80,000.00 em world
