[14:45:58] [ITEM_RETURNED]: RETORNADO 64x Quartz  para DeadSkyZ_ em world
[14:45:58] [ITEM_CANCELLED]: DeadSkyZ_ CANCELOU uma venda de 64x Quartz por $2,500.00 em world
[14:45:58] [ITEM_RETURNED]: RETORNADO 64x Quartz  para DeadSkyZ_ em world
[14:45:58] [ITEM_CANCELLED]: DeadSkyZ_ CANCELOU uma venda de 64x Quartz por $2,500.00 em world
[14:45:59] [ITEM_CANCELLED]: DeadSkyZ_ CANCELOU uma venda de 64x Quartz por $2,500.00 em world
[14:45:59] [ITEM_RETURNED]: RETORNADO 64x Quartz  para DeadSkyZ_ em world
[15:23:39] [ITEM_SOLD]: EpicCraft117 VENDIDO 21x Raw Copper Block para AstroGamed por $5.00 em world
[16:40:54] [ITEM_LISTED]: _Vickiy está VENDENDO 1x Wither Skeleton Skull por $1,000.00 em world
[16:41:03] [ITEM_RETURNED]: RETORNADO 1x Wither Skeleton Skull  para _Vickiy em world
[16:41:03] [ITEM_CANCELLED]: _Vickiy CANCELOU uma venda de 1x Wither Skeleton Skull por $1,000.00 em world
[16:41:18] [ITEM_LISTED]: _Vickiy está VENDENDO 2x Wither Skeleton Skull por $1,500.00 em world
[16:43:09] [ITEM_LISTED]: _Vickiy está VENDENDO 1x Diamond Pickaxe [Efficiency IV, unknown, Silk Touch] por $4,800.00 em world
[17:55:51] [ITEM_LISTED]: _Vickiy está VENDENDO 32x Amethyst Block por $1,500.00 em world
[18:03:28] [ITEM_RETURNED]: RETORNADO 1x Diamond Pickaxe  [Efficiency IV, unknown, Silk Touch] para _Vickiy em world
[18:03:28] [ITEM_CANCELLED]: _Vickiy CANCELOU uma venda de 1x Diamond Pickaxe [Efficiency IV, unknown, Silk Touch] por $4,800.00 em world
[22:07:31] [ITEM_LISTED]: DeadSkyZ_ está VENDENDO 21x Aluminum Dust por $22,500.00 em world
[22:07:46] [ITEM_CANCELLED]: DeadSkyZ_ CANCELOU uma venda de 21x Aluminum Dust por $22,500.00 em world
[22:07:46] [ITEM_RETURNED]: RETORNADO 21x Aluminum Dust  para DeadSkyZ_ em world
[22:12:02] [ITEM_LISTED]: Ryanback está VENDENDO 1x Polar Bear Head por $1,000.00 em world
[22:13:23] [ITEM_SOLD]: Ryanback VENDIDO 1x Polar Bear Head para DeadSkyZ_ por $1,000.00 em world
[22:58:39] [ITEM_LISTED]: DeadSkyZ_ está VENDENDO 1x Elytra por $5,000.00 em world_the_end
[22:58:46] [ITEM_SOLD]: DeadSkyZ_ VENDIDO 1x Elytra para AstroGamed por $5,000.00 em world_the_end
[23:51:34] [ITEM_LISTED]: Karma4046 está VENDENDO 28x Radiant Solar Generator por $1,480,000.00 em world
