[07/01/2023 11:17:38]:           __             _       
[07/01/2023 11:17:38]:   _ __   / /  ___   __ _(_)_ __  
[07/01/2023 11:17:38]:  | '_ \ / /  / _ \ / _` | | '_ \ 
[07/01/2023 11:17:38]:  | | | / /__| (_) | (_| | | | | |
[07/01/2023 11:17:38]:  |_| |_\____/\___/ \__, |_|_| |_|
[07/01/2023 11:17:38]:                   |___/            
[07/01/2023 11:17:38]:  By: www.nickuc.com - V 10.1.16
[07/01/2023 11:17:38]: 
[07/01/2023 11:17:38]: §3[nLogin] [DEBUG] Detecting hardware and software configurations...
[07/01/2023 11:17:39]: §3[nLogin] [DEBUG] All settings were loaded in 241 ms.
[07/01/2023 11:17:39]: §3[nLogin] [DEBUG] Loading the messages_en.yml message file...
[07/01/2023 11:17:39]: §3[nLogin] [DEBUG] All plugin messages were loaded in 76 ms (languageByClient=false).
[07/01/2023 11:17:39]: §3[nLogin] [DEBUG] All proxy settings were loaded in 8 ms.
[07/01/2023 11:17:39]: §3[nLogin] [DEBUG] Starting logger filter...
[07/01/2023 11:17:39]: §3[nLogin] [DEBUG] Loading database...
[07/01/2023 11:17:41]: [nLogin] nLogin was loaded in 2520ms.
[07/01/2023 11:18:08]: §3[nLogin] [DEBUG] [SQLite] [UPDATE]: "UPDATE `nlogin` SET `realname` = 'iTakinn', `uniqueId` = 18f7bf455c6537419541bde30f073d69,  `premiumId` = null,  `premium` = -1,  `password` = '$SHA512$d990d65ae7dda03d1bc88ebb1ed4884ca46640667ce3cfda0ea18a19fba2951f4bf2941f6e5afec63a71a9b3783d19a39922a97dd86555bd6b68c913e74bd0de$MYPXQNtYpiSdqQlWpYstrkri', `address` = '127.0.0.1', `regdate` = 2023-05-15 21:56:31.971, `lastlogin` = 2023-07-01 11:18:08.528, `email` = null, `twitter` = null, `discord` = null, `settings` = '{"settings":[{"value":"TNaTBf0L6NXzhuR8BLwQYCiq8lB8ZmTEDiO2cL/BK0JE5VYA+Q9Yl9SzrHhTCMcov0RkJ9r2b5dfbpJgfepi/Npey7gaaICuG27Pc2EFqYUX0GioA99JYkUlchJSbV1/ADKF9OYqPuo7rUJRE4IQBWiUHfarXEFzBn34XclOOVjJRlMR4CK7VB3v6F7UWXzwG8yXxi0FVmiIgfaEgDq9/cqZo2amFFuyoFTXKg3rMJYpnXRupBYtQrWHA/RXVNaX06Vl9mwyQE1GluzQTQSxvprz3w++TujTzpDRrSQSyWpNBHvLG+0dDyhaDp2i7F9z62T3w55cGuRCARdcZ5Uyl3VoJbFdoBRVjh3oCPzr2psMI3PmMmeIQZLU1bFMLYS8PiDJ3yaqHr4LlFj/tm98lMKvsKnwJaT9bgLBENhd1Ica9lwlNAZwldZifasXWX/goZ1WCve0PUT5Fu8DCu0VQf9Jeeap5XPVEbV02AmsmD+wZJ2ScvBKbp2cbb8DhzfF6mczKOp9zjhAxq0Bh/lmsuTkXrhnd+pIMK/KgTYHS9ulwy+6M/2mARGv1Qif/JqZ353Zq93XnOoFf3Im2NrlNBitu8/s4bWOtIYxMnP4E2tVjF+qUUIbnE4EWKxz9ycTnBEDGzp0MuslSICAzU2KHSRvaW4Lh5/mkZaX8i6PAoM=:Q36Xwi7gjXgYDOv7TimQVjldviOmKwJI/rVONFDFRpXArFgm3tMjCrYEaDzWcg9KoT8b","key":"encrypted"}],"version":0}' WHERE `id` = 1"
[07/01/2023 11:18:08]: [nLogin] The user iTakinn has successfully logged in.
[07/01/2023 11:18:46]: §3[nLogin] [DEBUG] [SQLite] [UPDATE]: "UPDATE `nlogin` SET `realname` = 'Lancelot1_', `uniqueId` = 5fa0be9fe2b1379a9ce956681e6f90e1,  `premiumId` = null,  `premium` = -1,  `password` = '$SHA512$e7badd9260019293220bfa4493275abf53cb87e8d704facc640b8453647ad79abd40e9f4517b07bdcf5703c42c4eb9ef8122a1a34fc227759b16f34ef9997de2$qnqzlQJjliykOtnVyLleLUST', `address` = '0:0:0:0:0:0:0:1', `regdate` = 2023-07-01 10:56:30.57, `lastlogin` = 2023-07-01 11:18:46.309, `email` = null, `twitter` = null, `discord` = null, `settings` = '{"settings":[{"value":"oTdLvkRHLRAtw0giLDMxu1/AsQZvkJNA5YHztXwrgvspeAbIoex5+4hipK/QshU48Ug+hjhCrIOoQy1MvhSL/IT7Ol6n/MnMD1Tnr6tQeLdAEY6Rgn6htwxo84sruTI4EfX1r6La/ngsjHqIF/sES1aeVoouVwp366y3zQWMsHAhGFvNX162MhO2F4fompws9+K0necgIsHXXz3x5MA6oDo7myBUTaxrg02idYRVsyui1939M/YIKnDiQ328x3VqMABFgXFGtK6pEm+hQx8CxDVyq+H3fkzO/PcIC7qTQL8stnOIc//sZUGpTDvVnafapxjJT66aj9JgF2pSfSfMx9K8ZgRlxkvR1xPv8upJbq6bATEgXGPcmSxthYdQvVtgAwvWv4bRbb8KtZAxKz0N6flP6Zr5pGwN0pIo/rlfPQkX3hC4/bCJVFeIh69+tJ1oB2IH95XqCav1Ci2c0a0K7C2pMeJdHZPSkrLFapZDLJu+uY9kxcnFQ8hdYGCXw0YbOJpcWJkbc006Y4LJ8eqgoCKXmvts3YU0CIsNVMitWI1+8nQbs69N3e9giJjwR68+SQtenvRa5ZlQ6xEnTGWt9kjdgEF2D71FcMnKXX913cRpMILtpxSaxuqAw0eOCL8OvTajYobc3lXGieAjyfBfxKVBJgmDzDKp0RVlceEb6yI=:IbbvwAXV6xSBDmOwbl1FXuMTWpUz+Lo1+9Vy+GLFR5MytEWZdVkPh8+FnglKPRYarxw+/nccrw==","key":"encrypted"}],"version":0}' WHERE `id` = 2"
[07/01/2023 11:18:46]: [nLogin] The user Lancelot1_ has successfully logged in.
[07/01/2023 11:24:07]: [nLogin] Successful plugin core shutdown (took 0.00s)
[07/01/2023 11:24:07]: [nLogin] 
[07/01/2023 11:24:07]: [nLogin] Shutting down nLogin V 10.1.16...
[07/01/2023 11:24:07]: [nLogin] 
[07/01/2023 11:24:07]: [nLogin] nLogin was unloaded in 2ms.
