[05/17/2023 13:12:45]:           __             _       
[05/17/2023 13:12:45]:   _ __   / /  ___   __ _(_)_ __  
[05/17/2023 13:12:45]:  | '_ \ / /  / _ \ / _` | | '_ \ 
[05/17/2023 13:12:45]:  | | | / /__| (_) | (_| | | | | |
[05/17/2023 13:12:45]:  |_| |_\____/\___/ \__, |_|_| |_|
[05/17/2023 13:12:45]:                   |___/            
[05/17/2023 13:12:45]:  By: www.nickuc.com - V 10.1.14
[05/17/2023 13:12:45]: 
[05/17/2023 13:12:45]: §3[nLogin] [DEBUG] Detecting hardware and software configurations...
[05/17/2023 13:12:46]: §3[nLogin] [DEBUG] All settings were loaded in 259 ms.
[05/17/2023 13:12:46]: §3[nLogin] [DEBUG] Loading the messages_en.yml message file...
[05/17/2023 13:12:46]: §3[nLogin] [DEBUG] All plugin messages were loaded in 75 ms (languageByClient=false).
[05/17/2023 13:12:46]: §3[nLogin] [DEBUG] All proxy settings were loaded in 3 ms.
[05/17/2023 13:12:46]: §3[nLogin] [DEBUG] Starting logger filter...
[05/17/2023 13:12:46]: §3[nLogin] [DEBUG] Loading database...
[05/17/2023 13:12:47]: [nLogin] nLogin was loaded in 1717ms.
[05/17/2023 13:15:02]: [nLogin] Successful plugin core shutdown (took 0.00s)
[05/17/2023 13:15:02]: [nLogin] 
[05/17/2023 13:15:02]: [nLogin] Shutting down nLogin V 10.1.14...
[05/17/2023 13:15:02]: [nLogin] 
[05/17/2023 13:15:02]: [nLogin] nLogin was unloaded in 8ms.
