[06/28/2023 14:23:14]:           __             _       
[06/28/2023 14:23:14]:   _ __   / /  ___   __ _(_)_ __  
[06/28/2023 14:23:14]:  | '_ \ / /  / _ \ / _` | | '_ \ 
[06/28/2023 14:23:14]:  | | | / /__| (_) | (_| | | | | |
[06/28/2023 14:23:14]:  |_| |_\____/\___/ \__, |_|_| |_|
[06/28/2023 14:23:14]:                   |___/            
[06/28/2023 14:23:14]:  By: www.nickuc.com - V 10.1.16
[06/28/2023 14:23:14]: 
[06/28/2023 14:23:14]: §3[nLogin] [DEBUG] Detecting hardware and software configurations...
[06/28/2023 14:23:14]: §3[nLogin] [DEBUG] All settings were loaded in 156 ms.
[06/28/2023 14:23:14]: §3[nLogin] [DEBUG] Loading the messages_en.yml message file...
[06/28/2023 14:23:14]: §3[nLogin] [DEBUG] All plugin messages were loaded in 67 ms (languageByClient=false).
[06/28/2023 14:23:14]: §3[nLogin] [DEBUG] All proxy settings were loaded in 3 ms.
[06/28/2023 14:23:14]: §3[nLogin] [DEBUG] Starting logger filter...
[06/28/2023 14:23:14]: §3[nLogin] [DEBUG] Loading database...
[06/28/2023 14:23:15]: [nLogin] nLogin was loaded in 1517ms.
[06/28/2023 14:27:47]: [nLogin] Successful plugin core shutdown (took 0.00s)
[06/28/2023 14:27:47]: [nLogin] 
[06/28/2023 14:27:47]: [nLogin] Shutting down nLogin V 10.1.16...
[06/28/2023 14:27:47]: [nLogin] 
[06/28/2023 14:27:47]: [nLogin] nLogin was unloaded in 4ms.
