[12:11:41] [ITEM_LISTED]: EpicCraft117 está VENDENDO 1x Slimefun Guide (Chest GUI) por $1,000,000.00 em world
[12:11:53] [ITEM_LISTED]: EpicCraft117 está VENDENDO 1x Icy Bow [Flame, Infinity, Power V, Punch II, Unbreaking IV] por $1,000,000.00 em world
[12:11:55] [ITEM_LISTED]: EpicCraft117 está VENDENDO 1x SILK [Efficiency III, Silk Touch] por $1,000,000.00 em world
[12:11:57] [ITEM_LISTED]: EpicCraft117 está VENDENDO 1x Netherite Pickaxe [Efficiency X, Fortune X, Mending, Unbreaking X] por $1,000,000.00 em world
[12:12:00] [ITEM_LISTED]: EpicCraft117 está VENDENDO 1x Netherite Sword [Fire Aspect V, Looting X, Mending, Sharpness X, Unbreaking X] por $1,000,000.00 em world
[12:18:52] [ITEM_CANCELLED]: EpicCraft117 CANCELOU uma venda de 1x Netherite Sword [Fire Aspect V, Looting X, Mending, Sharpness X, Unbreaking X] por $1,000,000.00 em world
[12:18:52] [ITEM_RETURNED]: RETORNADO 1x Netherite Sword  [Fire Aspect V, Looting X, Mending, Sharpness X, Unbreaking X] para EpicCraft117 em world
[12:18:52] [ITEM_CANCELLED]: EpicCraft117 CANCELOU uma venda de 1x Netherite Pickaxe [Efficiency X, Fortune X, Mending, Unbreaking X] por $1,000,000.00 em world
[12:18:52] [ITEM_RETURNED]: RETORNADO 1x Netherite Pickaxe  [Efficiency X, Fortune X, Mending, Unbreaking X] para EpicCraft117 em world
[12:18:53] [ITEM_RETURNED]: RETORNADO 1x SILK  [Efficiency III, Silk Touch] para EpicCraft117 em world
[12:18:53] [ITEM_CANCELLED]: EpicCraft117 CANCELOU uma venda de 1x SILK [Efficiency III, Silk Touch] por $1,000,000.00 em world
[12:18:54] [ITEM_CANCELLED]: EpicCraft117 CANCELOU uma venda de 1x Icy Bow [Flame, Infinity, Power V, Punch II, Unbreaking IV] por $1,000,000.00 em world
[12:18:54] [ITEM_RETURNED]: RETORNADO 1x Icy Bow  [Flame, Infinity, Power V, Punch II, Unbreaking IV] para EpicCraft117 em world
[12:18:54] [ITEM_CANCELLED]: EpicCraft117 CANCELOU uma venda de 1x Slimefun Guide (Chest GUI) por $1,000,000.00 em world
[12:18:54] [ITEM_RETURNED]: RETORNADO 1x Slimefun Guide (Chest GUI)  para EpicCraft117 em world
[12:18:55] [ITEM_RETURNED]: RETORNADO 1x Golden Shovel  para EpicCraft117 em world
[12:18:55] [ITEM_CANCELLED]: EpicCraft117 CANCELOU uma venda de 1x Golden Shovel por $1.00 em world
[12:21:42] [ITEM_LISTED]: EpicCraft117 está VENDENDO 1x Netherite Sword [Fire Aspect V, Looting X, Mending, Sharpness X, Unbreaking X] por $100,000.00 em world
[12:24:01] [ITEM_RETURNED]: RETORNADO 1x Netherite Sword  [Fire Aspect V, Looting X, Mending, Sharpness X, Unbreaking X] para EpicCraft117 em world
[12:24:01] [ITEM_CANCELLED]: EpicCraft117 CANCELOU uma venda de 1x Netherite Sword [Fire Aspect V, Looting X, Mending, Sharpness X, Unbreaking X] por $100,000.00 em world
[12:25:39] [ITEM_LISTED]: lasaha está VENDENDO 64x Flask of Knowledge por $400.00 em world
[13:14:13] [ITEM_LISTED]: EpicCraft117 está VENDENDO 1x Skeleton Spawner por $80,000.00 em world
[15:55:37] [ITEM_LISTED]: EpicCraft117 está VENDENDO 5x Chave Voto [unknown] por $100.00 em world
[15:56:08] [ITEM_SOLD]: EpicCraft117 VENDIDO 5x Chave Voto para  [unknown]BruceForc por $100.00 em world
[16:02:34] [ITEM_SOLD]: lasaha VENDIDO 64x Flask of Knowledge para BruceForc por $400.00 em world
[16:14:11] [ITEM_LISTED]: EpicCraft117 está VENDENDO 1x Nether Star por $18,000.00 em world
[16:14:37] [ITEM_CANCELLED]: EpicCraft117 CANCELOU uma venda de 1x Nether Star por $18,000.00 em world
[16:14:37] [ITEM_RETURNED]: RETORNADO 1x Nether Star  para EpicCraft117 em world
[16:41:29] [ITEM_LISTED]: EpicCraft117 está VENDENDO 64x Reinforced Plate por $1,000,000.00 em world
[16:41:45] [ITEM_CANCELLED]: EpicCraft117 CANCELOU uma venda de 64x Reinforced Plate por $1,000,000.00 em world
[16:41:45] [ITEM_RETURNED]: RETORNADO 64x Reinforced Plate  para EpicCraft117 em world
