[11:35:35] [ITEM_LISTED]: EpicCraft117 está VENDENDO 64x Nether Star por $800,000.00 em world_nether
[11:36:18] [ITEM_SOLD]: Karma4046 VENDIDO 28x Radiant Solar Generator para EpicCraft117 por $1,480,000.00 em world
[11:36:22] [ITEM_RETURNED]: RETORNADO 64x Nether Star  para EpicCraft117 em world_nether
[11:36:22] [ITEM_CANCELLED]: EpicCraft117 CANCELOU uma venda de 64x Nether Star por $800,000.00 em world_nether
[11:36:23] [ITEM_RETURNED]: RETORNADO 64x Wither Skeleton Skull  para EpicCraft117 em world
[11:36:23] [ITEM_CANCELLED]: EpicCraft117 CANCELOU uma venda de 64x Wither Skeleton Skull por $50,000.00 em world
[11:36:26] [ITEM_SOLD]: _Vickiy VENDIDO 32x Amethyst Block para EpicCraft117 por $1,500.00 em world
[11:36:28] [ITEM_SOLD]: _Vickiy VENDIDO 2x Wither Skeleton Skull para EpicCraft117 por $1,500.00 em world
[11:36:33] [ITEM_SOLD]: Flocodenevee VENDIDO 1x Machado de Asis para EpicCraft117 por $100,000.00 em world
[11:36:35] [ITEM_SOLD]: fofaluafofa VENDIDO 1x Bee Nest para EpicCraft117 por $500.00 em world
[11:36:37] [ITEM_SOLD]: fofaluafofa VENDIDO 1x Bee Nest para EpicCraft117 por $500.00 em world
[11:36:39] [ITEM_SOLD]: Styxx0 VENDIDO 1x Enderman Head para EpicCraft117 por $1,000.00 em spawn
[11:36:40] [ITEM_SOLD]: NFT_Mix VENDIDO 1x Diamond para EpicCraft117 por $1,000.00 em world
[11:36:45] [ITEM_SOLD]: Kasarsiz_Sucuk VENDIDO 1x Wither Skeleton Skull para EpicCraft117 por $1,000.00 em world_the_end
[11:36:48] [ITEM_SOLD]: NFT_Mix VENDIDO 64x Zinc Ingot para EpicCraft117 por $10,000.00 em world
[11:36:49] [ITEM_SOLD]: NFT_Mix VENDIDO 64x Zinc Ingot para EpicCraft117 por $10,000.00 em world
[11:36:51] [ITEM_SOLD]: NFT_Mix VENDIDO 64x Zinc Ingot para EpicCraft117 por $10,000.00 em world
[11:36:52] [ITEM_SOLD]: NFT_Mix VENDIDO 64x Zinc Ingot para EpicCraft117 por $10,000.00 em world
[11:39:52] [ITEM_LISTED]: LenaMineGirl está VENDENDO 1x Diamond Sword [Knockback II, unknown, unknown] por $50,000.00 em world
[12:00:01] [ITEM_LISTED]: EpicCraft117 está VENDENDO 3x Chave SlimeFun [unknown] por $10,000.00 em world_nether
[12:00:12] [ITEM_SOLD]: EpicCraft117 VENDIDO 3x Chave SlimeFun para  [unknown]Kasarsiz_Sucuk por $10,000.00 em world_nether
[13:24:01] [ITEM_LISTED]: Karma4046 está VENDENDO 6x Radiant Solar Generator por $360,000.00 em world
[13:52:24] [ITEM_LISTED]: lasaha está VENDENDO 10x Boominator 9000 por $10,000,000.00 em world
[14:17:25] [ITEM_LISTED]: Kasarsiz_Sucuk está VENDENDO 1x Iron Pickaxe [Efficiency IV, Fortune IV, unknown] por $5,000.00 em world_the_end
[14:17:34] [ITEM_LISTED]: Kasarsiz_Sucuk está VENDENDO 1x Iron Pickaxe [Efficiency III, Fortune IV, unknown, Unbreaking III] por $5,000.00 em world_the_end
[14:17:40] [ITEM_LISTED]: Kasarsiz_Sucuk está VENDENDO 1x Iron Pickaxe [Efficiency III, Fortune IV, unknown, unknown, Unbreaking II] por $15,000.00 em world_the_end
[20:57:05] [ITEM_LISTED]: Nasi_takin está VENDENDO 1x Poção foda por $1,000,000.00 em world
[20:57:26] [ITEM_SOLD]: Nasi_takin VENDIDO 1x Poção foda para lasaha por $1,000,000.00 em world
[21:36:24] [ITEM_LISTED]: Nasi_takin está VENDENDO 1x Metal Singularity-Warped Root-Void Sword [Bane of Arthropods IV, unknown, unknown, unknown, unknown, unknown, unknown, unknown, Fire Aspect V, unknown, Knockback II, Looting III, Mending, unknown, unknown, unknown, unknown, Sharpness X, unknown, Sweeping Edge III, unknown, unknown, Unbreaking X, unknown, unknown, unknown] por $10,000,000.00 em world
[21:37:52] [ITEM_RETURNED]: RETORNADO 1x Metal Singularity-Warped Root-Void Sword  [Bane of Arthropods IV, unknown, unknown, unknown, unknown, unknown, unknown, unknown, Fire Aspect V, unknown, Knockback II, Looting III, Mending, unknown, unknown, unknown, unknown, Sharpness X, unknown, Sweeping Edge III, unknown, unknown, Unbreaking X, unknown, unknown, unknown] para Nasi_takin em world
[21:37:52] [ITEM_CANCELLED]: Nasi_takin CANCELOU uma venda de 1x Metal Singularity-Warped Root-Void Sword [Bane of Arthropods IV, unknown, unknown, unknown, unknown, unknown, unknown, unknown, Fire Aspect V, unknown, Knockback II, Looting III, Mending, unknown, unknown, unknown, unknown, Sharpness X, unknown, Sweeping Edge III, unknown, unknown, Unbreaking X, unknown, unknown, unknown] por $10,000,000.00 em world
[21:40:44] [ITEM_LISTED]: fofaluafofa está VENDENDO 57x Wooden Sword por $5,000.00 em world
[22:21:19] [ITEM_LISTED]: naclara está VENDENDO 1x Earth Staff [Unbreaking I] por $2,000.00 em world
[22:21:45] [ITEM_LISTED]: LenaMineGirl está VENDENDO 1x ESPADA MORTAL [Mending, Sharpness V, Unbreaking III] por $10,000.00 em world
[22:21:54] [ITEM_RETURNED]: RETORNADO 1x ESPADA MORTAL  [Mending, Sharpness V, Unbreaking III] para LenaMineGirl em world
[22:21:54] [ITEM_CANCELLED]: LenaMineGirl CANCELOU uma venda de 1x ESPADA MORTAL [Mending, Sharpness V, Unbreaking III] por $10,000.00 em world
[22:21:59] [ITEM_LISTED]: LenaMineGirl está VENDENDO 1x ESPADA MORTAL [Mending, Sharpness V, Unbreaking III] por $1,000.00 em world
[22:22:01] [ITEM_LISTED]: naclara está VENDENDO 4x Enchanted Golden Apple por $10,000.00 em world
[22:22:16] [ITEM_LISTED]: naclara está VENDENDO 16x Obsidian por $10,000.00 em world
[22:22:23] [ITEM_RETURNED]: RETORNADO 1x Iron Pickaxe  [Efficiency III, Fortune IV, unknown, unknown, Unbreaking II] para Kasarsiz_Sucuk em world_the_end
[22:22:23] [ITEM_CANCELLED]: Kasarsiz_Sucuk CANCELOU uma venda de 1x Iron Pickaxe [Efficiency III, Fortune IV, unknown, unknown, Unbreaking II] por $15,000.00 em world_the_end
[22:22:23] [ITEM_RETURNED]: RETORNADO 1x Iron Pickaxe  [Efficiency III, Fortune IV, unknown, Unbreaking III] para Kasarsiz_Sucuk em world_the_end
[22:22:23] [ITEM_CANCELLED]: Kasarsiz_Sucuk CANCELOU uma venda de 1x Iron Pickaxe [Efficiency III, Fortune IV, unknown, Unbreaking III] por $5,000.00 em world_the_end
[22:22:23] [ITEM_RETURNED]: RETORNADO 1x Iron Pickaxe  [Efficiency IV, Fortune IV, unknown] para Kasarsiz_Sucuk em world_the_end
[22:22:23] [ITEM_CANCELLED]: Kasarsiz_Sucuk CANCELOU uma venda de 1x Iron Pickaxe [Efficiency IV, Fortune IV, unknown] por $5,000.00 em world_the_end
[22:48:05] [ITEM_LISTED]: Karma4046 está VENDENDO 1x Mythril por $10,000,000.00 em world
[22:49:25] [ITEM_RETURNED]: RETORNADO 1x Mythril  para Karma4046 em world
[22:49:25] [ITEM_CANCELLED]: Karma4046 CANCELOU uma venda de 1x Mythril por $10,000,000.00 em world
