[05:29:47] [ITEM_SOLD]: micar2018 VENDIDO 1x Bow para  [unknown, unknown]Flocodenevee por $10,000.00 em world
[07:50:37] [ITEM_SOLD]: EpicCraft117 VENDIDO 1x Enchanted Book para Koutakun231 por $1,000.00 em world
[13:31:37] [ITEM_SOLD]: Karma4046 VENDIDO 1x Lucky Helmet para  [Blast Protection V, Projectile Protection X, Protection X, Thorns X, Unbreaking X]BruceForc por $80,000.00 em world
[16:19:27] [ITEM_LISTED]: Karma4046 está VENDENDO 64x Lapis Lazuli por $1,984.00 em world
[16:19:42] [ITEM_RETURNED]: RETORNADO 1x Lucky Helmet  [Blast Protection V, Projectile Protection X, Protection X, Thorns X, Unbreaking X] para Karma4046 em Lobby
[16:19:42] [ITEM_CANCELLED]: Karma4046 CANCELOU uma venda de 64x Lapis Lazuli por $1,984.00 em world
[16:19:42] [ITEM_RETURNED]: RETORNADO 1x Lucky Helmet  [Blast Protection V, Projectile Protection X, Protection X, Thorns X, Unbreaking X] para Karma4046 em world
[16:19:42] [ITEM_RETURNED]: RETORNADO 1x Lucky Helmet  [Blast Protection V, Projectile Protection X, Protection X, Thorns X, Unbreaking X] para Karma4046 em world
[16:19:42] [ITEM_CANCELLED]: Karma4046 CANCELOU uma venda de 1x Lucky Helmet [Blast Protection V, Projectile Protection X, Protection X, Thorns X, Unbreaking X] por $80,000.00 em world
[16:19:42] [ITEM_RETURNED]: RETORNADO 1x Lucky Helmet  [Blast Protection V, Projectile Protection X, Protection X, Thorns X, Unbreaking X] para Karma4046 em world
[16:19:42] [ITEM_CANCELLED]: Karma4046 CANCELOU uma venda de 1x Lucky Helmet [Blast Protection V, Projectile Protection X, Protection X, Thorns X, Unbreaking X] por $80,000.00 em world
[16:19:42] [ITEM_CANCELLED]: Karma4046 CANCELOU uma venda de 1x Lucky Helmet [Blast Protection V, Projectile Protection X, Protection X, Thorns X, Unbreaking X] por $80,000.00 em Lobby
[16:19:42] [ITEM_CANCELLED]: Karma4046 CANCELOU uma venda de 1x Lucky Helmet [Blast Protection V, Projectile Protection X, Protection X, Thorns X, Unbreaking X] por $80,000.00 em world
[16:19:42] [ITEM_RETURNED]: RETORNADO 64x Lapis Lazuli  para Karma4046 em world
[16:59:44] [ITEM_LISTED]: Koutakun231 está VENDENDO 51x Basic Ventus Generator por $10,000,000.00 em world
[17:00:27] [ITEM_RETURNED]: RETORNADO 51x Basic Ventus Generator  para Koutakun231 em world
[17:00:27] [ITEM_CANCELLED]: Koutakun231 CANCELOU uma venda de 51x Basic Ventus Generator por $10,000,000.00 em world
[17:04:33] [ITEM_RETURNED]: RETORNADO 64x Netherite Ingot  para Koutakun231 em world
[17:04:33] [ITEM_CANCELLED]: Koutakun231 CANCELOU uma venda de 64x Netherite Ingot por $10,000,000.00 em world
[17:04:33] [ITEM_CANCELLED]: Koutakun231 CANCELOU uma venda de 64x Netherite Ingot por $10,000,000.00 em world
[17:04:33] [ITEM_RETURNED]: RETORNADO 64x Netherite Ingot  para Koutakun231 em world
[17:04:39] [ITEM_LISTED]: Koutakun231 está VENDENDO 64x Netherite Ingot por $30,000.00 em world
[17:04:40] [ITEM_LISTED]: Koutakun231 está VENDENDO 64x Netherite Ingot por $30,000.00 em world
[17:04:43] [ITEM_SOLD]: Koutakun231 VENDIDO 64x Netherite Ingot para micar2018 por $30,000.00 em world
[17:04:45] [ITEM_SOLD]: Koutakun231 VENDIDO 64x Netherite Ingot para Karma4046 por $30,000.00 em world
[17:32:52] [ITEM_LISTED]: Koutakun231 está VENDENDO 58x Nuclear Reactor por $10,000,000.00 em world
[17:33:03] [ITEM_CANCELLED]: Koutakun231 CANCELOU uma venda de 58x Nuclear Reactor por $10,000,000.00 em world
[17:33:03] [ITEM_RETURNED]: RETORNADO 58x Nuclear Reactor  para Koutakun231 em world
[19:13:08] [ITEM_LISTED]: f3rnand0___ está VENDENDO 64x Amethyst Shard por $10,000.00 em world
[19:13:13] [ITEM_SOLD]: f3rnand0___ VENDIDO 64x Amethyst Shard para Koutakun231 por $10,000.00 em world
[19:13:40] [ITEM_LISTED]: f3rnand0___ está VENDENDO 64x Amethyst Shard por $10,000.00 em world
[19:13:47] [ITEM_SOLD]: f3rnand0___ VENDIDO 64x Amethyst Shard para Koutakun231 por $10,000.00 em world
[20:09:32] [ITEM_SOLD]: fofaluafofa VENDIDO 1x Diamond Chestplate para NFT_Mix por $1,000.00 em world
