[00:14:47] [ITEM_RETURNED]: RETORNADO 1x Netherite Chestplate  [Protection III] para Karma4046 em world
[00:14:47] [ITEM_RETURNED]: RETORNADO 1x Netherite Leggings  [Protection I, Thorns II, Unbreaking I] para Karma4046 em world
[00:14:47] [ITEM_CANCELLED]: Karma4046 CANCELOU uma venda de 1x Netherite Leggings [Protection I, Thorns II, Unbreaking I] por $20,000.00 em world
[00:14:47] [ITEM_CANCELLED]: Karma4046 CANCELOU uma venda de 1x Netherite Chestplate [Protection III] por $20,000.00 em world
[00:14:47] [ITEM_RETURNED]: RETORNADO 1x Iron Pickaxe  [Efficiency IV, Fortune III, unknown, unknown, Unbreaking III] para Karma4046 em world_nether
[00:14:47] [ITEM_CANCELLED]: Karma4046 CANCELOU uma venda de 1x Iron Pickaxe [Efficiency IV, Fortune III, unknown, unknown, Unbreaking III] por $20,000.00 em world_nether
[00:21:27] [ITEM_LISTED]: Karma4046 está VENDENDO 1x Netherite Leggings [Protection I, Thorns II, Unbreaking I] por $20,000.00 em world
[00:21:37] [ITEM_LISTED]: Karma4046 está VENDENDO 1x Netherite Chestplate [Protection III] por $20,000.00 em world
[00:24:00] [ITEM_LISTED]: FelixBlue está VENDENDO 1x White Wool por $10,000.00 em world
[00:25:15] [ITEM_LISTED]: FelixBlue está VENDENDO 1x Diamond Chestplate [Protection IV, Unbreaking III] por $7,000.00 em world
[00:29:39] [ITEM_RETURNED]: RETORNADO 1x Netherite Leggings  [Protection I, Thorns II, Unbreaking I] para Karma4046 em world
[00:29:39] [ITEM_RETURNED]: RETORNADO 1x Netherite Chestplate  [Protection III] para Karma4046 em world
[00:29:39] [ITEM_CANCELLED]: Karma4046 CANCELOU uma venda de 1x Netherite Leggings [Protection I, Thorns II, Unbreaking I] por $20,000.00 em world
[00:29:39] [ITEM_CANCELLED]: Karma4046 CANCELOU uma venda de 1x Netherite Chestplate [Protection III] por $20,000.00 em world
[00:30:04] [ITEM_LISTED]: Karma4046 está VENDENDO 1x Netherite Leggings [Protection I, Thorns II, Unbreaking I] por $13,000.00 em spawn
[00:33:32] [ITEM_LISTED]: Karma4046 está VENDENDO 1x Bow [Power II] por $3,000.00 em world
[00:33:43] [ITEM_SOLD]: Karma4046 VENDIDO 1x Bow para  [Power II]FelixBlue por $3,000.00 em world
[00:56:42] [ITEM_LISTED]: Karma4046 está VENDENDO 1x Netherite Chestplate [Protection III] por $20,000.00 em world
[01:30:27] [ITEM_LISTED]: Karma4046 está VENDENDO 1x Netherite Sword [Fire Aspect II, Knockback II, Unbreaking III] por $12,000.00 em world
[01:30:40] [ITEM_SOLD]: Karma4046 VENDIDO 1x Netherite Sword para  [Fire Aspect II, Knockback II, Unbreaking III]FelixBlue por $12,000.00 em world
[01:31:25] [ITEM_SOLD]: FelixBlue VENDIDO 28x Dark Oak Planks para Flocodenevee por $12.00 em world
[01:32:02] [ITEM_SOLD]: Karma4046 VENDIDO 1x Netherite Chestplate para  [Protection III]Flocodenevee por $20,000.00 em world
[01:32:12] [ITEM_SOLD]: FelixBlue VENDIDO 1x Diamond Chestplate para  [Protection IV, Unbreaking III]Flocodenevee por $7,000.00 em world
[01:32:15] [ITEM_SOLD]: Karma4046 VENDIDO 1x Netherite Leggings para  [Protection I, Thorns II, Unbreaking I]Flocodenevee por $13,000.00 em spawn
[01:32:54] [ITEM_LISTED]: Karma4046 está VENDENDO 1x Diamond Shovel [Efficiency IV, Fortune III] por $10,000.00 em world
[01:33:19] [ITEM_SOLD]: Karma4046 VENDIDO 1x Diamond Shovel para  [Efficiency IV, Fortune III]Flocodenevee por $10,000.00 em world
[01:33:58] [ITEM_LISTED]: Karma4046 está VENDENDO 1x Elytra por $20,000.00 em world
[01:34:28] [ITEM_CANCELLED]: Karma4046 CANCELOU uma venda de 1x Elytra por $20,000.00 em world
[01:34:28] [ITEM_RETURNED]: RETORNADO 1x Elytra  para Karma4046 em world
[01:34:49] [ITEM_LISTED]: Karma4046 está VENDENDO 11x Diamond Block por $20,000.00 em world
[01:35:05] [ITEM_SOLD]: Karma4046 VENDIDO 11x Diamond Block para Flocodenevee por $20,000.00 em world
[01:58:24] [ITEM_LISTED]: FelixBlue está VENDENDO 3x Item Frame por $35,000.00 em world
[02:18:00] [ITEM_SOLD]: Styxx0 VENDIDO 1x Wither Skeleton Skull para Flocodenevee por $500.00 em world
[15:09:04] [ITEM_LISTED]: Karma4046 está VENDENDO 1x Enchanted Book por $10,000.00 em world
[15:09:15] [ITEM_RETURNED]: RETORNADO 1x Enchanted Book  para Karma4046 em world
[15:09:15] [ITEM_CANCELLED]: Karma4046 CANCELOU uma venda de 1x Enchanted Book por $10,000.00 em world
[15:09:22] [ITEM_LISTED]: Karma4046 está VENDENDO 1x Enchanted Book por $8,000.00 em world
[15:09:29] [ITEM_LISTED]: Karma4046 está VENDENDO 1x Enchanted Book por $8,000.00 em world
[15:09:36] [ITEM_LISTED]: Karma4046 está VENDENDO 1x Enchanted Book por $8,000.00 em world
[15:09:45] [ITEM_LISTED]: Karma4046 está VENDENDO 1x Enchanted Book por $8,000.00 em world
[15:09:49] [ITEM_LISTED]: Karma4046 está VENDENDO 1x Enchanted Book por $8,000.00 em world
[15:53:37] [ITEM_SOLD]: EpicCraft117 VENDIDO 18x Wither Skeleton Skull para Karma4046 por $25,000.00 em world
[16:33:09] [ITEM_RETURNED]: RETORNADO 1x Enchanted Book  para Karma4046 em world
[16:33:09] [ITEM_CANCELLED]: Karma4046 CANCELOU uma venda de 1x Enchanted Book por $8,000.00 em world
[16:33:09] [ITEM_CANCELLED]: Karma4046 CANCELOU uma venda de 1x Enchanted Book por $8,000.00 em world
[16:33:09] [ITEM_RETURNED]: RETORNADO 1x Enchanted Book  para Karma4046 em world
[16:33:09] [ITEM_RETURNED]: RETORNADO 1x Enchanted Book  para Karma4046 em world
[16:33:09] [ITEM_RETURNED]: RETORNADO 1x Enchanted Book  para Karma4046 em world
[16:33:09] [ITEM_CANCELLED]: Karma4046 CANCELOU uma venda de 1x Enchanted Book por $8,000.00 em world
[16:33:09] [ITEM_CANCELLED]: Karma4046 CANCELOU uma venda de 1x Enchanted Book por $8,000.00 em world
[16:33:09] [ITEM_RETURNED]: RETORNADO 1x Enchanted Book  para Karma4046 em world
[16:33:09] [ITEM_CANCELLED]: Karma4046 CANCELOU uma venda de 1x Enchanted Book por $8,000.00 em world
[16:33:15] [ITEM_LISTED]: Karma4046 está VENDENDO 1x Enchanted Book por $8,000.00 em world
[16:33:52] [ITEM_LISTED]: Karma4046 está VENDENDO 1x Diamond Pickaxe [Efficiency IV, Fortune III, unknown, unknown] por $15,000.00 em world
[16:34:05] [ITEM_LISTED]: Karma4046 está VENDENDO 1x Diamond Sword [unknown, unknown, Knockback II, Sharpness III, Unbreaking III] por $10,000.00 em world
[16:34:59] [ITEM_LISTED]: Karma4046 está VENDENDO 4x Nether Star por $75,000.00 em spawn
[16:35:07] [ITEM_RETURNED]: RETORNADO 1x Enchanted Book  para Karma4046 em world
[16:35:07] [ITEM_RETURNED]: RETORNADO 1x Diamond Pickaxe  [Efficiency IV, Fortune III, unknown, unknown] para Karma4046 em world
[16:35:07] [ITEM_CANCELLED]: Karma4046 CANCELOU uma venda de 1x Enchanted Book por $8,000.00 em world
[16:35:07] [ITEM_CANCELLED]: Karma4046 CANCELOU uma venda de 1x Diamond Sword [unknown, unknown, Knockback II, Sharpness III, Unbreaking III] por $10,000.00 em world
[16:35:07] [ITEM_RETURNED]: RETORNADO 1x Diamond Sword  [unknown, unknown, Knockback II, Sharpness III, Unbreaking III] para Karma4046 em world
[16:35:07] [ITEM_CANCELLED]: Karma4046 CANCELOU uma venda de 1x Diamond Pickaxe [Efficiency IV, Fortune III, unknown, unknown] por $15,000.00 em world
[16:35:07] [ITEM_RETURNED]: RETORNADO 4x Nether Star  para Karma4046 em spawn
[16:35:07] [ITEM_CANCELLED]: Karma4046 CANCELOU uma venda de 4x Nether Star por $75,000.00 em spawn
[16:36:56] [ITEM_LISTED]: Karma4046 está VENDENDO 1x Nether Star por $18,750.00 em spawn
[16:37:01] [ITEM_LISTED]: Karma4046 está VENDENDO 1x Nether Star por $18,750.00 em spawn
[16:37:11] [ITEM_LISTED]: Karma4046 está VENDENDO 1x Nether Star por $18,750.00 em spawn
[16:37:18] [ITEM_LISTED]: Karma4046 está VENDENDO 1x Nether Star por $18,750.00 em spawn
[16:37:35] [ITEM_LISTED]: Karma4046 está VENDENDO 1x Diamond Pickaxe [Efficiency IV, Fortune III, unknown, unknown] por $12,500.00 em spawn
[17:05:19] [ITEM_RETURNED]: RETORNADO 1x Nether Star  para Karma4046 em spawn
[17:05:19] [ITEM_CANCELLED]: Karma4046 CANCELOU uma venda de 1x Nether Star por $18,750.00 em spawn
[17:05:19] [ITEM_RETURNED]: RETORNADO 1x Nether Star  para Karma4046 em spawn
[17:05:19] [ITEM_RETURNED]: RETORNADO 1x Nether Star  para Karma4046 em spawn
[17:05:19] [ITEM_CANCELLED]: Karma4046 CANCELOU uma venda de 1x Nether Star por $18,750.00 em spawn
[17:05:19] [ITEM_CANCELLED]: Karma4046 CANCELOU uma venda de 1x Nether Star por $18,750.00 em spawn
[17:05:19] [ITEM_RETURNED]: RETORNADO 1x Nether Star  para Karma4046 em spawn
[17:05:19] [ITEM_RETURNED]: RETORNADO 1x Diamond Pickaxe  [Efficiency IV, Fortune III, unknown, unknown] para Karma4046 em spawn
[17:05:19] [ITEM_CANCELLED]: Karma4046 CANCELOU uma venda de 1x Diamond Pickaxe [Efficiency IV, Fortune III, unknown, unknown] por $12,500.00 em spawn
[17:05:19] [ITEM_CANCELLED]: Karma4046 CANCELOU uma venda de 1x Nether Star por $18,750.00 em spawn
[17:06:29] [ITEM_LISTED]: Karma4046 está VENDENDO 1x Blaze Spawner por $100,000.00 em spawn
[17:32:41] [ITEM_LISTED]: lasaha está VENDENDO 1x Enchanted Book por $2,000.00 em world
[17:39:22] [ITEM_RETURNED]: RETORNADO 1x Enchanted Book  para lasaha em world
[17:39:22] [ITEM_CANCELLED]: lasaha CANCELOU uma venda de 1x Enchanted Book por $2,000.00 em world
[17:39:29] [ITEM_LISTED]: lasaha está VENDENDO 1x Enchanted Book por $2,000.00 em world
[17:49:46] [ITEM_LISTED]: Karma4046 está VENDENDO 1x Skeleton Spawner por $90,000.00 em world
[18:12:14] [ITEM_SOLD]: lasaha VENDIDO 1x Enchanted Book para Karma4046 por $2,000.00 em world
[18:15:45] [ITEM_LISTED]: lasaha está VENDENDO 4x Netherite Ingot por $7,500.00 em world
[18:17:31] [ITEM_SOLD]: lasaha VENDIDO 4x Netherite Ingot para Karma4046 por $7,500.00 em world
[18:18:31] [ITEM_LISTED]: lasaha está VENDENDO 4x Netherite Ingot por $7,999.00 em world
[18:19:34] [ITEM_SOLD]: lasaha VENDIDO 4x Netherite Ingot para Flocodenevee por $7,999.00 em world
[20:50:28] [ITEM_RETURNED]: RETORNADO 1x Skeleton Spawner  para Karma4046 em world
[20:50:28] [ITEM_CANCELLED]: Karma4046 CANCELOU uma venda de 1x Skeleton Spawner por $90,000.00 em world
[20:50:28] [ITEM_CANCELLED]: Karma4046 CANCELOU uma venda de 1x Blaze Spawner por $100,000.00 em spawn
[20:50:28] [ITEM_RETURNED]: RETORNADO 1x Blaze Spawner  para Karma4046 em spawn
[20:50:35] [ITEM_LISTED]: Karma4046 está VENDENDO 1x Blaze Spawner por $60,000.00 em world
[20:50:42] [ITEM_LISTED]: Karma4046 está VENDENDO 1x Skeleton Spawner por $60,000.00 em world
[20:52:05] [ITEM_CANCELLED]: Karma4046 CANCELOU uma venda de 1x Blaze Spawner por $60,000.00 em world
[20:52:05] [ITEM_RETURNED]: RETORNADO 1x Blaze Spawner  para Karma4046 em world
[20:52:05] [ITEM_CANCELLED]: Karma4046 CANCELOU uma venda de 1x Skeleton Spawner por $60,000.00 em world
[20:52:05] [ITEM_RETURNED]: RETORNADO 1x Skeleton Spawner  para Karma4046 em world
[20:52:07] [ITEM_LISTED]: lasaha está VENDENDO 4x Netherite Ingot por $9,999.00 em world
[20:52:11] [ITEM_SOLD]: lasaha VENDIDO 4x Netherite Ingot para BruceForc por $9,999.00 em world
[20:52:33] [ITEM_LISTED]: lasaha está VENDENDO 64x Netherite Ingot por $10,000,000.00 em world
[20:52:42] [ITEM_LISTED]: Koutakun231 está VENDENDO 64x Netherite Ingot por $10,000,000.00 em world
[20:52:44] [ITEM_RETURNED]: RETORNADO 64x Netherite Ingot  para lasaha em world
[20:52:44] [ITEM_CANCELLED]: lasaha CANCELOU uma venda de 64x Netherite Ingot por $10,000,000.00 em world
[20:52:47] [ITEM_LISTED]: Koutakun231 está VENDENDO 64x Netherite Ingot por $10,000,000.00 em world
[20:52:48] [ITEM_LISTED]: Koutakun231 está VENDENDO 64x Netherite Ingot por $10,000,000.00 em world
[20:52:51] [ITEM_LISTED]: Koutakun231 está VENDENDO 64x Netherite Ingot por $10,000,000.00 em world
[20:52:51] [ITEM_LISTED]: Koutakun231 está VENDENDO 64x Netherite Ingot por $10,000,000.00 em world
[20:52:59] [ITEM_LISTED]: Koutakun231 está VENDENDO 64x Reinforced Alloy Ingot por $10,000,000.00 em world
[20:53:01] [ITEM_LISTED]: Koutakun231 está VENDENDO 29x Carbonado por $10,000,000.00 em world
[20:53:31] [ITEM_LISTED]: Karma4046 está VENDENDO 1x Skeleton Spawner por $50,000.00 em world
[20:53:43] [ITEM_LISTED]: Karma4046 está VENDENDO 1x Blaze Spawner por $50,000.00 em world
[20:53:52] [ITEM_SOLD]: Karma4046 VENDIDO 1x Blaze Spawner para Odisseu por $50,000.00 em world
[21:15:09] [ITEM_LISTED]: Karma4046 está VENDENDO 4x Nether Star por $70,000.00 em world
[21:15:21] [ITEM_CANCELLED]: Karma4046 CANCELOU uma venda de 1x Skeleton Spawner por $50,000.00 em world
[21:15:21] [ITEM_RETURNED]: RETORNADO 1x Skeleton Spawner  para Karma4046 em world
[21:15:21] [ITEM_CANCELLED]: Karma4046 CANCELOU uma venda de 4x Nether Star por $70,000.00 em world
[21:15:21] [ITEM_RETURNED]: RETORNADO 4x Nether Star  para Karma4046 em world
[21:15:33] [ITEM_LISTED]: Karma4046 está VENDENDO 4x Nether Star por $50,000.00 em world
[21:16:26] [ITEM_CANCELLED]: Karma4046 CANCELOU uma venda de 4x Nether Star por $50,000.00 em world
[21:16:26] [ITEM_RETURNED]: RETORNADO 4x Nether Star  para Karma4046 em world
[21:16:31] [ITEM_LISTED]: Karma4046 está VENDENDO 4x Nether Star por $45,000.00 em world
[21:16:32] [ITEM_SOLD]: Karma4046 VENDIDO 4x Nether Star para BruceForc por $45,000.00 em world
[21:16:55] [ITEM_LISTED]: Karma4046 está VENDENDO 1x Mob Spawner (Blaze) por $50,000.00 em world
[21:16:58] [ITEM_LISTED]: BruceForc está VENDENDO 1x Netherite Boots [Protection IV, Unbreaking III] por $50,000.00 em world
[21:17:08] [ITEM_LISTED]: Karma4046 está VENDENDO 1x Skeleton Spawner por $50,000.00 em world
[21:17:33] [ITEM_LISTED]: BruceForc está VENDENDO 1x ESPADA MORTAL [Mending, Sharpness V, Unbreaking III] por $20,000.00 em world
[21:17:46] [ITEM_RETURNED]: RETORNADO 1x ESPADA MORTAL  [Mending, Sharpness V, Unbreaking III] para BruceForc em world
[21:17:46] [ITEM_CANCELLED]: BruceForc CANCELOU uma venda de 1x ESPADA MORTAL [Mending, Sharpness V, Unbreaking III] por $20,000.00 em world
[21:18:07] [ITEM_RETURNED]: RETORNADO 1x Netherite Boots  [Protection IV, Unbreaking III] para BruceForc em world
[21:18:07] [ITEM_CANCELLED]: BruceForc CANCELOU uma venda de 1x Netherite Boots [Protection IV, Unbreaking III] por $50,000.00 em world
[21:18:23] [ITEM_RETURNED]: RETORNADO 1x Mob Spawner (Blaze)  para Karma4046 em world
[21:18:23] [ITEM_CANCELLED]: Karma4046 CANCELOU uma venda de 1x Mob Spawner (Blaze) por $50,000.00 em world
[21:18:23] [ITEM_RETURNED]: RETORNADO 1x Skeleton Spawner  para Karma4046 em world
[21:18:23] [ITEM_CANCELLED]: Karma4046 CANCELOU uma venda de 1x Skeleton Spawner por $50,000.00 em world
[21:18:25] [ITEM_LISTED]: BruceForc está VENDENDO 1x Netherite Boots [Protection IV, Unbreaking III] por $20,000.00 em world
[21:18:31] [ITEM_LISTED]: Karma4046 está VENDENDO 1x Mob Spawner (Blaze) por $20,000.00 em world
[21:18:40] [ITEM_LISTED]: Karma4046 está VENDENDO 1x Skeleton Spawner por $20,000.00 em world
[21:18:41] [ITEM_RETURNED]: RETORNADO 1x Netherite Boots  [Protection IV, Unbreaking III] para BruceForc em world
[21:18:41] [ITEM_CANCELLED]: BruceForc CANCELOU uma venda de 1x Netherite Boots [Protection IV, Unbreaking III] por $20,000.00 em world
[21:18:51] [ITEM_LISTED]: BruceForc está VENDENDO 1x Netherite Boots [Protection IV, Unbreaking III] por $10,000.00 em world
