[13:24:30] [ITEM_LISTED]: fofaluafofa está VENDENDO 50x Iron Block por $10,000.00 em world
[13:24:48] [ITEM_SOLD]: lasaha VENDIDO 64x Netherite Block para DeadSkyZ_ por $15,000.00 em world
[13:24:50] [ITEM_SOLD]: lasaha VENDIDO 64x Netherite Block para DeadSkyZ_ por $15,000.00 em world
[13:24:51] [ITEM_SOLD]: lasaha VENDIDO 6x Netherite Block para DeadSkyZ_ por $1,000.00 em world
[13:25:03] [ITEM_LISTED]: EpicCraft117 está VENDENDO 64x Netherite Block por $100,000.00 em world
[13:25:03] [ITEM_SOLD]: fofaluafofa VENDIDO 50x Iron Block para Karma4046 por $10,000.00 em world
[13:25:34] [ITEM_LISTED]: fofaluafofa está VENDENDO 1x Beacon por $10,000.00 em world
[13:26:17] [ITEM_RETURNED]: RETORNADO 1x Beacon  para fofaluafofa em world
[13:26:17] [ITEM_CANCELLED]: fofaluafofa CANCELOU uma venda de 1x Beacon por $10,000.00 em world
[13:26:23] [ITEM_CANCELLED]: fofaluafofa CANCELOU uma venda de 1x Bee Nest por $2,000.00 em world
[13:26:23] [ITEM_RETURNED]: RETORNADO 1x Bee Nest  para fofaluafofa em world
[13:26:36] [ITEM_LISTED]: fofaluafofa está VENDENDO 1x Bee Nest por $500.00 em world
[13:26:38] [ITEM_LISTED]: fofaluafofa está VENDENDO 1x Beacon por $500.00 em world
[13:26:43] [ITEM_SOLD]: fofaluafofa VENDIDO 1x Beacon para luanzerr4 por $500.00 em world
[13:26:46] [ITEM_LISTED]: fofaluafofa está VENDENDO 1x Bee Nest por $500.00 em world
[13:27:05] [ITEM_LISTED]: fofaluafofa está VENDENDO 1x Netherite Sword [Mending, Sharpness V, Unbreaking III] por $1,500.00 em world
[13:27:16] [ITEM_LISTED]: fofaluafofa está VENDENDO 1x Netherite Sword [Mending, Sharpness V, Unbreaking III] por $1.00 em world
[13:27:21] [ITEM_SOLD]: fofaluafofa VENDIDO 1x Netherite Sword para  [Mending, Sharpness V, Unbreaking III]DeadSkyZ_ por $1.00 em world
[13:27:44] [ITEM_SOLD]: fofaluafofa VENDIDO 1x Netherite Sword para  [Mending, Sharpness V, Unbreaking III]LenaMineGirl por $1,500.00 em world
[13:28:20] [ITEM_LISTED]: fofaluafofa está VENDENDO 1x Shears por $1.00 em world
[13:28:25] [ITEM_LISTED]: fofaluafofa está VENDENDO 1x String por $1.00 em world
[13:28:27] [ITEM_LISTED]: fofaluafofa está VENDENDO 1x Light Blue Wool por $1.00 em world
[13:28:31] [ITEM_LISTED]: LenaMineGirl está VENDENDO 1x Netherite Sword [Mending, Sharpness V, Unbreaking III] por $1.00 em world
[13:28:39] [ITEM_CANCELLED]: LenaMineGirl CANCELOU uma venda de 1x Netherite Sword [Mending, Sharpness V, Unbreaking III] por $1.00 em world
[13:28:39] [ITEM_RETURNED]: RETORNADO 1x Netherite Sword  [Mending, Sharpness V, Unbreaking III] para LenaMineGirl em world
[13:28:48] [ITEM_LISTED]: EpicCraft117 está VENDENDO 64x Wither Skeleton Skull por $50,000.00 em world
[13:28:51] [ITEM_LISTED]: LenaMineGirl está VENDENDO 1x Netherite Sword [Mending, Sharpness V, Unbreaking III] por $1,000.00 em world
[13:28:53] [ITEM_CANCELLED]: EpicCraft117 CANCELOU uma venda de 64x Netherite Block por $100,000.00 em world
[13:28:53] [ITEM_RETURNED]: RETORNADO 64x Netherite Block  para EpicCraft117 em world
[13:29:17] [ITEM_SOLD]: LenaMineGirl VENDIDO 1x Netherite Sword para  [Mending, Sharpness V, Unbreaking III]fofaluafofa por $1,000.00 em world
[13:30:57] [ITEM_RETURNED]: RETORNADO 1x Shears  para fofaluafofa em world
[13:30:57] [ITEM_CANCELLED]: fofaluafofa CANCELOU uma venda de 1x Shears por $1.00 em world
[13:30:59] [ITEM_LISTED]: fofaluafofa está VENDENDO 1x Netherite Sword [Mending, Sharpness V, Unbreaking III] por $200,000.00 em world
[13:31:15] [ITEM_CANCELLED]: fofaluafofa CANCELOU uma venda de 1x String por $1.00 em world
[13:31:15] [ITEM_RETURNED]: RETORNADO 1x String  para fofaluafofa em world
[13:31:18] [ITEM_CANCELLED]: fofaluafofa CANCELOU uma venda de 1x Light Blue Wool por $1.00 em world
[13:31:18] [ITEM_RETURNED]: RETORNADO 1x Light Blue Wool  para fofaluafofa em world
[13:31:21] [ITEM_RETURNED]: RETORNADO 1x Netherite Sword  [Mending, Sharpness V, Unbreaking III] para fofaluafofa em world
[13:31:21] [ITEM_CANCELLED]: fofaluafofa CANCELOU uma venda de 1x Netherite Sword [Mending, Sharpness V, Unbreaking III] por $200,000.00 em world
[13:34:28] [ITEM_LISTED]: Flocodenevee está VENDENDO 1x Machado de Asis por $100,000.00 em world
[13:44:49] [ITEM_LISTED]: DeadSkyZ_ está VENDENDO 64x Quartz por $2,500.00 em world
[13:44:53] [ITEM_LISTED]: DeadSkyZ_ está VENDENDO 64x Quartz por $2,500.00 em world
[13:44:54] [ITEM_LISTED]: DeadSkyZ_ está VENDENDO 64x Quartz por $2,500.00 em world
[13:44:56] [ITEM_LISTED]: DeadSkyZ_ está VENDENDO 64x Quartz por $2,500.00 em world
[13:44:58] [ITEM_LISTED]: DeadSkyZ_ está VENDENDO 64x Quartz por $2,500.00 em world
[13:45:02] [ITEM_LISTED]: DeadSkyZ_ está VENDENDO 64x Quartz por $2,500.00 em world
[13:45:12] [ITEM_LISTED]: LenaMineGirl está VENDENDO 64x Dirt por $1,000.00 em world
[13:45:15] [ITEM_LISTED]: LenaMineGirl está VENDENDO 64x Dirt por $1,000.00 em world
[13:45:18] [ITEM_LISTED]: LenaMineGirl está VENDENDO 64x Dirt por $1,000.00 em world
[13:45:23] [ITEM_LISTED]: LenaMineGirl está VENDENDO 64x Dirt por $1,000.00 em world
[13:45:25] [ITEM_LISTED]: LenaMineGirl está VENDENDO 64x Dirt por $1,000.00 em world
[13:45:27] [ITEM_LISTED]: LenaMineGirl está VENDENDO 64x Dirt por $1,000.00 em world
[13:45:31] [ITEM_LISTED]: LenaMineGirl está VENDENDO 64x Dirt por $1,000.00 em world
[13:47:06] [ITEM_SOLD]: Karma4046 VENDIDO 1x Lucky Boots para  [Blast Protection V, Feather Falling III, unknown, Mending, Projectile Protection X, Protection X, Thorns X, Unbreaking X]LenaMineGirl por $80,000.00 em world
[13:47:32] [ITEM_RETURNED]: RETORNADO 64x Dirt  para LenaMineGirl em world
[13:47:32] [ITEM_CANCELLED]: LenaMineGirl CANCELOU uma venda de 64x Dirt por $1,000.00 em world
[13:47:36] [ITEM_LISTED]: LenaMineGirl está VENDENDO 1x Lucky Boots [Blast Protection V, Feather Falling III, unknown, Mending, Projectile Protection X, Protection X, Thorns X, Unbreaking X] por $8,000.00 em world
[13:47:46] [ITEM_SOLD]: LenaMineGirl VENDIDO 1x Lucky Boots para  [Blast Protection V, Feather Falling III, unknown, Mending, Projectile Protection X, Protection X, Thorns X, Unbreaking X]DeadSkyZ_ por $8,000.00 em world
[13:51:28] [ITEM_LISTED]: LenaMineGirl está VENDENDO 5x Nether Star por $100,000.00 em world
[13:51:54] [ITEM_RETURNED]: RETORNADO 5x Nether Star  para LenaMineGirl em world
[13:51:54] [ITEM_CANCELLED]: LenaMineGirl CANCELOU uma venda de 5x Nether Star por $100,000.00 em world
[13:51:57] [ITEM_LISTED]: LenaMineGirl está VENDENDO 5x Nether Star por $10,000.00 em world
[13:52:57] [ITEM_RETURNED]: RETORNADO 64x Dirt  para LenaMineGirl em world
[13:52:57] [ITEM_CANCELLED]: LenaMineGirl CANCELOU uma venda de 64x Dirt por $1,000.00 em world
[13:52:57] [ITEM_RETURNED]: RETORNADO 64x Dirt  para LenaMineGirl em world
[13:52:57] [ITEM_CANCELLED]: LenaMineGirl CANCELOU uma venda de 64x Dirt por $1,000.00 em world
[13:52:57] [ITEM_CANCELLED]: LenaMineGirl CANCELOU uma venda de 64x Dirt por $1,000.00 em world
[13:52:57] [ITEM_RETURNED]: RETORNADO 64x Dirt  para LenaMineGirl em world
[13:52:58] [ITEM_CANCELLED]: LenaMineGirl CANCELOU uma venda de 64x Dirt por $1,000.00 em world
[13:52:58] [ITEM_RETURNED]: RETORNADO 64x Dirt  para LenaMineGirl em world
[13:52:59] [ITEM_CANCELLED]: LenaMineGirl CANCELOU uma venda de 64x Dirt por $1,000.00 em world
[13:52:59] [ITEM_RETURNED]: RETORNADO 64x Dirt  para LenaMineGirl em world
[13:52:59] [ITEM_CANCELLED]: LenaMineGirl CANCELOU uma venda de 64x Dirt por $1,000.00 em world
[13:52:59] [ITEM_RETURNED]: RETORNADO 64x Dirt  para LenaMineGirl em world
[13:53:07] [ITEM_LISTED]: LenaMineGirl está VENDENDO 64x Netherite Ingot por $100,000.00 em world
[15:18:05] [ITEM_CANCELLED]: LenaMineGirl CANCELOU uma venda de 64x Netherite Ingot por $100,000.00 em world
[15:18:05] [ITEM_RETURNED]: RETORNADO 64x Netherite Ingot  para LenaMineGirl em world
[16:44:11] [ITEM_LISTED]: Koutakun231 está VENDENDO 64x Reinforced Alloy Ingot por $50,000.00 em world
[16:58:31] [ITEM_LISTED]: Koutakun231 está VENDENDO 1x Damascus Steel-Carbon Mesh-Tin Helmet por $30,000.00 em world
[16:58:32] [ITEM_LISTED]: Koutakun231 está VENDENDO 1x Damascus Steel-Carbon Mesh-Tin Chestplate por $30,000.00 em world
[16:58:33] [ITEM_LISTED]: Koutakun231 está VENDENDO 1x Damascus Steel-Carbon Mesh-Tin Leggings por $30,000.00 em world
[16:58:33] [ITEM_LISTED]: Koutakun231 está VENDENDO 1x Damascus Steel-Carbon Mesh-Tin Boots por $30,000.00 em world
[16:58:44] [ITEM_SOLD]: Koutakun231 VENDIDO 1x Damascus Steel-Carbon Mesh-Tin Helmet para Karma4046 por $30,000.00 em world
[16:58:48] [ITEM_SOLD]: Koutakun231 VENDIDO 1x Damascus Steel-Carbon Mesh-Tin Chestplate para Karma4046 por $30,000.00 em world
[16:58:50] [ITEM_SOLD]: Koutakun231 VENDIDO 1x Damascus Steel-Carbon Mesh-Tin Leggings para Karma4046 por $30,000.00 em world
[16:58:51] [ITEM_SOLD]: Koutakun231 VENDIDO 1x Damascus Steel-Carbon Mesh-Tin Boots para Karma4046 por $30,000.00 em world
[17:13:29] [ITEM_LISTED]: lasaha está VENDENDO 64x Emerald por $10.00 em world
[17:13:36] [ITEM_LISTED]: lasaha está VENDENDO 64x Emerald por $10.00 em world
[17:13:38] [ITEM_SOLD]: lasaha VENDIDO 64x Emerald para luanzerr4 por $10.00 em world
[17:13:39] [ITEM_SOLD]: lasaha VENDIDO 64x Emerald para luanzerr4 por $10.00 em world
[17:13:52] [ITEM_LISTED]: lasaha está VENDENDO 64x Emerald por $1.00 em world
[17:13:53] [ITEM_SOLD]: lasaha VENDIDO 64x Emerald para LenaMineGirl por $1.00 em world
[17:13:54] [ITEM_LISTED]: lasaha está VENDENDO 64x Emerald por $1.00 em world
[17:13:56] [ITEM_SOLD]: lasaha VENDIDO 64x Emerald para luanzerr4 por $1.00 em world
[17:13:56] [ITEM_LISTED]: lasaha está VENDENDO 64x Emerald por $1.00 em world
[17:13:57] [ITEM_SOLD]: lasaha VENDIDO 64x Emerald para luanzerr4 por $1.00 em world
[17:15:50] [ITEM_LISTED]: lasaha está VENDENDO 64x Netherite Block por $0.10 em world
[17:15:51] [ITEM_SOLD]: lasaha VENDIDO 64x Netherite Block para luanzerr4 por $0.10 em world
[18:06:20] [ITEM_SOLD]: DeadSkyZ_ VENDIDO 64x Quartz para LehDoka por $2,500.00 em world
[18:06:24] [ITEM_SOLD]: DeadSkyZ_ VENDIDO 64x Quartz para LehDoka por $2,500.00 em world
[20:03:36] [ITEM_LISTED]: Karma4046 está VENDENDO 64x Wither Skeleton Skull por $64,000.00 em world
[20:54:35] [ITEM_CANCELLED]: Karma4046 CANCELOU uma venda de 64x Wither Skeleton Skull por $64,000.00 em world
[20:54:35] [ITEM_RETURNED]: RETORNADO 64x Wither Skeleton Skull  para Karma4046 em world
[20:54:37] [ITEM_CANCELLED]: Karma4046 CANCELOU uma venda de 1x Lucky Helmet [Blast Protection V, unknown, Mending, Projectile Protection X, Protection X, Thorns X, Unbreaking X] por $80,000.00 em world
[20:54:37] [ITEM_RETURNED]: RETORNADO 1x Lucky Helmet  [Blast Protection V, unknown, Mending, Projectile Protection X, Protection X, Thorns X, Unbreaking X] para Karma4046 em world
[20:54:37] [ITEM_RETURNED]: RETORNADO 1x Lucky Chestplate  [Blast Protection V, unknown, Mending, Projectile Protection X, Protection X, Thorns X, Unbreaking III] para Karma4046 em world
[20:54:37] [ITEM_CANCELLED]: Karma4046 CANCELOU uma venda de 1x Lucky Chestplate [Blast Protection V, unknown, Mending, Projectile Protection X, Protection X, Thorns X, Unbreaking III] por $100,000.00 em world
[20:55:05] [ITEM_LISTED]: Karma4046 está VENDENDO 64x Nether Star por $1,000,000.00 em world
[20:55:09] [ITEM_LISTED]: Karma4046 está VENDENDO 64x Nether Star por $10,000,000.00 em world
[20:55:14] [ITEM_LISTED]: Karma4046 está VENDENDO 64x Nether Star por $1,000,000.00 em world
[20:55:18] [ITEM_LISTED]: Karma4046 está VENDENDO 27x Nether Star por $1,000,000.00 em world
