[12:23:37] [ITEM_LISTED]: lasaha está VENDENDO 3x Wither Skeleton Skull por $4,000.00 em world
[12:23:44] [ITEM_CANCELLED]: lasaha CANCELOU uma venda de 3x Wither Skeleton Skull por $4,000.00 em world
[12:23:44] [ITEM_RETURNED]: RETORNADO 3x Wither Skeleton Skull  para lasaha em world
[12:23:50] [ITEM_LISTED]: lasaha está VENDENDO 3x Wither Skeleton Skull por $5,000.00 em world
[12:24:00] [ITEM_LISTED]: EpicCraft117 está VENDENDO 42x Wither Skeleton Skull por $130,000.00 em world
[12:24:13] [ITEM_RETURNED]: RETORNADO 42x Wither Skeleton Skull  para EpicCraft117 em world
[12:24:13] [ITEM_CANCELLED]: EpicCraft117 CANCELOU uma venda de 42x Wither Skeleton Skull por $130,000.00 em world
[12:25:17] [ITEM_LISTED]: lasaha está VENDENDO 64x Flask of Knowledge por $400.00 em world
[12:25:25] [ITEM_LISTED]: lasaha está VENDENDO 64x Flask of Knowledge por $400.00 em world
[12:25:27] [ITEM_LISTED]: lasaha está VENDENDO 64x Flask of Knowledge por $400.00 em world
[12:25:40] [ITEM_CANCELLED]: lasaha CANCELOU uma venda de 3x Wither Skeleton Skull por $5,000.00 em world
[12:25:40] [ITEM_RETURNED]: RETORNADO 3x Wither Skeleton Skull  para lasaha em world
[12:25:49] [ITEM_LISTED]: lasaha está VENDENDO 3x Wither Skeleton Skull por $5,000.00 em world
[12:52:27] [ITEM_RETURNED]: RETORNADO 3x Wither Skeleton Skull  para lasaha em world
[12:52:27] [ITEM_CANCELLED]: lasaha CANCELOU uma venda de 3x Wither Skeleton Skull por $5,000.00 em world
[12:59:25] [ITEM_SOLD]: lasaha VENDIDO 64x Flask of Knowledge para Koutakun231 por $400.00 em world
[13:48:33] [ITEM_LISTED]: Koutakun231 está VENDENDO 1x Wither Head por $1,000.00 em world
[13:53:19] [ITEM_LISTED]: Styxx0 está VENDENDO 1x Wither Skeleton Skull por $500.00 em world
[13:54:24] [ITEM_LISTED]: Styxx0 está VENDENDO 1x Wither Skeleton Skull por $500.00 em world
[13:59:20] [ITEM_LISTED]: EpicCraft117 está VENDENDO 17x Wither Skeleton Skull por $55,000.00 em world
[14:00:19] [ITEM_LISTED]: EpicCraft117 está VENDENDO 18x Wither Skeleton Skull por $25,000.00 em world
[14:00:26] [ITEM_RETURNED]: RETORNADO 17x Wither Skeleton Skull  para EpicCraft117 em world
[14:00:26] [ITEM_CANCELLED]: EpicCraft117 CANCELOU uma venda de 17x Wither Skeleton Skull por $55,000.00 em world
[16:16:12] [ITEM_LISTED]: Karma4046 está VENDENDO 1x Diamond Leggings [Projectile Protection III] por $1,000.00 em world
[18:15:12] [ITEM_RETURNED]: RETORNADO 1x Diamond Leggings  [Projectile Protection III] para Karma4046 em world
[18:15:12] [ITEM_CANCELLED]: Karma4046 CANCELOU uma venda de 1x Diamond Leggings [Projectile Protection III] por $1,000.00 em world
[22:50:35] [ITEM_LISTED]: Karma4046 está VENDENDO 1x Netherite Chestplate [Protection III] por $20,000.00 em world
[22:53:09] [ITEM_LISTED]: Karma4046 está VENDENDO 1x Diamond Chestplate [Protection IV, Unbreaking III] por $5,000.00 em world
[22:53:50] [ITEM_SOLD]: Koutakun231 VENDIDO 1x Wither Head para lasaha por $1,000.00 em world
[22:54:24] [ITEM_RETURNED]: RETORNADO 1x Diamond Chestplate  [Protection IV, Unbreaking III] para Karma4046 em world
[22:54:24] [ITEM_CANCELLED]: Karma4046 CANCELOU uma venda de 1x Netherite Chestplate [Protection III] por $20,000.00 em world
[22:54:24] [ITEM_RETURNED]: RETORNADO 1x Netherite Chestplate  [Protection III] para Karma4046 em world
[22:54:24] [ITEM_CANCELLED]: Karma4046 CANCELOU uma venda de 1x Diamond Chestplate [Protection IV, Unbreaking III] por $5,000.00 em world
[22:55:26] [ITEM_LISTED]: Karma4046 está VENDENDO 1x Diamond Chestplate [Protection IV, Unbreaking III] por $7,000.00 em world
[22:56:31] [ITEM_LISTED]: Karma4046 está VENDENDO 1x Netherite Leggings [Protection I, Thorns II, Unbreaking I] por $20,000.00 em world
[22:57:34] [ITEM_SOLD]: lasaha VENDIDO 64x Flask of Knowledge para FelixBlue por $400.00 em world
[22:57:39] [ITEM_SOLD]: lasaha VENDIDO 64x Flask of Knowledge para FelixBlue por $400.00 em world
[22:57:43] [ITEM_LISTED]: Karma4046 está VENDENDO 1x Netherite Chestplate [Protection III] por $20,000.00 em world
[22:58:02] [ITEM_SOLD]: Karma4046 VENDIDO 1x Diamond Chestplate para  [Protection IV, Unbreaking III]FelixBlue por $7,000.00 em world
[23:00:12] [ITEM_LISTED]: FelixBlue está VENDENDO 1x Diamond Chestplate [Protection IV, Unbreaking III] por $12.00 em world
[23:00:38] [ITEM_SOLD]: FelixBlue VENDIDO 1x Diamond Chestplate para  [Protection IV, Unbreaking III]f3rnand0___ por $12.00 em world
[23:02:41] [ITEM_LISTED]: FelixBlue está VENDENDO 28x Dark Oak Planks por $12.00 em world
[23:16:59] [ITEM_LISTED]: Karma4046 está VENDENDO 1x Iron Pickaxe [Efficiency IV, Fortune III, unknown, unknown, Unbreaking III] por $20,000.00 em world_nether
