[07/21/2023 16:41:21]:           __             _       
[07/21/2023 16:41:21]:   _ __   / /  ___   __ _(_)_ __  
[07/21/2023 16:41:21]:  | '_ \ / /  / _ \ / _` | | '_ \ 
[07/21/2023 16:41:21]:  | | | / /__| (_) | (_| | | | | |
[07/21/2023 16:41:21]:  |_| |_\____/\___/ \__, |_|_| |_|
[07/21/2023 16:41:21]:                   |___/            
[07/21/2023 16:41:21]:  By: www.nickuc.com - V 10.1.16
[07/21/2023 16:41:21]: 
[07/21/2023 16:41:22]: [nLogin] [DEBUG] All settings were loaded in 344 ms.
[07/21/2023 16:41:22]: [nLogin] [DEBUG] Loading the messages_br.yml message file...
[07/21/2023 16:41:22]: [nLogin] [DEBUG] All plugin messages were loaded in 81 ms (languageByClient=false).
[07/21/2023 16:41:22]: [nLogin] [DEBUG] All proxy settings were loaded in 25 ms.
[07/21/2023 16:41:22]: [nLogin] [DEBUG] Starting logger filter...
[07/21/2023 16:41:22]: [nLogin] [DEBUG] Loading database...
[07/21/2023 16:41:23]: [nLogin] nLogin foi carregado em 1746ms.
[07/21/2023 16:42:27]: [nLogin] [DEBUG] [SQLite] [UPDATE]: "UPDATE `nlogin` SET `realname` = 'iTakinn', `uniqueId` = 18f7bf455c6537419541bde30f073d69,  `premiumId` = null,  `premium` = -1,  `password` = '$SHA512$cd1f9c1c426fbe9a97d0154487e54175576d873dd264df4a9af2f05f0934214836afb864fdd49c836018dd11746c2075640dab42e06f76b793454761f428186f$pwYSJcaOsiFCOCEUnygbNwxs', `address` = '127.0.0.1', `regdate` = 2023-07-08 11:22:12.66, `lastlogin` = 2023-07-21 16:42:27.801, `email` = null, `twitter` = null, `discord` = null, `settings` = '{"settings":[{"value":"Whrbg9u9UbVfbM3HSyD1lC12B7TPBpi/q33EDsWRribfacgufQvIQ0Vt9KH0l6ckE/CmH2FCiPnwUdsWjPNsMXIp9JfZmWI7QqWj5rKja7ctv7qUxkdBACx2raNk1We/K+xVW9SFNoO5HpZW5O29SuyBRvs185qn6GhCfjRrS0AUJAyyPmNqXCx9fEPAVXCdGkr7nHskGjKCM6pGL4i6bH3uwawc+wrLV84JdMNg6OLH4QsUpMEANefAipudilYjOUpzPKxfsyAyqU0+rT9c5h7GpQniLon1EXpvMKlVZ1HzSLTDxzDv7TKelmsn2UbxSulN+qSOxOyU0AVa/eF/YxUFGxIkT0fXTeTV6HJ/9GJs5MeT3OT3zqDdkw5DrnEOaBp2nqtIUyxBYsUAaYjCPF6GxqPCfAtiXIUIuaur756qTy2hFDJPiC2ZpwPuMzaEZ5imxA9Jg6gIat0pzzKvgZHbt4pXDk1uBM1tnMorjAcdTS68B+0dEvktuuaW+6iQbJsymhlonrToNEwBp/8+K4K9z/OzQm2oIaRM8ARKd07DJ6a2fn/EHMal62OgesuisDvtLhVu6+CAp+unFA6U5WpVY71fYU3ebf6kItuZIBROKXEXlAOd1+Jp/H4B5YzsQy+B2itx9y3mTmEhXy7YbAAuhaaxN4c8YdpXU/RSWts=:xwpyPMXD/qfM13QB8il2CNc6vNAZrQeFwFdg/dD+llMzQUqAB9UA/yMDU/k6GEEkO3TC","key":"encrypted"}],"version":0}' WHERE `id` = 1"
[07/21/2023 16:42:27]: [nLogin] O usuário iTakinn se autenticou com sucesso.
[07/21/2023 18:01:01]: [nLogin] Successful plugin core shutdown (took 0.00s)
[07/21/2023 18:01:01]: [nLogin] 
[07/21/2023 18:01:01]: [nLogin] Encerrando o nLogin V 10.1.16...
[07/21/2023 18:01:01]: [nLogin] 
[07/21/2023 18:01:01]: [nLogin] nLogin foi encerrado em 8ms.
