[07/09/2023 13:29:25]:           __             _       
[07/09/2023 13:29:25]:   _ __   / /  ___   __ _(_)_ __  
[07/09/2023 13:29:25]:  | '_ \ / /  / _ \ / _` | | '_ \ 
[07/09/2023 13:29:25]:  | | | / /__| (_) | (_| | | | | |
[07/09/2023 13:29:25]:  |_| |_\____/\___/ \__, |_|_| |_|
[07/09/2023 13:29:25]:                   |___/            
[07/09/2023 13:29:25]:  By: www.nickuc.com - V 10.1.16
[07/09/2023 13:29:25]: 
[07/09/2023 13:29:26]: [nLogin] [DEBUG] All settings were loaded in 395 ms.
[07/09/2023 13:29:26]: [nLogin] [DEBUG] Loading the messages_br.yml message file...
[07/09/2023 13:29:26]: [nLogin] [DEBUG] All plugin messages were loaded in 109 ms (languageByClient=false).
[07/09/2023 13:29:26]: [nLogin] [DEBUG] All proxy settings were loaded in 30 ms.
[07/09/2023 13:29:26]: [nLogin] [DEBUG] Starting logger filter...
[07/09/2023 13:29:26]: [nLogin] [DEBUG] Loading database...
[07/09/2023 13:29:27]: [nLogin] nLogin foi carregado em 1672ms.
[07/09/2023 13:31:22]: [nLogin] Successful plugin core shutdown (took 0.00s)
[07/09/2023 13:31:22]: [nLogin] 
[07/09/2023 13:31:22]: [nLogin] Encerrando o nLogin V 10.1.16...
[07/09/2023 13:31:22]: [nLogin] 
[07/09/2023 13:31:22]: [nLogin] nLogin foi encerrado em 6ms.
