[07/09/2023 15:52:30]:           __             _       
[07/09/2023 15:52:30]:   _ __   / /  ___   __ _(_)_ __  
[07/09/2023 15:52:30]:  | '_ \ / /  / _ \ / _` | | '_ \ 
[07/09/2023 15:52:30]:  | | | / /__| (_) | (_| | | | | |
[07/09/2023 15:52:30]:  |_| |_\____/\___/ \__, |_|_| |_|
[07/09/2023 15:52:30]:                   |___/            
[07/09/2023 15:52:30]:  By: www.nickuc.com - V 10.1.16
[07/09/2023 15:52:30]: 
[07/09/2023 15:52:30]: [nLogin] [DEBUG] All settings were loaded in 356 ms.
[07/09/2023 15:52:30]: [nLogin] [DEBUG] Loading the messages_br.yml message file...
[07/09/2023 15:52:30]: [nLogin] [DEBUG] All plugin messages were loaded in 81 ms (languageByClient=false).
[07/09/2023 15:52:30]: [nLogin] [DEBUG] All proxy settings were loaded in 26 ms.
[07/09/2023 15:52:30]: [nLogin] [DEBUG] Starting logger filter...
[07/09/2023 15:52:30]: [nLogin] [DEBUG] Loading database...
[07/09/2023 15:52:31]: [nLogin] nLogin foi carregado em 1380ms.
[07/09/2023 16:35:35]: [nLogin] Successful plugin core shutdown (took 0.00s)
[07/09/2023 16:35:35]: [nLogin] 
[07/09/2023 16:35:35]: [nLogin] Encerrando o nLogin V 10.1.16...
[07/09/2023 16:35:35]: [nLogin] 
[07/09/2023 16:35:35]: [nLogin] nLogin foi encerrado em 5ms.
