[07/08/2023 14:30:59]:           __             _       
[07/08/2023 14:30:59]:   _ __   / /  ___   __ _(_)_ __  
[07/08/2023 14:30:59]:  | '_ \ / /  / _ \ / _` | | '_ \ 
[07/08/2023 14:30:59]:  | | | / /__| (_) | (_| | | | | |
[07/08/2023 14:30:59]:  |_| |_\____/\___/ \__, |_|_| |_|
[07/08/2023 14:30:59]:                   |___/            
[07/08/2023 14:30:59]:  By: www.nickuc.com - V 10.1.16
[07/08/2023 14:30:59]: 
[07/08/2023 14:31:00]: [nLogin] [DEBUG] All settings were loaded in 284 ms.
[07/08/2023 14:31:00]: [nLogin] [DEBUG] Loading the messages_br.yml message file...
[07/08/2023 14:31:00]: [nLogin] [DEBUG] All plugin messages were loaded in 75 ms (languageByClient=false).
[07/08/2023 14:31:00]: [nLogin] [DEBUG] All proxy settings were loaded in 21 ms.
[07/08/2023 14:31:00]: [nLogin] [DEBUG] Starting logger filter...
[07/08/2023 14:31:00]: [nLogin] [DEBUG] Loading database...
[07/08/2023 14:31:00]: [nLogin] nLogin foi carregado em 1136ms.
[07/08/2023 14:32:07]: [nLogin] [DEBUG] [SQLite] [UPDATE]: "UPDATE `nlogin` SET `realname` = 'iTakinn', `uniqueId` = 18f7bf455c6537419541bde30f073d69,  `premiumId` = null,  `premium` = -1,  `password` = '$SHA512$cd1f9c1c426fbe9a97d0154487e54175576d873dd264df4a9af2f05f0934214836afb864fdd49c836018dd11746c2075640dab42e06f76b793454761f428186f$pwYSJcaOsiFCOCEUnygbNwxs', `address` = '127.0.0.1', `regdate` = 2023-07-08 11:22:12.66, `lastlogin` = 2023-07-08 14:32:07.833, `email` = null, `twitter` = null, `discord` = null, `settings` = '{"settings":[{"value":"Whrbg9u9UbVfbM3HSyD1lC12B7TPBpi/q33EDsWRribfacgufQvIQ0Vt9KH0l6ckE/CmH2FCiPnwUdsWjPNsMXIp9JfZmWI7QqWj5rKja7ctv7qUxkdBACx2raNk1We/K+xVW9SFNoO5HpZW5O29SuyBRvs185qn6GhCfjRrS0AUJAyyPmNqXCx9fEPAVXCdGkr7nHskGjKCM6pGL4i6bH3uwawc+wrLV84JdMNg6OLH4QsUpMEANefAipudilYjOUpzPKxfsyAyqU0+rT9c5h7GpQniLon1EXpvMKlVZ1HzSLTDxzDv7TKelmsn2UbxSulN+qSOxOyU0AVa/eF/YxUFGxIkT0fXTeTV6HJ/9GJs5MeT3OT3zqDdkw5DrnEOaBp2nqtIUyxBYsUAaYjCPF6GxqPCfAtiXIUIuaur756qTy2hFDJPiC2ZpwPuMzaEZ5imxA9Jg6gIat0pzzKvgZHbt4pXDk1uBM1tnMorjAcdTS68B+0dEvktuuaW+6iQbJsymhlonrToNEwBp/8+K4K9z/OzQm2oIaRM8ARKd07DJ6a2fn/EHMal62OgesuisDvtLhVu6+CAp+unFA6U5WpVY71fYU3ebf6kItuZIBROKXEXlAOd1+Jp/H4B5YzsQy+B2itx9y3mTmEhXy7YbAAuhaaxN4c8YdpXU/RSWts=:xwpyPMXD/qfM13QB8il2CNc6vNAZrQeFwFdg/dD+llMzQUqAB9UA/yMDU/k6GEEkO3TC","key":"encrypted"}],"version":0}' WHERE `id` = 1"
[07/08/2023 14:32:07]: [nLogin] O usuário iTakinn se autenticou com sucesso.
[07/08/2023 14:34:24]: [nLogin] [DEBUG] [SQLite] [UPDATE]: "UPDATE `nlogin` SET `realname` = 'iTakinn', `uniqueId` = 18f7bf455c6537419541bde30f073d69,  `premiumId` = null,  `premium` = -1,  `password` = '$SHA512$cd1f9c1c426fbe9a97d0154487e54175576d873dd264df4a9af2f05f0934214836afb864fdd49c836018dd11746c2075640dab42e06f76b793454761f428186f$pwYSJcaOsiFCOCEUnygbNwxs', `address` = '127.0.0.1', `regdate` = 2023-07-08 11:22:12.66, `lastlogin` = 2023-07-08 14:34:24.926, `email` = null, `twitter` = null, `discord` = null, `settings` = '{"settings":[{"value":"Whrbg9u9UbVfbM3HSyD1lC12B7TPBpi/q33EDsWRribfacgufQvIQ0Vt9KH0l6ckE/CmH2FCiPnwUdsWjPNsMXIp9JfZmWI7QqWj5rKja7ctv7qUxkdBACx2raNk1We/K+xVW9SFNoO5HpZW5O29SuyBRvs185qn6GhCfjRrS0AUJAyyPmNqXCx9fEPAVXCdGkr7nHskGjKCM6pGL4i6bH3uwawc+wrLV84JdMNg6OLH4QsUpMEANefAipudilYjOUpzPKxfsyAyqU0+rT9c5h7GpQniLon1EXpvMKlVZ1HzSLTDxzDv7TKelmsn2UbxSulN+qSOxOyU0AVa/eF/YxUFGxIkT0fXTeTV6HJ/9GJs5MeT3OT3zqDdkw5DrnEOaBp2nqtIUyxBYsUAaYjCPF6GxqPCfAtiXIUIuaur756qTy2hFDJPiC2ZpwPuMzaEZ5imxA9Jg6gIat0pzzKvgZHbt4pXDk1uBM1tnMorjAcdTS68B+0dEvktuuaW+6iQbJsymhlonrToNEwBp/8+K4K9z/OzQm2oIaRM8ARKd07DJ6a2fn/EHMal62OgesuisDvtLhVu6+CAp+unFA6U5WpVY71fYU3ebf6kItuZIBROKXEXlAOd1+Jp/H4B5YzsQy+B2itx9y3mTmEhXy7YbAAuhaaxN4c8YdpXU/RSWts=:xwpyPMXD/qfM13QB8il2CNc6vNAZrQeFwFdg/dD+llMzQUqAB9UA/yMDU/k6GEEkO3TC","key":"encrypted"}],"version":0}' WHERE `id` = 1"
[07/08/2023 14:34:24]: [nLogin] O usuário iTakinn se autenticou com sucesso.
[07/08/2023 14:39:51]: [nLogin] [DEBUG] [SQLite] [UPDATE]: "UPDATE `nlogin` SET `realname` = 'iTakinn', `uniqueId` = 18f7bf455c6537419541bde30f073d69,  `premiumId` = null,  `premium` = -1,  `password` = '$SHA512$cd1f9c1c426fbe9a97d0154487e54175576d873dd264df4a9af2f05f0934214836afb864fdd49c836018dd11746c2075640dab42e06f76b793454761f428186f$pwYSJcaOsiFCOCEUnygbNwxs', `address` = '127.0.0.1', `regdate` = 2023-07-08 11:22:12.66, `lastlogin` = 2023-07-08 14:39:51.862, `email` = null, `twitter` = null, `discord` = null, `settings` = '{"settings":[{"value":"Whrbg9u9UbVfbM3HSyD1lC12B7TPBpi/q33EDsWRribfacgufQvIQ0Vt9KH0l6ckE/CmH2FCiPnwUdsWjPNsMXIp9JfZmWI7QqWj5rKja7ctv7qUxkdBACx2raNk1We/K+xVW9SFNoO5HpZW5O29SuyBRvs185qn6GhCfjRrS0AUJAyyPmNqXCx9fEPAVXCdGkr7nHskGjKCM6pGL4i6bH3uwawc+wrLV84JdMNg6OLH4QsUpMEANefAipudilYjOUpzPKxfsyAyqU0+rT9c5h7GpQniLon1EXpvMKlVZ1HzSLTDxzDv7TKelmsn2UbxSulN+qSOxOyU0AVa/eF/YxUFGxIkT0fXTeTV6HJ/9GJs5MeT3OT3zqDdkw5DrnEOaBp2nqtIUyxBYsUAaYjCPF6GxqPCfAtiXIUIuaur756qTy2hFDJPiC2ZpwPuMzaEZ5imxA9Jg6gIat0pzzKvgZHbt4pXDk1uBM1tnMorjAcdTS68B+0dEvktuuaW+6iQbJsymhlonrToNEwBp/8+K4K9z/OzQm2oIaRM8ARKd07DJ6a2fn/EHMal62OgesuisDvtLhVu6+CAp+unFA6U5WpVY71fYU3ebf6kItuZIBROKXEXlAOd1+Jp/H4B5YzsQy+B2itx9y3mTmEhXy7YbAAuhaaxN4c8YdpXU/RSWts=:xwpyPMXD/qfM13QB8il2CNc6vNAZrQeFwFdg/dD+llMzQUqAB9UA/yMDU/k6GEEkO3TC","key":"encrypted"}],"version":0}' WHERE `id` = 1"
[07/08/2023 14:39:51]: [nLogin] O usuário iTakinn se autenticou com sucesso.
