[05/14/2023 21:41:22]:           __             _       
[05/14/2023 21:41:22]:   _ __   / /  ___   __ _(_)_ __  
[05/14/2023 21:41:22]:  | '_ \ / /  / _ \ / _` | | '_ \ 
[05/14/2023 21:41:22]:  | | | / /__| (_) | (_| | | | | |
[05/14/2023 21:41:22]:  |_| |_\____/\___/ \__, |_|_| |_|
[05/14/2023 21:41:22]:                   |___/            
[05/14/2023 21:41:22]:  By: www.nickuc.com - V 10.1.14
[05/14/2023 21:41:22]: 
[05/14/2023 21:41:22]: §3[nLogin] [DEBUG] Detecting hardware and software configurations...
[05/14/2023 21:41:22]: §3[nLogin] [DEBUG] All settings were loaded in 178 ms.
[05/14/2023 21:41:22]: §3[nLogin] [DEBUG] Loading the messages_en.yml message file...
[05/14/2023 21:41:22]: §3[nLogin] [DEBUG] All plugin messages were loaded in 74 ms (languageByClient=false).
[05/14/2023 21:41:22]: §3[nLogin] [DEBUG] All proxy settings were loaded in 3 ms.
[05/14/2023 21:41:22]: §3[nLogin] [DEBUG] Starting logger filter...
[05/14/2023 21:41:22]: §3[nLogin] [DEBUG] Loading database...
[05/14/2023 21:41:23]: [nLogin] nLogin was loaded in 1473ms.
[05/14/2023 21:58:50]: [nLogin] Successful plugin core shutdown (took 0.00s)
[05/14/2023 21:58:50]: [nLogin] 
[05/14/2023 21:58:50]: [nLogin] Shutting down nLogin V 10.1.14...
[05/14/2023 21:58:50]: [nLogin] 
[05/14/2023 21:58:50]: [nLogin] nLogin was unloaded in 5ms.
