[19:27:00] [ServerMain/INFO]: Building unoptimized datafixer
[19:27:03] [ServerMain/INFO]: Environment: authHost='https://authserver.mojang.com', accountsHost='https://api.mojang.com', sessionHost='https://sessionserver.mojang.com', servicesHost='https://api.minecraftservices.com', name='PROD'
[19:27:08] [ServerMain/INFO]: Loaded 7 recipes
[19:27:11] [Server thread/INFO]: Starting minecraft server version 1.19.3
[19:27:11] [Server thread/INFO]: Loading properties
[19:27:11] [Server thread/INFO]: This server is running Purpur version git-Purpur-1933 (MC: 1.19.3) (Implementing API version 1.19.3-R0.1-SNAPSHOT) (Git: 72b7579 on HEAD)
[19:27:11] [Server thread/INFO]: Using 4 threads for Netty based IO
[19:27:11] [Server thread/INFO]: Server Ping Player Sample Count: 12
[19:27:11] [Server thread/INFO]: [ChunkTaskScheduler] Chunk system is using 1 I/O threads, 6 worker threads, and gen parallelism of 6 threads
[19:27:12] [Server thread/WARN]: [Pufferfish] SIMD operations are available for your server, but are not configured!
[19:27:12] [Server thread/WARN]: [Pufferfish] To enable additional optimizations, add "--add-modules=jdk.incubator.vector" to your startup flags, BEFORE the "-jar".
[19:27:12] [Server thread/WARN]: [Pufferfish] If you have already added this flag, then SIMD operations are not supported on your JVM or CPU.
[19:27:12] [Server thread/WARN]: [Pufferfish] Debug: Java: 17.0.7, test run: true
[19:27:12] [Server thread/INFO]: Default game type: SURVIVAL
[19:27:12] [Server thread/INFO]: Generating keypair
[19:27:12] [Server thread/INFO]: Starting Minecraft server on *:25566
[19:27:12] [Server thread/INFO]: Using default channel type
[19:27:12] [Server thread/INFO]: Paper: Using Java compression from Velocity.
[19:27:12] [Server thread/INFO]: Paper: Using Java cipher from Velocity.
[19:27:14] [Server thread/WARN]: [org.bukkit.craftbukkit.v1_19_R2.legacy.CraftLegacy] Initializing Legacy Material Support. Unless you have legacy plugins and/or data this is a bug!
[19:27:21] [Server thread/WARN]: Legacy plugin VoidWorld v1.0 does not specify an api-version.
[19:27:21] [Server thread/INFO]: [ViaVersion] Loading server plugin ViaVersion v4.5.1
[19:27:21] [Server thread/INFO]: [ViaVersion] ViaVersion 4.5.1 is now loaded, injecting!
[19:27:22] [Via-Mappingloader-0/INFO]: [ViaVersion] Loading 1.12 -> 1.13 mappings...
[19:27:22] [Via-Mappingloader-1/INFO]: [ViaVersion] Loading 1.13 -> 1.13.2 mappings...
[19:27:22] [Via-Mappingloader-2/INFO]: [ViaVersion] Loading 1.13.2 -> 1.14 mappings...
[19:27:22] [Via-Mappingloader-3/INFO]: [ViaVersion] Loading 1.14 -> 1.15 mappings...
[19:27:22] [Via-Mappingloader-0/INFO]: [ViaVersion] Loading block connection mappings ...
[19:27:22] [Via-Mappingloader-4/INFO]: [ViaVersion] Loading 1.15 -> 1.16 mappings...
[19:27:22] [Via-Mappingloader-4/INFO]: [ViaVersion] Loading 1.16 -> 1.16.2 mappings...
[19:27:22] [Via-Mappingloader-4/INFO]: [ViaVersion] Loading 1.16.2 -> 1.17 mappings...
[19:27:22] [Via-Mappingloader-4/INFO]: [ViaVersion] Loading 1.17 -> 1.18 mappings...
[19:27:22] [Via-Mappingloader-0/INFO]: [ViaVersion] Loading 1.18 -> 1.19 mappings...
[19:27:23] [Via-Mappingloader-0/INFO]: [ViaVersion] Loading 1.19 -> 1.19.3 mappings...
[19:27:23] [Server thread/INFO]: [LuckPerms] Loading server plugin LuckPerms v5.4.58
[19:27:29] [Server thread/INFO]: [Vault] Loading server plugin Vault v1.7.3-b131
[19:27:29] [Server thread/INFO]: [WorldEdit] Loading server plugin WorldEdit v7.2.13+46576cc
[19:27:31] [Server thread/INFO]: Got request to register class com.sk89q.worldedit.bukkit.BukkitServerInterface with WorldEdit [com.sk89q.worldedit.extension.platform.PlatformManager@5b705eb3]
[19:27:31] [Server thread/INFO]: [PlaceholderAPI] Loading server plugin PlaceholderAPI v2.11.2
[19:27:31] [Server thread/INFO]: [ProtocolLib] Loading server plugin ProtocolLib v5.0.0-SNAPSHOT-b612
[19:27:33] [Server thread/INFO]: [ViaBackwards] Loading server plugin ViaBackwards v4.5.1
[19:27:33] [Server thread/INFO]: [ViaBackwards] Loading translations...
[19:27:33] [Via-Mappingloader-0/INFO]: [ViaBackwards] Loading 1.10 -> 1.9.4 mappings...
[19:27:33] [Via-Mappingloader-0/INFO]: [ViaBackwards] Loading 1.11 -> 1.10 mappings...
[19:27:33] [Via-Mappingloader-0/INFO]: [ViaBackwards] Loading 1.12 -> 1.11 mappings...
[19:27:33] [Via-Mappingloader-0/INFO]: [ViaBackwards] Loading 1.13 -> 1.12 mappings...
[19:27:33] [Via-Mappingloader-4/INFO]: [ViaBackwards] Loading 1.13.2 -> 1.13 mappings...
[19:27:33] [Via-Mappingloader-4/INFO]: [ViaBackwards] Loading 1.14 -> 1.13.2 mappings...
[19:27:34] [Via-Mappingloader-2/INFO]: [ViaBackwards] Loading 1.15 -> 1.14 mappings...
[19:27:34] [Via-Mappingloader-0/INFO]: [ViaBackwards] Loading 1.16 -> 1.15 mappings...
[19:27:34] [Via-Mappingloader-0/INFO]: [ViaBackwards] Loading 1.16.2 -> 1.16 mappings...
[19:27:34] [Via-Mappingloader-0/INFO]: [ViaBackwards] Loading 1.17 -> 1.16.2 mappings...
[19:27:34] [Via-Mappingloader-0/INFO]: [ViaBackwards] Loading 1.18 -> 1.17 mappings...
[19:27:34] [Via-Mappingloader-0/INFO]: [ViaBackwards] Loading 1.19 -> 1.18 mappings...
[19:27:34] [Via-Mappingloader-0/INFO]: [ViaBackwards] Loading 1.19.3 -> 1.19 mappings...
[19:27:34] [Server thread/INFO]: [Multiverse-Core] Loading server plugin Multiverse-Core v4.3.1-b861
[19:27:34] [Server thread/INFO]: [WorldGuard] Loading server plugin WorldGuard v7.0.7+216b061
[19:27:34] [Server thread/INFO]: [spark] Loading server plugin spark v1.10.43
[19:27:34] [Server thread/INFO]: [ServersNPC] Loading server plugin ServersNPC v4.0
[19:27:34] [Server thread/INFO]: [VoidWorld] Loading server plugin VoidWorld v1.0
[19:27:34] [Server thread/INFO]: [UltimateChat] Loading server plugin UltimateChat v1.9.1
[19:27:34] [Server thread/INFO]: [TAB] Loading server plugin TAB v3.2.1
[19:27:34] [Server thread/INFO]: [SkinsRestorer] Loading server plugin SkinsRestorer v14.2.12
[19:27:34] [Server thread/INFO]: [PluginManager] Loading server plugin PluginManager v2.8.1
[19:27:34] [Server thread/INFO]: [nLogin] Loading server plugin nLogin v10.1.16
[19:27:34] [Server thread/INFO]: [MyCommand] Loading server plugin MyCommand v5.7.3
[19:27:34] [Server thread/INFO]: [HolographicDisplays] Loading server plugin HolographicDisplays v3.0.1-SNAPSHOT-b244
[19:27:34] [Server thread/INFO]: [DeluxeHub] Loading server plugin DeluxeHub v3.5.4
[19:27:34] [Server thread/INFO]: [Citizens] Loading server plugin Citizens v2.0.30-SNAPSHOT (build 2809)
[19:27:34] [Server thread/INFO]: [BungeeGuard] Loading server plugin BungeeGuard v1.4.1
[19:27:34] [Server thread/INFO]: Server permissions file permissions.yml is empty, ignoring it
[19:27:34] [Server thread/INFO]: [LuckPerms] Enabling LuckPerms v5.4.58
[19:27:36] [Server thread/INFO]:         __    
[19:27:36] [Server thread/INFO]:   |    |__)   LuckPerms v5.4.58
[19:27:36] [Server thread/INFO]:   |___ |      Running on Bukkit - Purpur
[19:27:36] [Server thread/INFO]: 
[19:27:36] [Server thread/INFO]: [LuckPerms] Loading configuration...
[19:27:36] [Server thread/INFO]: [LuckPerms] Loading storage provider... [H2]
[19:27:37] [Server thread/INFO]: [LuckPerms] Loading internal permission managers...
[19:27:37] [Server thread/INFO]: [LuckPerms] Performing initial data load...
[19:27:38] [Server thread/INFO]: [LuckPerms] Successfully enabled. (took 3249ms)
[19:27:38] [Server thread/INFO]: [Vault] Enabling Vault v1.7.3-b131
[19:27:38] [Server thread/INFO]: [Vault] [Permission] SuperPermissions loaded as backup permission system.
[19:27:38] [Server thread/INFO]: [Vault] Enabled Version 1.7.3-b131
[19:27:38] [Server thread/INFO]: [LuckPerms] Registered Vault permission & chat hook.
[19:27:38] [Server thread/INFO]: [WorldEdit] Enabling WorldEdit v7.2.13+46576cc
[19:27:38] [Server thread/INFO]: Registering commands with com.sk89q.worldedit.bukkit.BukkitServerInterface
[19:27:38] [Server thread/INFO]: WEPIF: Vault detected! Using Vault for permissions
[19:27:38] [Server thread/INFO]: Using com.sk89q.worldedit.bukkit.adapter.impl.v1_19_R2.PaperweightAdapter as the Bukkit adapter
[19:27:40] [Server thread/INFO]: [ProtocolLib] Enabling ProtocolLib v5.0.0-SNAPSHOT-b612
[19:27:40] [Server thread/INFO]: [VoidWorld] Enabling VoidWorld v1.0*
[19:27:40] [Server thread/INFO]: [nLogin] Enabling nLogin v10.1.16
[19:27:41] [Server thread/INFO]: [nLogin] Successful plugin core start (took 1.11s)
[19:27:41] [Server thread/INFO]:           __             _       
[19:27:41] [Server thread/INFO]:   _ __   / /  ___   __ _(_)_ __  
[19:27:41] [Server thread/INFO]:  | '_ \ / /  / _ \ / _` | | '_ \ 
[19:27:41] [Server thread/INFO]:  | | | / /__| (_) | (_| | | | | |
[19:27:41] [Server thread/INFO]:  |_| |_\____/\___/ \__, |_|_| |_|
[19:27:41] [Server thread/INFO]:                   |___/            
[19:27:41] [Server thread/INFO]:  By: www.nickuc.com - V 10.1.16
[19:27:42] [Server thread/INFO]: 
[19:27:42] [Server thread/INFO]: [nLogin] nLogin foi carregado em 579ms.
[19:27:42] [Server thread/WARN]: **** SERVER IS RUNNING IN OFFLINE/INSECURE MODE!
[19:27:42] [Server thread/WARN]: The server will make no attempt to authenticate usernames. Beware.
[19:27:42] [Server thread/WARN]: Whilst this makes it possible to use BungeeCord, unless access to your server is properly restricted, it also opens up the ability for hackers to connect with any username they choose.
[19:27:42] [Server thread/WARN]: Please see http://www.spigotmc.org/wiki/firewall-guide/ for further information.
[19:27:42] [Server thread/WARN]: To change this, set "online-mode" to "true" in the server.properties file.
[19:27:42] [Server thread/INFO]: Preparing level "world"
[19:27:44] [Server thread/INFO]: Preparing start region for dimension minecraft:overworld
[19:27:46] [Server thread/INFO]: Time elapsed: 1740 ms
[19:27:46] [Server thread/INFO]: [ViaVersion] Enabling ViaVersion v4.5.1
[19:27:46] [Server thread/INFO]: [PlaceholderAPI] Enabling PlaceholderAPI v2.11.2
[19:27:49] [Server thread/INFO]: [PlaceholderAPI] Fetching available expansion information...
[19:27:49] [Server thread/INFO]: [ViaBackwards] Enabling ViaBackwards v4.5.1
[19:27:49] [Server thread/INFO]: [Multiverse-Core] Enabling Multiverse-Core v4.3.1-b861
[19:27:49] [Server thread/WARN]: [Multiverse-Core] "Multiverse-Core v4.3.1-b861" has registered a listener for org.bukkit.event.entity.EntityCreatePortalEvent on method "public void com.onarandombox.MultiverseCore.listeners.MVPortalListener.entityPortalCreate(org.bukkit.event.entity.EntityCreatePortalEvent)", but the event is Deprecated. "Server performance will be affected"; please notify the authors [dumptruckman, Rigby, fernferret, lithium3141, main--].
[19:27:49] [Server thread/INFO]: [Multiverse-Core] We are aware of the warning about the deprecated event. There is no alternative that allows us to do what we need to do and performance impact is negligible. It is safe to ignore.
[19:27:49] [Server thread/INFO]: Preparing start region for dimension minecraft:spawn
[19:27:50] [Server thread/INFO]: Time elapsed: 834 ms
[19:27:50] [Server thread/INFO]: Could not set generator for world 'world': Plugin 'Terra' does not exist
[19:27:50] [Server thread/INFO]: [Multiverse-Core] 2 - World(s) loaded.
[19:27:50] [Server thread/WARN]: [Multiverse-Core] Buscript failed to load! The script command will be disabled! If you would like not to see this message, use `/mv conf enablebuscript false` to disable Buscript from loading.
[19:27:50] [Server thread/INFO]: [Multiverse-Core] Version 4.3.1-b861 (API v24) Enabled - By dumptruckman, Rigby, fernferret, lithium3141 and main--
[19:27:50] [Server thread/INFO]: [WorldGuard] Enabling WorldGuard v7.0.7+216b061
[19:27:51] [Server thread/ERROR]: [WorldGuard] Error parsing configuration for world world. 
[19:27:51] [Server thread/ERROR]: Error occurred while enabling WorldGuard v7.0.7+216b061 (Is it up to date?)
org.yaml.snakeyaml.reader.ReaderException: special characters are not allowed
	at org.yaml.snakeyaml.reader.StreamReader.update(StreamReader.java:204) ~[snakeyaml-1.33.jar:?]
	at org.yaml.snakeyaml.reader.StreamReader.ensureEnoughData(StreamReader.java:169) ~[snakeyaml-1.33.jar:?]
	at org.yaml.snakeyaml.reader.StreamReader.ensureEnoughData(StreamReader.java:164) ~[snakeyaml-1.33.jar:?]
	at org.yaml.snakeyaml.reader.StreamReader.peek(StreamReader.java:119) ~[snakeyaml-1.33.jar:?]
	at org.yaml.snakeyaml.scanner.ScannerImpl.scanToNextToken(ScannerImpl.java:1229) ~[snakeyaml-1.33.jar:?]
	at org.yaml.snakeyaml.scanner.ScannerImpl.fetchMoreTokens(ScannerImpl.java:345) ~[snakeyaml-1.33.jar:?]
	at org.yaml.snakeyaml.scanner.ScannerImpl.checkToken(ScannerImpl.java:263) ~[snakeyaml-1.33.jar:?]
	at org.yaml.snakeyaml.parser.ParserImpl$ParseImplicitDocumentStart.produce(ParserImpl.java:235) ~[snakeyaml-1.33.jar:?]
	at org.yaml.snakeyaml.parser.ParserImpl.peekEvent(ParserImpl.java:185) ~[snakeyaml-1.33.jar:?]
	at org.yaml.snakeyaml.parser.ParserImpl.checkEvent(ParserImpl.java:175) ~[snakeyaml-1.33.jar:?]
	at org.yaml.snakeyaml.composer.Composer.getSingleNode(Composer.java:159) ~[snakeyaml-1.33.jar:?]
	at org.yaml.snakeyaml.constructor.BaseConstructor.getSingleData(BaseConstructor.java:184) ~[snakeyaml-1.33.jar:?]
	at org.yaml.snakeyaml.Yaml.loadFromReader(Yaml.java:477) ~[snakeyaml-1.33.jar:?]
	at org.yaml.snakeyaml.Yaml.load(Yaml.java:430) ~[snakeyaml-1.33.jar:?]
	at com.sk89q.util.yaml.YAMLProcessor.load(YAMLProcessor.java:126) ~[worldedit-bukkit-7.2.13.jar:?]
	at com.sk89q.worldguard.bukkit.BukkitWorldConfiguration.loadConfiguration(BukkitWorldConfiguration.java:135) ~[worldguard-bukkit-7.0.7-dist.jar:?]
	at com.sk89q.worldguard.bukkit.BukkitWorldConfiguration.<init>(BukkitWorldConfiguration.java:95) ~[worldguard-bukkit-7.0.7-dist.jar:?]
	at com.sk89q.worldguard.bukkit.BukkitConfigurationManager.get(BukkitConfigurationManager.java:106) ~[worldguard-bukkit-7.0.7-dist.jar:?]
	at com.sk89q.worldguard.bukkit.BukkitConfigurationManager.get(BukkitConfigurationManager.java:97) ~[worldguard-bukkit-7.0.7-dist.jar:?]
	at com.sk89q.worldguard.bukkit.BukkitConfigurationManager.postLoad(BukkitConfigurationManager.java:83) ~[worldguard-bukkit-7.0.7-dist.jar:?]
	at com.sk89q.worldguard.config.YamlConfigurationManager.load(YamlConfigurationManager.java:113) ~[worldguard-bukkit-7.0.7-dist.jar:?]
	at com.sk89q.worldguard.bukkit.BukkitConfigurationManager.load(BukkitConfigurationManager.java:58) ~[worldguard-bukkit-7.0.7-dist.jar:?]
	at com.sk89q.worldguard.bukkit.BukkitWorldGuardPlatform.load(BukkitWorldGuardPlatform.java:140) ~[worldguard-bukkit-7.0.7-dist.jar:?]
	at com.sk89q.worldguard.WorldGuard.setup(WorldGuard.java:91) ~[worldguard-bukkit-7.0.7-dist.jar:?]
	at com.sk89q.worldguard.bukkit.WorldGuardPlugin.onEnable(WorldGuardPlugin.java:150) ~[worldguard-bukkit-7.0.7-dist.jar:?]
	at org.bukkit.plugin.java.JavaPlugin.setEnabled(JavaPlugin.java:279) ~[purpur-api-1.19.3-R0.1-SNAPSHOT.jar:?]
	at io.papermc.paper.plugin.manager.PaperPluginInstanceManager.enablePlugin(PaperPluginInstanceManager.java:192) ~[purpur-1.19.3.jar:git-Purpur-1933]
	at io.papermc.paper.plugin.manager.PaperPluginManagerImpl.enablePlugin(PaperPluginManagerImpl.java:104) ~[purpur-1.19.3.jar:git-Purpur-1933]
	at org.bukkit.plugin.SimplePluginManager.enablePlugin(SimplePluginManager.java:507) ~[purpur-api-1.19.3-R0.1-SNAPSHOT.jar:?]
	at org.bukkit.craftbukkit.v1_19_R2.CraftServer.enablePlugin(CraftServer.java:574) ~[purpur-1.19.3.jar:git-Purpur-1933]
	at org.bukkit.craftbukkit.v1_19_R2.CraftServer.enablePlugins(CraftServer.java:485) ~[purpur-1.19.3.jar:git-Purpur-1933]
	at net.minecraft.server.MinecraftServer.loadWorld0(MinecraftServer.java:640) ~[purpur-1.19.3.jar:git-Purpur-1933]
	at net.minecraft.server.MinecraftServer.loadLevel(MinecraftServer.java:439) ~[purpur-1.19.3.jar:git-Purpur-1933]
	at net.minecraft.server.dedicated.DedicatedServer.initServer(DedicatedServer.java:344) ~[purpur-1.19.3.jar:git-Purpur-1933]
	at net.minecraft.server.MinecraftServer.runServer(MinecraftServer.java:1117) ~[purpur-1.19.3.jar:git-Purpur-1933]
	at net.minecraft.server.MinecraftServer.lambda$spin$0(MinecraftServer.java:321) ~[purpur-1.19.3.jar:git-Purpur-1933]
	at java.lang.Thread.run(Thread.java:833) ~[?:?]
[19:27:51] [Server thread/INFO]: [WorldGuard] Disabling WorldGuard v7.0.7+216b061
[19:27:51] [Server thread/INFO]: [WorldGuard] Shutting down executor and cancelling any pending tasks...
[19:27:51] [Server thread/ERROR]: Error occurred (in the plugin loader) while disabling WorldGuard v7.0.7+216b061 (Is it up to date?)
java.lang.NullPointerException: Cannot invoke "com.sk89q.worldguard.bukkit.BukkitRegionContainer.shutdown()" because "this.regionContainer" is null
	at com.sk89q.worldguard.bukkit.BukkitWorldGuardPlatform.unload(BukkitWorldGuardPlatform.java:150) ~[worldguard-bukkit-7.0.7-dist.jar:?]
	at com.sk89q.worldguard.WorldGuard.disable(WorldGuard.java:206) ~[worldguard-bukkit-7.0.7-dist.jar:?]
	at com.sk89q.worldguard.bukkit.WorldGuardPlugin.onDisable(WorldGuardPlugin.java:267) ~[worldguard-bukkit-7.0.7-dist.jar:?]
	at org.bukkit.plugin.java.JavaPlugin.setEnabled(JavaPlugin.java:281) ~[purpur-api-1.19.3-R0.1-SNAPSHOT.jar:?]
	at io.papermc.paper.plugin.manager.PaperPluginInstanceManager.disablePlugin(PaperPluginInstanceManager.java:227) ~[purpur-1.19.3.jar:git-Purpur-1933]
	at io.papermc.paper.plugin.manager.PaperPluginManagerImpl.disablePlugin(PaperPluginManagerImpl.java:109) ~[purpur-1.19.3.jar:git-Purpur-1933]
	at org.bukkit.plugin.SimplePluginManager.disablePlugin(SimplePluginManager.java:537) ~[purpur-api-1.19.3-R0.1-SNAPSHOT.jar:?]
	at io.papermc.paper.plugin.manager.PaperPluginInstanceManager.enablePlugin(PaperPluginInstanceManager.java:196) ~[purpur-1.19.3.jar:git-Purpur-1933]
	at io.papermc.paper.plugin.manager.PaperPluginManagerImpl.enablePlugin(PaperPluginManagerImpl.java:104) ~[purpur-1.19.3.jar:git-Purpur-1933]
	at org.bukkit.plugin.SimplePluginManager.enablePlugin(SimplePluginManager.java:507) ~[purpur-api-1.19.3-R0.1-SNAPSHOT.jar:?]
	at org.bukkit.craftbukkit.v1_19_R2.CraftServer.enablePlugin(CraftServer.java:574) ~[purpur-1.19.3.jar:git-Purpur-1933]
	at org.bukkit.craftbukkit.v1_19_R2.CraftServer.enablePlugins(CraftServer.java:485) ~[purpur-1.19.3.jar:git-Purpur-1933]
	at net.minecraft.server.MinecraftServer.loadWorld0(MinecraftServer.java:640) ~[purpur-1.19.3.jar:git-Purpur-1933]
	at net.minecraft.server.MinecraftServer.loadLevel(MinecraftServer.java:439) ~[purpur-1.19.3.jar:git-Purpur-1933]
	at net.minecraft.server.dedicated.DedicatedServer.initServer(DedicatedServer.java:344) ~[purpur-1.19.3.jar:git-Purpur-1933]
	at net.minecraft.server.MinecraftServer.runServer(MinecraftServer.java:1117) ~[purpur-1.19.3.jar:git-Purpur-1933]
	at net.minecraft.server.MinecraftServer.lambda$spin$0(MinecraftServer.java:321) ~[purpur-1.19.3.jar:git-Purpur-1933]
	at java.lang.Thread.run(Thread.java:833) ~[?:?]
[19:27:51] [Server thread/INFO]: [spark] Enabling spark v1.10.43
[19:27:52] [Server thread/INFO]: [spark] Using Paper ServerTickStartEvent for tick monitoring
[19:27:52] [Server thread/INFO]: [spark] Starting background profiler...
[19:27:52] [Server thread/INFO]: [spark] The async-profiler engine is not supported for your os/arch (windows11/amd64), so the built-in Java engine will be used instead.
[19:27:52] [Server thread/INFO]: [PlaceholderAPI] Successfully registered expansion: spark [1.10.43]
[19:27:52] [Server thread/INFO]: [spark] Registered PlaceholderAPI placeholders
[19:27:52] [Server thread/INFO]: [ServersNPC] Enabling ServersNPC v4.0
[19:27:52] [Server thread/WARN]: [io.github.znetworkw.znpcservers.cache.TypeCache$BaseCache] No cache found for: [net.minecraft.world.entity.monster.warden.EntityWarden]
[19:27:52] [Server thread/WARN]: [io.github.znetworkw.znpcservers.cache.TypeCache$BaseCache] No cache found for: [net.minecraft.world.entity.monster.warden.EntityWarden] : []
[19:27:52] [Server thread/WARN]: [io.github.znetworkw.znpcservers.cache.TypeCache$BaseCache] Skipping cache for [net.minecraft.world.entity.monster.warden.EntityWarden]
[19:27:53] [Server thread/INFO]: [UltimateChat] Enabling UltimateChat v1.9.1
[19:27:53] [Server thread/INFO]: [UltimateChat] All configurations loaded!
[19:27:53] [Server thread/INFO]: [UltimateChat] Language file loaded - Using: PT-BR
[19:27:53] [Server thread/INFO]: [UltimateChat] Vault found Economy, but for some reason cant be used.
[19:27:53] [Server thread/INFO]: [UltimateChat] Vault chat found. Hooked.
[19:27:53] [Server thread/INFO]: [UltimateChat] Vault perms found. Hooked.
[19:27:53] [Server thread/INFO]: [UltimateChat] ProtocolLib found. Hooked.
[19:27:53] [Server thread/INFO]: [PlaceholderAPI] Successfully registered expansion: uchat [1.9.1]
[19:27:53] [Server thread/INFO]: [UltimateChat] PlaceHolderAPI found. Hooked and registered some chat placeholders with relational tag feature.
[19:27:53] [Server thread/INFO]: [UltimateChat] Init API module...
[19:27:53] [Server thread/INFO]: [UltimateChat] Server Version: 1.19.3-R0.1-SNAPSHOT
[19:27:53] [Server thread/INFO]: 
[19:27:53] [Server thread/INFO]:   _    _ _ _   _                 _        _____ _           _  
[19:27:53] [Server thread/INFO]:  | |  | | | | (_)               | |      / ____| |         | |  
[19:27:53] [Server thread/INFO]:  | |  | | | |_ _ _ __ ___   __ _| |_ ___| |    | |__   __ _| |_ 
[19:27:53] [Server thread/INFO]:  | |  | | | __| | '_ ` _ \ / _` | __/ _ \ |    | '_ \ / _` | __|
[19:27:53] [Server thread/INFO]:  | |__| | | |_| | | | | | | (_| | ||  __/ |____| | | | (_| | |_ 
[19:27:53] [Server thread/INFO]:   \____/|_|\__|_|_| |_| |_|\__,_|\__\___|\_____|_| |_|\__,_|\__|
[19:27:53] [Server thread/INFO]:                                                                 
[19:27:53] [Server thread/INFO]: UltimateChat v1.9.1 enabled!
[19:27:53] [Server thread/INFO]: [UltimateChat] Metrics enabled! See our stats here: https://bstats.org/plugin/bukkit/UltimateChat
[19:27:53] [Server thread/INFO]: [TAB] Enabling TAB v3.2.1
[19:27:53] [Server thread/INFO]: [TAB] Server version: 1.19.3 (v1_19_R2)
[19:27:53] [Server thread/INFO]: [TAB] Loaded NMS hook in 110ms
[19:27:53] [Server thread/INFO]: [TAB] Enabled in 201ms
[19:27:53] [Server thread/INFO]: [SkinsRestorer] Enabling SkinsRestorer v14.2.12
[19:27:53] [Server thread/INFO]: [33;1m[[32;22mSkinsRestorer[33;1m] [0;39m[32;1mDetected Minecraft [33;1mv1_19_R2[32;1m, using [33;1mMappingSpigotSkinRefresher[32;1m.[0;39m
[19:27:53] [Server thread/INFO]: [33;1m[[32;22mSkinsRestorer[33;1m] [0;39m-------------------------/Warning\-------------------------[0;39m
[19:27:53] [Server thread/INFO]: [33;1m[[32;22mSkinsRestorer[33;1m] [0;39mThis plugin is running in PROXY mode![0;39m
[19:27:53] [Server thread/INFO]: [33;1m[[32;22mSkinsRestorer[33;1m] [0;39mYou have to do all configuration at config file[0;39m
[19:27:53] [Server thread/INFO]: [33;1m[[32;22mSkinsRestorer[33;1m] [0;39minside your BungeeCord/Velocity server.[0;39m
[19:27:53] [Server thread/INFO]: [33;1m[[32;22mSkinsRestorer[33;1m] [0;39m(<proxy>/plugins/SkinsRestorer/)[0;39m
[19:27:53] [Server thread/INFO]: [33;1m[[32;22mSkinsRestorer[33;1m] [0;39m-------------------------\Warning/-------------------------[0;39m
[19:27:54] [Server thread/INFO]: [PluginManager] Enabling PluginManager v2.8.1
[19:27:54] [Server thread/INFO]: [MyCommand] Enabling MyCommand v5.7.3
[19:27:54] [Server thread/INFO]: *-=-=-=-=-=-=-=-=-* MyCommand v.5.7.3*-=-=-=-=-=-=-=-=-=-*
[19:27:54] [Server thread/INFO]: | Hooked on Vault 1.7.3-b131
[19:27:54] [Server thread/INFO]: | Command file(s) found : 1
[19:27:54] [Server thread/INFO]: | Config : Ready.
[19:27:54] [Server thread/INFO]: | ProtocolLib found, features availables (SignMenu)
[19:27:54] [Server thread/INFO]: [PlaceholderAPI] Successfully registered expansion: mycommand [1.0.0]
[19:27:54] [Server thread/INFO]: | Placeholder_API : Hooked, Ok.
[19:27:54] [Server thread/INFO]: | Custom commands loaded : 54
[19:27:56] [Server thread/INFO]: | New update available : MyCommand v5.7.4
[19:27:56] [Server thread/INFO]: |          by emmerrei a.k.a. ivanfromitaly.           
[19:27:56] [Server thread/INFO]: *-=-=-=-=-=-=-=-=-=-*   Done!   *-=-=-=-=-=-=-=-=-=-=-*
[19:27:56] [Server thread/INFO]: [HolographicDisplays] Enabling HolographicDisplays v3.0.1-SNAPSHOT-b244
[19:27:56] [Server thread/INFO]: [DeluxeHub] Enabling DeluxeHub v3.5.4
[19:27:56] [Server thread/INFO]: [DeluxeHub]  _   _            _          _    _ 
[19:27:56] [Server thread/INFO]: [DeluxeHub] | \ |_ |  | | \/ |_ |_| | | |_)   _)
[19:27:56] [Server thread/INFO]: [DeluxeHub] |_/ |_ |_ |_| /\ |_ | | |_| |_)   _)
[19:27:56] [Server thread/INFO]: [DeluxeHub] 
[19:27:56] [Server thread/INFO]: [DeluxeHub] Version: 3.5.4
[19:27:56] [Server thread/INFO]: [DeluxeHub] Author: ItsLewizzz
[19:27:56] [Server thread/INFO]: [DeluxeHub] 
[19:27:56] [Server thread/INFO]: [DeluxeHub]  Hooked into PlaceholderAPI
[19:27:56] [Server thread/INFO]: [DeluxeHub] Loaded custom menu 'serverselector'.
[19:27:57] [Server thread/INFO]: [NBTAPI] [NBTAPI] Found Spigot: v1_19_R2! Trying to find NMS support
[19:27:57] [Server thread/INFO]: [NBTAPI] [NBTAPI] NMS support 'MC1_19_R2' loaded!
[19:27:57] [Server thread/INFO]: [NBTAPI] [NBTAPI] Found Gson: class com.google.gson.Gson
[19:27:57] [Server thread/INFO]: [DeluxeHub] Loaded 15 plugin modules.
[19:27:57] [Server thread/INFO]: [DeluxeHub] 
[19:27:57] [Server thread/INFO]: [DeluxeHub] Successfully loaded in 365ms
[19:27:57] [Server thread/INFO]: [Citizens] Enabling Citizens v2.0.30-SNAPSHOT (build 2809)
[19:27:57] [Server thread/INFO]: [Citizens] Loading external libraries
[19:27:57] [Server thread/INFO]: [PlaceholderAPI] Successfully registered expansion: citizensplaceholder [1.0.0]
[19:27:57] [Server thread/INFO]: [Citizens] Loaded economy handling via Vault.
[19:27:58] [Server thread/INFO]: [BungeeGuard] Enabling BungeeGuard v1.4.1
[19:27:58] [Server thread/INFO]: [BungeeGuard] Using Paper's PlayerHandshakeEvent to listen for connections.
[19:27:58] [Server thread/INFO]: [PlaceholderAPI] Placeholder expansion registration initializing...
[19:27:58] [Server thread/INFO]: Running delayed init tasks
[19:27:58] [Server thread/INFO]: [ViaVersion] ViaVersion detected server version: 1.19.3 (761)
[19:27:58] [Craft Scheduler Thread - 14 - Vault/INFO]: [Vault] Checking for Updates ... 
[19:27:59] [Craft Scheduler Thread - 14 - Vault/INFO]: [Vault] No new version available
[19:27:59] [Server thread/INFO]: [Citizens] Loaded 0 NPCs.
[19:27:59] [Server thread/INFO]: [HolographicDisplays] Found a new version available: v3.0.2
[19:27:59] [Server thread/INFO]: [HolographicDisplays] Download it on Bukkit Dev:
[19:27:59] [Server thread/INFO]: [HolographicDisplays] https://dev.bukkit.org/projects/holographic-displays
[19:27:59] [Server thread/INFO]: [ViaVersion] Finished mapping loading, shutting down loader executor!
[19:27:59] [Server thread/INFO]: [PlaceholderAPI] An update for PlaceholderAPI (v2.11.3) is available at:
[19:27:59] [Server thread/INFO]: [PlaceholderAPI] https://www.spigotmc.org/resources/placeholderapi.6245/
[19:27:59] [Server thread/INFO]: Done (48.223s)! For help, type "help"
[19:27:59] [Craft Scheduler Thread - 5 - SkinsRestorer/INFO]: [33;1m[[32;22mSkinsRestorer[33;1m] [0;39m[32;1m----------------------------------------------[0;39m
[19:27:59] [Craft Scheduler Thread - 5 - SkinsRestorer/INFO]: [33;1m[[32;22mSkinsRestorer[33;1m] [0;39m[32;1m    +==================+[0;39m
[19:27:59] [Craft Scheduler Thread - 11 - PluginManager/INFO]: PM | You are using the latest version of PluginManager.
[19:27:59] [Craft Scheduler Thread - 5 - SkinsRestorer/INFO]: [33;1m[[32;22mSkinsRestorer[33;1m] [0;39m[32;1m    |   SkinsRestorer  |[0;39m
[19:27:59] [Craft Scheduler Thread - 5 - SkinsRestorer/INFO]: [33;1m[[32;22mSkinsRestorer[33;1m] [0;39m[32;1m    |------------------|[0;39m
[19:27:59] [Craft Scheduler Thread - 5 - SkinsRestorer/INFO]: [33;1m[[32;22mSkinsRestorer[33;1m] [0;39m[32;1m    |    [33;1mProxy Mode[32;1m    |[0;39m
[19:27:59] [Craft Scheduler Thread - 5 - SkinsRestorer/INFO]: [33;1m[[32;22mSkinsRestorer[33;1m] [0;39m[32;1m    +==================+[0;39m
[19:27:59] [Craft Scheduler Thread - 5 - SkinsRestorer/INFO]: [33;1m[[32;22mSkinsRestorer[33;1m] [0;39m[32;1m----------------------------------------------[0;39m
[19:27:59] [Craft Scheduler Thread - 5 - SkinsRestorer/INFO]: [33;1m[[32;22mSkinsRestorer[33;1m] [0;39m[36;1m    Current version: [32;1m14.2.12[0;39m
[19:27:59] [Craft Scheduler Thread - 5 - SkinsRestorer/INFO]: [33;1m[[32;22mSkinsRestorer[33;1m] [0;39m[32;1m    This is the latest version![0;39m
[19:27:59] [Craft Scheduler Thread - 5 - SkinsRestorer/INFO]: [33;1m[[32;22mSkinsRestorer[33;1m] [0;39m[32;1m----------------------------------------------[0;39m
[19:27:59] [Server thread/WARN]: [ViaVersion] There is a newer plugin version available: 4.7.0, you're on: 4.5.1
[19:28:01] [Server thread/INFO]: [ProtocolLib] The updater found an update: 5.0.0 (Running 5.0.0-SNAPSHOT-b612). Download at https://www.spigotmc.org/resources/protocollib.1997/
[19:28:04] [Server thread/INFO]: [PlaceholderAPI] Successfully registered expansion: bungee [2.2]
[19:28:04] [Server thread/INFO]: [PlaceholderAPI] Successfully registered expansion: luckperms [5.1-R2]
[19:28:04] [Server thread/INFO]: [PlaceholderAPI] Successfully registered expansion: player [2.0.3]
[19:28:04] [Server thread/INFO]: [PlaceholderAPI] Successfully registered expansion: server [2.6.1]
[19:28:04] [Server thread/INFO]: [PlaceholderAPI] Successfully registered expansion: statistic [2.0.1]
[19:28:04] [Server thread/INFO]: [PlaceholderAPI] Successfully registered expansion: vault [1.7.1]
[19:28:04] [Server thread/WARN]: [PlaceholderAPI] Cannot load expansion simpleclans due to a missing plugin: SimpleClans
[19:28:04] [Server thread/INFO]: 6 placeholder hook(s) registered! 4 placeholder hook(s) have an update available.
[19:28:08] [Server thread/INFO]: [MyCommand] found an update for MyCommand. Type /mycommand for more infos.
[19:28:57] [User Authenticator #0/INFO]: UUID of player iTakinn is 18f7bf45-5c65-3741-9541-bde30f073d69
[19:28:58] [Server thread/INFO]: + iTakinn Entrou
[19:28:58] [Server thread/INFO]: iTakinn[/127.0.0.1:54979] logged in with entity id 49 at ([spawn]67.5, 61.0, 413.5)
[19:29:52] [Server thread/INFO]: iTakinn lost connection: Disconnected
[19:29:52] [Server thread/INFO]: - iTakinn Saiu
[19:35:12] [User Authenticator #1/INFO]: UUID of player iTakinn is 18f7bf45-5c65-3741-9541-bde30f073d69
[19:35:12] [Server thread/INFO]: + iTakinn Entrou
[19:35:12] [Server thread/INFO]: iTakinn[/127.0.0.1:55367] logged in with entity id 20823 at ([spawn]67.5, 61.0, 413.5)
[19:53:13] [Server thread/INFO]: iTakinn issued server command: /survival
[19:53:14] [Server thread/INFO]: iTakinn lost connection: Disconnected
[19:53:14] [Server thread/INFO]: - iTakinn Saiu
[19:55:54] [User Authenticator #2/INFO]: UUID of player iTakinn is 18f7bf45-5c65-3741-9541-bde30f073d69
[19:55:54] [Server thread/INFO]: + iTakinn Entrou
[19:55:54] [Server thread/INFO]: iTakinn[/127.0.0.1:56238] logged in with entity id 393005 at ([spawn]67.5, 61.0, 413.5)
[19:59:06] [Server thread/INFO]: iTakinn issued server command: /survival
[19:59:40] [Server thread/INFO]: iTakinn issued server command: /survival
[20:03:19] [Server thread/INFO]: [L] §EO iTakinn: a
[20:03:20] [Server thread/INFO]: [L] §EO iTakinn: a
[20:03:34] [Server thread/INFO]: iTakinn issued server command: /playsound minecraft:entity.dragon_fireball.explode ambient @a
[20:03:34] [Server thread/INFO]: [iTakinn: Played sound minecraft:entity.dragon_fireball.explode to iTakinn]
[20:03:36] [Server thread/INFO]: iTakinn issued server command: /playsound minecraft:entity.dragon_fireball.explode ambient @a
[20:03:36] [Server thread/INFO]: [iTakinn: Played sound minecraft:entity.dragon_fireball.explode to iTakinn]
[20:03:37] [Server thread/INFO]: iTakinn issued server command: /playsound minecraft:entity.dragon_fireball.explode ambient @a
[20:03:37] [Server thread/INFO]: [iTakinn: Played sound minecraft:entity.dragon_fireball.explode to iTakinn]
[20:03:38] [Server thread/INFO]: [L] §EO iTakinn: w
[20:03:41] [Server thread/INFO]: iTakinn issued server command: /playsound minecraft:entity.dragon_fireball.explode ambient @a
[20:03:41] [Server thread/INFO]: [iTakinn: Played sound minecraft:entity.dragon_fireball.explode to iTakinn]
[20:22:25] [Server thread/INFO]: iTakinn issued server command: /survival
[20:22:26] [Server thread/INFO]: iTakinn lost connection: Disconnected
[20:22:26] [Server thread/INFO]: - iTakinn Saiu
[22:53:19] [Server thread/INFO]: Stopping the server
[22:53:19] [Server thread/INFO]: Stopping server
[22:53:19] [Server thread/INFO]: [BungeeGuard] Disabling BungeeGuard v1.4.1
[22:53:19] [Server thread/INFO]: [Citizens] Disabling Citizens v2.0.30-SNAPSHOT (build 2809)
[22:53:19] [Server thread/INFO]: [DeluxeHub] Disabling DeluxeHub v3.5.4
[22:53:19] [Server thread/INFO]: [HolographicDisplays] Disabling HolographicDisplays v3.0.1-SNAPSHOT-b244
[22:53:19] [Server thread/INFO]: [MyCommand] Disabling MyCommand v5.7.3
[22:53:19] [Server thread/INFO]: *-=-=-=-=-=-=-=-=-* MyCommand v.5.7.3*-=-=-=-=-=-=-=-=-=-*
[22:53:19] [Server thread/INFO]: | Tasks : Stopped all tasks.
[22:53:19] [Server thread/INFO]: *-=-=-=-=-=-=-=-=-=-*    Bye!   *-=-=-=-=-=-=-=-=-=-=-*
[22:53:19] [Server thread/INFO]: [nLogin] Disabling nLogin v10.1.16
[22:53:19] [Server thread/INFO]: [nLogin] Successful plugin core shutdown (took 0.01s)
[22:53:19] [Server thread/INFO]: [nLogin] 
[22:53:19] [Server thread/INFO]: [nLogin] Encerrando o nLogin V 10.1.16...
[22:53:19] [Server thread/INFO]: [nLogin] 
[22:53:19] [Server thread/INFO]: [nLogin] nLogin foi encerrado em 1ms.
[22:53:19] [Server thread/INFO]: [PluginManager] Disabling PluginManager v2.8.1
[22:53:19] [Server thread/INFO]: [SkinsRestorer] Disabling SkinsRestorer v14.2.12
[22:53:19] [Server thread/INFO]: [TAB] Disabling TAB v3.2.1
[22:53:19] [Server thread/INFO]: [TAB] Disabled in 21ms
[22:53:19] [Server thread/INFO]: [UltimateChat] Disabling UltimateChat v1.9.1
[22:53:19] [Server thread/INFO]: [UltimateChat] UltimateChat v1.9.1 disabled!
[22:53:19] [Server thread/INFO]: [VoidWorld] Disabling VoidWorld v1.0
[22:53:19] [Server thread/INFO]: [ServersNPC] Disabling ServersNPC v4.0
[22:53:19] [Server thread/INFO]: [spark] Disabling spark v1.10.43
[22:53:19] [Server thread/INFO]: [Multiverse-Core] Disabling Multiverse-Core v4.3.1-b861
[22:53:19] [Server thread/INFO]: [ViaBackwards] Disabling ViaBackwards v4.5.1
[22:53:19] [Server thread/INFO]: [ProtocolLib] Disabling ProtocolLib v5.0.0-SNAPSHOT-b612
[22:53:19] [Server thread/INFO]: [PlaceholderAPI] Disabling PlaceholderAPI v2.11.2
[22:53:19] [Server thread/INFO]: [WorldEdit] Disabling WorldEdit v7.2.13+46576cc
[22:53:19] [Server thread/INFO]: Unregistering com.sk89q.worldedit.bukkit.BukkitServerInterface from WorldEdit
[22:53:19] [Server thread/INFO]: [Vault] Disabling Vault v1.7.3-b131
[22:53:19] [Server thread/INFO]: [LuckPerms] Disabling LuckPerms v5.4.58
[22:53:19] [Server thread/INFO]: [LuckPerms] Starting shutdown process...
[22:53:19] [Server thread/INFO]: [LuckPerms] Closing storage...
[22:53:21] [Server thread/INFO]: [LuckPerms] Goodbye!
[22:53:21] [Server thread/INFO]: [ViaVersion] Disabling ViaVersion v4.5.1
[22:53:21] [Server thread/INFO]: [ViaVersion] ViaVersion is disabling, if this is a reload and you experience issues consider rebooting.
[22:53:21] [Server thread/INFO]: Saving players
[22:53:21] [Server thread/INFO]: Saving worlds
[22:53:21] [Server thread/INFO]: Saving chunks for level 'ServerLevel[world]'/minecraft:overworld
[22:53:21] [Server thread/INFO]: [ChunkHolderManager] Waiting 60s for chunk system to halt for world 'world'
[22:53:21] [Server thread/INFO]: [ChunkHolderManager] Halted chunk system for world 'world'
[22:53:21] [Server thread/INFO]: [ChunkHolderManager] Saving all chunkholders for world 'world'
[22:53:21] [Server thread/INFO]: [ChunkHolderManager] Saved 0 block chunks, 12 entity chunks, 0 poi chunks in world 'world' in 0.03s
[22:53:21] [Server thread/INFO]: ThreadedAnvilChunkStorage (world): All chunks are saved
[22:53:21] [Server thread/INFO]: Saving chunks for level 'ServerLevel[spawn]'/minecraft:spawn
[22:53:21] [Server thread/INFO]: [ChunkHolderManager] Waiting 60s for chunk system to halt for world 'spawn'
[22:53:21] [Server thread/INFO]: [ChunkHolderManager] Halted chunk system for world 'spawn'
[22:53:21] [Server thread/INFO]: [ChunkHolderManager] Saving all chunkholders for world 'spawn'
[22:53:21] [Server thread/INFO]: [ChunkHolderManager] Saved 1 block chunks, 4 entity chunks, 0 poi chunks in world 'spawn' in 0.06s
[22:53:21] [Server thread/INFO]: ThreadedAnvilChunkStorage (spawn): All chunks are saved
[22:53:21] [Server thread/INFO]: ThreadedAnvilChunkStorage: All dimensions are saved
[22:53:21] [Server thread/INFO]: Flushing Chunk IO
[22:53:21] [Server thread/INFO]: Closing Thread Pool
[22:53:21] [Server thread/INFO]: Closing Server
